<?xml version="1.0" encoding="UTF-8"?>
<testsuite name="com.swagger.UserLogInTests" tests="1" skipped="0" failures="0" errors="0" timestamp="2023-03-31T11:57:52" hostname="ykononenko-mbp.local" time="1.962">
  <properties/>
  <testcase name="Log in User with valid credentials" classname="com.swagger.UserLogInTests" time="1.962"/>
  <system-out><![CDATA[Request method:	POST
Request URI:	https://petstore.swagger.io/v2/user
Proxy:			<none>
Request params:	<none>
Query params:	<none>
Form params:	<none>
Path params:	<none>
Headers:		X-Traicing-Id=8cb91cd5-2f62-4b0a-9a44-add9c93d71b5
				X-Traicing-Id=203b8dde-1660-47cb-9bff-affc750f9d26
				X-Traicing-Id=0e69b0b4-694e-4713-9808-bc332969cc70
				Accept=*/*
				Content-Type=application/json
Cookies:		<none>
Multiparts:		<none>
Body:
{
    "id": 62,
    "username": "cherryl.kiehn",
    "firstName": "Jenise",
    "lastName": "Bradtke",
    "email": "fredric.smitham@hotmail.com",
    "password": "h9vgkc1t7a",
    "phone": "824.008.2458",
    "userStatus": 0
}
Request method:	POST
Request URI:	https://petstore.swagger.io/v2/user
Proxy:			<none>
Request params:	<none>
Query params:	<none>
Form params:	<none>
Path params:	<none>
Headers:		X-Traicing-Id=8cb91cd5-2f62-4b0a-9a44-add9c93d71b5
				X-Traicing-Id=203b8dde-1660-47cb-9bff-affc750f9d26
				X-Traicing-Id=0e69b0b4-694e-4713-9808-bc332969cc70
				Accept=*/*
				Content-Type=application/json
Cookies:		<none>
Multiparts:		<none>
Body:
{
    "id": 62,
    "username": "cherryl.kiehn",
    "firstName": "Jenise",
    "lastName": "Bradtke",
    "email": "fredric.smitham@hotmail.com",
    "password": "h9vgkc1t7a",
    "phone": "824.008.2458",
    "userStatus": 0
}
Request method:	POST
Request URI:	https://petstore.swagger.io/v2/user
Proxy:			<none>
Request params:	<none>
Query params:	<none>
Form params:	<none>
Path params:	<none>
Headers:		X-Traicing-Id=8cb91cd5-2f62-4b0a-9a44-add9c93d71b5
				X-Traicing-Id=203b8dde-1660-47cb-9bff-affc750f9d26
				X-Traicing-Id=0e69b0b4-694e-4713-9808-bc332969cc70
				Accept=*/*
				Content-Type=application/json
Cookies:		<none>
Multiparts:		<none>
Body:
{
    "id": 62,
    "username": "cherryl.kiehn",
    "firstName": "Jenise",
    "lastName": "Bradtke",
    "email": "fredric.smitham@hotmail.com",
    "password": "h9vgkc1t7a",
    "phone": "824.008.2458",
    "userStatus": 0
}
Request method:	POST
Request URI:	https://petstore.swagger.io/v2/user
Proxy:			<none>
Request params:	<none>
Query params:	<none>
Form params:	<none>
Path params:	<none>
Headers:		X-Traicing-Id=8cb91cd5-2f62-4b0a-9a44-add9c93d71b5
				X-Traicing-Id=203b8dde-1660-47cb-9bff-affc750f9d26
				X-Traicing-Id=0e69b0b4-694e-4713-9808-bc332969cc70
				Accept=*/*
				Content-Type=application/json
Cookies:		<none>
Multiparts:		<none>
Body:
{
    "id": 62,
    "username": "cherryl.kiehn",
    "firstName": "Jenise",
    "lastName": "Bradtke",
    "email": "fredric.smitham@hotmail.com",
    "password": "h9vgkc1t7a",
    "phone": "824.008.2458",
    "userStatus": 0
}
Request method:	GET
Request URI:	https://petstore.swagger.io/v2/user/login
Proxy:			<none>
Request params:	<none>
Query params:	<none>
Form params:	<none>
Path params:	<none>
Headers:		X-Traicing-Id=8cb91cd5-2f62-4b0a-9a44-add9c93d71b5
				X-Traicing-Id=203b8dde-1660-47cb-9bff-affc750f9d26
				X-Traicing-Id=0e69b0b4-694e-4713-9808-bc332969cc70
				Authorization=Basic Y2hlcnJ5bC5raWVobjpoOXZna2MxdDdh
				Accept=*/*
				Content-Type=application/json
Cookies:		<none>
Multiparts:		<none>
Body:			<none>
Request method:	GET
Request URI:	https://petstore.swagger.io/v2/user/login
Proxy:			<none>
Request params:	<none>
Query params:	<none>
Form params:	<none>
Path params:	<none>
Headers:		X-Traicing-Id=8cb91cd5-2f62-4b0a-9a44-add9c93d71b5
				X-Traicing-Id=203b8dde-1660-47cb-9bff-affc750f9d26
				X-Traicing-Id=0e69b0b4-694e-4713-9808-bc332969cc70
				Authorization=Basic Y2hlcnJ5bC5raWVobjpoOXZna2MxdDdh
				Accept=*/*
				Content-Type=application/json
Cookies:		<none>
Multiparts:		<none>
Body:			<none>
Request method:	GET
Request URI:	https://petstore.swagger.io/v2/user/login
Proxy:			<none>
Request params:	<none>
Query params:	<none>
Form params:	<none>
Path params:	<none>
Headers:		X-Traicing-Id=8cb91cd5-2f62-4b0a-9a44-add9c93d71b5
				X-Traicing-Id=203b8dde-1660-47cb-9bff-affc750f9d26
				X-Traicing-Id=0e69b0b4-694e-4713-9808-bc332969cc70
				Authorization=Basic Y2hlcnJ5bC5raWVobjpoOXZna2MxdDdh
				Accept=*/*
				Content-Type=application/json
Cookies:		<none>
Multiparts:		<none>
Body:			<none>
Request method:	GET
Request URI:	https://petstore.swagger.io/v2/user/login
Proxy:			<none>
Request params:	<none>
Query params:	<none>
Form params:	<none>
Path params:	<none>
Headers:		X-Traicing-Id=8cb91cd5-2f62-4b0a-9a44-add9c93d71b5
				X-Traicing-Id=203b8dde-1660-47cb-9bff-affc750f9d26
				X-Traicing-Id=0e69b0b4-694e-4713-9808-bc332969cc70
				Authorization=Basic Y2hlcnJ5bC5raWVobjpoOXZna2MxdDdh
				Accept=*/*
				Content-Type=application/json
Cookies:		<none>
Multiparts:		<none>
Body:			<none>
RESPONSE logInUserWithValidCreds: HTTP/1.1 200 OK
Request method:	DELETE
Request URI:	https://petstore.swagger.io/v2/user/cherryl.kiehn
Proxy:			<none>
Request params:	<none>
Query params:	<none>
Form params:	<none>
Path params:	<none>
Headers:		X-Traicing-Id=8cb91cd5-2f62-4b0a-9a44-add9c93d71b5
				X-Traicing-Id=203b8dde-1660-47cb-9bff-affc750f9d26
				X-Traicing-Id=0e69b0b4-694e-4713-9808-bc332969cc70
				Accept=*/*
				Content-Type=application/json
Cookies:		<none>
Multiparts:		<none>
Body:			<none>
Request method:	DELETE
Request URI:	https://petstore.swagger.io/v2/user/cherryl.kiehn
Proxy:			<none>
Request params:	<none>
Query params:	<none>
Form params:	<none>
Path params:	<none>
Headers:		X-Traicing-Id=8cb91cd5-2f62-4b0a-9a44-add9c93d71b5
				X-Traicing-Id=203b8dde-1660-47cb-9bff-affc750f9d26
				X-Traicing-Id=0e69b0b4-694e-4713-9808-bc332969cc70
				Accept=*/*
				Content-Type=application/json
Cookies:		<none>
Multiparts:		<none>
Body:			<none>
Request method:	DELETE
Request URI:	https://petstore.swagger.io/v2/user/cherryl.kiehn
Proxy:			<none>
Request params:	<none>
Query params:	<none>
Form params:	<none>
Path params:	<none>
Headers:		X-Traicing-Id=8cb91cd5-2f62-4b0a-9a44-add9c93d71b5
				X-Traicing-Id=203b8dde-1660-47cb-9bff-affc750f9d26
				X-Traicing-Id=0e69b0b4-694e-4713-9808-bc332969cc70
				Accept=*/*
				Content-Type=application/json
Cookies:		<none>
Multiparts:		<none>
Body:			<none>
Request method:	DELETE
Request URI:	https://petstore.swagger.io/v2/user/cherryl.kiehn
Proxy:			<none>
Request params:	<none>
Query params:	<none>
Form params:	<none>
Path params:	<none>
Headers:		X-Traicing-Id=8cb91cd5-2f62-4b0a-9a44-add9c93d71b5
				X-Traicing-Id=203b8dde-1660-47cb-9bff-affc750f9d26
				X-Traicing-Id=0e69b0b4-694e-4713-9808-bc332969cc70
				Accept=*/*
				Content-Type=application/json
Cookies:		<none>
Multiparts:		<none>
Body:			<none>
RESPONSE deleteUserByUsername: HTTP/1.1 200 OK
]]></system-out>
  <system-err><![CDATA[]]></system-err>
</testsuite>
