<?xml version="1.0" encoding="UTF-8"?>
<testsuite name="com.swagger.UserUpdateTests" tests="1" skipped="0" failures="0" errors="0" timestamp="2023-04-04T14:15:15" hostname="ykononenko-mbp.local" time="3.191">
  <properties/>
  <testcase name="Creation of a new User with required data present" classname="com.swagger.UserUpdateTests" time="3.191"/>
  <system-out><![CDATA[Request method:	POST
Request URI:	https://petstore.swagger.io/v2/user
Proxy:			<none>
Request params:	<none>
Query params:	<none>
Form params:	<none>
Path params:	<none>
Headers:		X-Traicing-Id=b0056154-6d5d-462d-aee9-48a173b24494
				X-Traicing-Id=a54a655f-ce2f-43f7-b585-ae533912d19c
				X-Traicing-Id=04da7d8d-36ed-4fe4-a7f6-b4da4944094e
				X-Traicing-Id=d28351cb-2ed2-4253-9211-8b33c5fd6d29
				X-Traicing-Id=363aac65-86d5-4398-8629-e7b593d411d5
				X-Traicing-Id=13e59fe0-9312-4f40-8c37-2f6bd650c4b1
				Authorization=Basic YWRtaW46YWRtaW4xMjM=
				Accept=*/*
				Content-Type=application/json
Cookies:		<none>
Multiparts:		<none>
Body:
{
    "id": 73184616,
    "username": "spencer.wilderman",
    "firstName": "Ned",
    "lastName": "Bode",
    "email": "sung.thiel@hotmail.com",
    "password": "u231ff3w9",
    "phone": "(886) 791-6844 x4483",
    "userStatus": 0
}
Request method:	POST
Request URI:	https://petstore.swagger.io/v2/user
Proxy:			<none>
Request params:	<none>
Query params:	<none>
Form params:	<none>
Path params:	<none>
Headers:		X-Traicing-Id=b0056154-6d5d-462d-aee9-48a173b24494
				X-Traicing-Id=a54a655f-ce2f-43f7-b585-ae533912d19c
				X-Traicing-Id=04da7d8d-36ed-4fe4-a7f6-b4da4944094e
				X-Traicing-Id=d28351cb-2ed2-4253-9211-8b33c5fd6d29
				X-Traicing-Id=363aac65-86d5-4398-8629-e7b593d411d5
				X-Traicing-Id=13e59fe0-9312-4f40-8c37-2f6bd650c4b1
				Authorization=Basic YWRtaW46YWRtaW4xMjM=
				Accept=*/*
				Content-Type=application/json
Cookies:		<none>
Multiparts:		<none>
Body:
{
    "id": 73184616,
    "username": "spencer.wilderman",
    "firstName": "Ned",
    "lastName": "Bode",
    "email": "sung.thiel@hotmail.com",
    "password": "u231ff3w9",
    "phone": "(886) 791-6844 x4483",
    "userStatus": 0
}
Request method:	POST
Request URI:	https://petstore.swagger.io/v2/user
Proxy:			<none>
Request params:	<none>
Query params:	<none>
Form params:	<none>
Path params:	<none>
Headers:		X-Traicing-Id=b0056154-6d5d-462d-aee9-48a173b24494
				X-Traicing-Id=a54a655f-ce2f-43f7-b585-ae533912d19c
				X-Traicing-Id=04da7d8d-36ed-4fe4-a7f6-b4da4944094e
				X-Traicing-Id=d28351cb-2ed2-4253-9211-8b33c5fd6d29
				X-Traicing-Id=363aac65-86d5-4398-8629-e7b593d411d5
				X-Traicing-Id=13e59fe0-9312-4f40-8c37-2f6bd650c4b1
				Authorization=Basic YWRtaW46YWRtaW4xMjM=
				Accept=*/*
				Content-Type=application/json
Cookies:		<none>
Multiparts:		<none>
Body:
{
    "id": 73184616,
    "username": "spencer.wilderman",
    "firstName": "Ned",
    "lastName": "Bode",
    "email": "sung.thiel@hotmail.com",
    "password": "u231ff3w9",
    "phone": "(886) 791-6844 x4483",
    "userStatus": 0
}
Request method:	POST
Request URI:	https://petstore.swagger.io/v2/user
Proxy:			<none>
Request params:	<none>
Query params:	<none>
Form params:	<none>
Path params:	<none>
Headers:		X-Traicing-Id=b0056154-6d5d-462d-aee9-48a173b24494
				X-Traicing-Id=a54a655f-ce2f-43f7-b585-ae533912d19c
				X-Traicing-Id=04da7d8d-36ed-4fe4-a7f6-b4da4944094e
				X-Traicing-Id=d28351cb-2ed2-4253-9211-8b33c5fd6d29
				X-Traicing-Id=363aac65-86d5-4398-8629-e7b593d411d5
				X-Traicing-Id=13e59fe0-9312-4f40-8c37-2f6bd650c4b1
				Authorization=Basic YWRtaW46YWRtaW4xMjM=
				Accept=*/*
				Content-Type=application/json
Cookies:		<none>
Multiparts:		<none>
Body:
{
    "id": 73184616,
    "username": "spencer.wilderman",
    "firstName": "Ned",
    "lastName": "Bode",
    "email": "sung.thiel@hotmail.com",
    "password": "u231ff3w9",
    "phone": "(886) 791-6844 x4483",
    "userStatus": 0
}
Request method:	POST
Request URI:	https://petstore.swagger.io/v2/user
Proxy:			<none>
Request params:	<none>
Query params:	<none>
Form params:	<none>
Path params:	<none>
Headers:		X-Traicing-Id=b0056154-6d5d-462d-aee9-48a173b24494
				X-Traicing-Id=a54a655f-ce2f-43f7-b585-ae533912d19c
				X-Traicing-Id=04da7d8d-36ed-4fe4-a7f6-b4da4944094e
				X-Traicing-Id=d28351cb-2ed2-4253-9211-8b33c5fd6d29
				X-Traicing-Id=363aac65-86d5-4398-8629-e7b593d411d5
				X-Traicing-Id=13e59fe0-9312-4f40-8c37-2f6bd650c4b1
				Authorization=Basic YWRtaW46YWRtaW4xMjM=
				Accept=*/*
				Content-Type=application/json
Cookies:		<none>
Multiparts:		<none>
Body:
{
    "id": 73184616,
    "username": "spencer.wilderman",
    "firstName": "Ned",
    "lastName": "Bode",
    "email": "sung.thiel@hotmail.com",
    "password": "u231ff3w9",
    "phone": "(886) 791-6844 x4483",
    "userStatus": 0
}
Request method:	POST
Request URI:	https://petstore.swagger.io/v2/user
Proxy:			<none>
Request params:	<none>
Query params:	<none>
Form params:	<none>
Path params:	<none>
Headers:		X-Traicing-Id=b0056154-6d5d-462d-aee9-48a173b24494
				X-Traicing-Id=a54a655f-ce2f-43f7-b585-ae533912d19c
				X-Traicing-Id=04da7d8d-36ed-4fe4-a7f6-b4da4944094e
				X-Traicing-Id=d28351cb-2ed2-4253-9211-8b33c5fd6d29
				X-Traicing-Id=363aac65-86d5-4398-8629-e7b593d411d5
				X-Traicing-Id=13e59fe0-9312-4f40-8c37-2f6bd650c4b1
				Authorization=Basic YWRtaW46YWRtaW4xMjM=
				Accept=*/*
				Content-Type=application/json
Cookies:		<none>
Multiparts:		<none>
Body:
{
    "id": 73184616,
    "username": "spencer.wilderman",
    "firstName": "Ned",
    "lastName": "Bode",
    "email": "sung.thiel@hotmail.com",
    "password": "u231ff3w9",
    "phone": "(886) 791-6844 x4483",
    "userStatus": 0
}
Request method:	POST
Request URI:	https://petstore.swagger.io/v2/user
Proxy:			<none>
Request params:	<none>
Query params:	<none>
Form params:	<none>
Path params:	<none>
Headers:		X-Traicing-Id=b0056154-6d5d-462d-aee9-48a173b24494
				X-Traicing-Id=a54a655f-ce2f-43f7-b585-ae533912d19c
				X-Traicing-Id=04da7d8d-36ed-4fe4-a7f6-b4da4944094e
				X-Traicing-Id=d28351cb-2ed2-4253-9211-8b33c5fd6d29
				X-Traicing-Id=363aac65-86d5-4398-8629-e7b593d411d5
				X-Traicing-Id=13e59fe0-9312-4f40-8c37-2f6bd650c4b1
				Authorization=Basic YWRtaW46YWRtaW4xMjM=
				Accept=*/*
				Content-Type=application/json
Cookies:		<none>
Multiparts:		<none>
Body:
{
    "id": 73184616,
    "username": "spencer.wilderman",
    "firstName": "Ned",
    "lastName": "Bode",
    "email": "sung.thiel@hotmail.com",
    "password": "u231ff3w9",
    "phone": "(886) 791-6844 x4483",
    "userStatus": 0
}
Request method:	GET
Request URI:	https://petstore.swagger.io/v2/user/spencer.wilderman
Proxy:			<none>
Request params:	<none>
Query params:	<none>
Form params:	<none>
Path params:	<none>
Headers:		X-Traicing-Id=b0056154-6d5d-462d-aee9-48a173b24494
				X-Traicing-Id=a54a655f-ce2f-43f7-b585-ae533912d19c
				X-Traicing-Id=04da7d8d-36ed-4fe4-a7f6-b4da4944094e
				X-Traicing-Id=d28351cb-2ed2-4253-9211-8b33c5fd6d29
				X-Traicing-Id=363aac65-86d5-4398-8629-e7b593d411d5
				X-Traicing-Id=13e59fe0-9312-4f40-8c37-2f6bd650c4b1
				Accept=*/*
				Content-Type=application/json
Cookies:		<none>
Multiparts:		<none>
Body:			<none>
Request method:	GET
Request URI:	https://petstore.swagger.io/v2/user/spencer.wilderman
Proxy:			<none>
Request params:	<none>
Query params:	<none>
Form params:	<none>
Path params:	<none>
Headers:		X-Traicing-Id=b0056154-6d5d-462d-aee9-48a173b24494
				X-Traicing-Id=a54a655f-ce2f-43f7-b585-ae533912d19c
				X-Traicing-Id=04da7d8d-36ed-4fe4-a7f6-b4da4944094e
				X-Traicing-Id=d28351cb-2ed2-4253-9211-8b33c5fd6d29
				X-Traicing-Id=363aac65-86d5-4398-8629-e7b593d411d5
				X-Traicing-Id=13e59fe0-9312-4f40-8c37-2f6bd650c4b1
				Accept=*/*
				Content-Type=application/json
Cookies:		<none>
Multiparts:		<none>
Body:			<none>
Request method:	GET
Request URI:	https://petstore.swagger.io/v2/user/spencer.wilderman
Proxy:			<none>
Request params:	<none>
Query params:	<none>
Form params:	<none>
Path params:	<none>
Headers:		X-Traicing-Id=b0056154-6d5d-462d-aee9-48a173b24494
				X-Traicing-Id=a54a655f-ce2f-43f7-b585-ae533912d19c
				X-Traicing-Id=04da7d8d-36ed-4fe4-a7f6-b4da4944094e
				X-Traicing-Id=d28351cb-2ed2-4253-9211-8b33c5fd6d29
				X-Traicing-Id=363aac65-86d5-4398-8629-e7b593d411d5
				X-Traicing-Id=13e59fe0-9312-4f40-8c37-2f6bd650c4b1
				Accept=*/*
				Content-Type=application/json
Cookies:		<none>
Multiparts:		<none>
Body:			<none>
Request method:	GET
Request URI:	https://petstore.swagger.io/v2/user/spencer.wilderman
Proxy:			<none>
Request params:	<none>
Query params:	<none>
Form params:	<none>
Path params:	<none>
Headers:		X-Traicing-Id=b0056154-6d5d-462d-aee9-48a173b24494
				X-Traicing-Id=a54a655f-ce2f-43f7-b585-ae533912d19c
				X-Traicing-Id=04da7d8d-36ed-4fe4-a7f6-b4da4944094e
				X-Traicing-Id=d28351cb-2ed2-4253-9211-8b33c5fd6d29
				X-Traicing-Id=363aac65-86d5-4398-8629-e7b593d411d5
				X-Traicing-Id=13e59fe0-9312-4f40-8c37-2f6bd650c4b1
				Accept=*/*
				Content-Type=application/json
Cookies:		<none>
Multiparts:		<none>
Body:			<none>
Request method:	GET
Request URI:	https://petstore.swagger.io/v2/user/spencer.wilderman
Proxy:			<none>
Request params:	<none>
Query params:	<none>
Form params:	<none>
Path params:	<none>
Headers:		X-Traicing-Id=b0056154-6d5d-462d-aee9-48a173b24494
				X-Traicing-Id=a54a655f-ce2f-43f7-b585-ae533912d19c
				X-Traicing-Id=04da7d8d-36ed-4fe4-a7f6-b4da4944094e
				X-Traicing-Id=d28351cb-2ed2-4253-9211-8b33c5fd6d29
				X-Traicing-Id=363aac65-86d5-4398-8629-e7b593d411d5
				X-Traicing-Id=13e59fe0-9312-4f40-8c37-2f6bd650c4b1
				Accept=*/*
				Content-Type=application/json
Cookies:		<none>
Multiparts:		<none>
Body:			<none>
Request method:	GET
Request URI:	https://petstore.swagger.io/v2/user/spencer.wilderman
Proxy:			<none>
Request params:	<none>
Query params:	<none>
Form params:	<none>
Path params:	<none>
Headers:		X-Traicing-Id=b0056154-6d5d-462d-aee9-48a173b24494
				X-Traicing-Id=a54a655f-ce2f-43f7-b585-ae533912d19c
				X-Traicing-Id=04da7d8d-36ed-4fe4-a7f6-b4da4944094e
				X-Traicing-Id=d28351cb-2ed2-4253-9211-8b33c5fd6d29
				X-Traicing-Id=363aac65-86d5-4398-8629-e7b593d411d5
				X-Traicing-Id=13e59fe0-9312-4f40-8c37-2f6bd650c4b1
				Accept=*/*
				Content-Type=application/json
Cookies:		<none>
Multiparts:		<none>
Body:			<none>
Request method:	GET
Request URI:	https://petstore.swagger.io/v2/user/spencer.wilderman
Proxy:			<none>
Request params:	<none>
Query params:	<none>
Form params:	<none>
Path params:	<none>
Headers:		X-Traicing-Id=b0056154-6d5d-462d-aee9-48a173b24494
				X-Traicing-Id=a54a655f-ce2f-43f7-b585-ae533912d19c
				X-Traicing-Id=04da7d8d-36ed-4fe4-a7f6-b4da4944094e
				X-Traicing-Id=d28351cb-2ed2-4253-9211-8b33c5fd6d29
				X-Traicing-Id=363aac65-86d5-4398-8629-e7b593d411d5
				X-Traicing-Id=13e59fe0-9312-4f40-8c37-2f6bd650c4b1
				Accept=*/*
				Content-Type=application/json
Cookies:		<none>
Multiparts:		<none>
Body:			<none>
Request method:	PUT
Request URI:	https://petstore.swagger.io/v2/user/spencer.wilderman
Proxy:			<none>
Request params:	<none>
Query params:	<none>
Form params:	<none>
Path params:	<none>
Headers:		X-Traicing-Id=b0056154-6d5d-462d-aee9-48a173b24494
				X-Traicing-Id=a54a655f-ce2f-43f7-b585-ae533912d19c
				X-Traicing-Id=04da7d8d-36ed-4fe4-a7f6-b4da4944094e
				X-Traicing-Id=d28351cb-2ed2-4253-9211-8b33c5fd6d29
				X-Traicing-Id=363aac65-86d5-4398-8629-e7b593d411d5
				X-Traicing-Id=13e59fe0-9312-4f40-8c37-2f6bd650c4b1
				Authorization=Basic YWRtaW46YWRtaW4xMjM=
				Accept=*/*
				Content-Type=application/json
Cookies:		<none>
Multiparts:		<none>
Body:
{
    "id": 167,
    "username": "kayla.howell",
    "firstName": "Mauricio",
    "lastName": "Heller",
    "email": "armand.rodriguez@gmail.com",
    "password": "gcdisgy9",
    "phone": "(062) 299-6057 x485",
    "userStatus": 0
}
Request method:	PUT
Request URI:	https://petstore.swagger.io/v2/user/spencer.wilderman
Proxy:			<none>
Request params:	<none>
Query params:	<none>
Form params:	<none>
Path params:	<none>
Headers:		X-Traicing-Id=b0056154-6d5d-462d-aee9-48a173b24494
				X-Traicing-Id=a54a655f-ce2f-43f7-b585-ae533912d19c
				X-Traicing-Id=04da7d8d-36ed-4fe4-a7f6-b4da4944094e
				X-Traicing-Id=d28351cb-2ed2-4253-9211-8b33c5fd6d29
				X-Traicing-Id=363aac65-86d5-4398-8629-e7b593d411d5
				X-Traicing-Id=13e59fe0-9312-4f40-8c37-2f6bd650c4b1
				Authorization=Basic YWRtaW46YWRtaW4xMjM=
				Accept=*/*
				Content-Type=application/json
Cookies:		<none>
Multiparts:		<none>
Body:
{
    "id": 167,
    "username": "kayla.howell",
    "firstName": "Mauricio",
    "lastName": "Heller",
    "email": "armand.rodriguez@gmail.com",
    "password": "gcdisgy9",
    "phone": "(062) 299-6057 x485",
    "userStatus": 0
}
Request method:	PUT
Request URI:	https://petstore.swagger.io/v2/user/spencer.wilderman
Proxy:			<none>
Request params:	<none>
Query params:	<none>
Form params:	<none>
Path params:	<none>
Headers:		X-Traicing-Id=b0056154-6d5d-462d-aee9-48a173b24494
				X-Traicing-Id=a54a655f-ce2f-43f7-b585-ae533912d19c
				X-Traicing-Id=04da7d8d-36ed-4fe4-a7f6-b4da4944094e
				X-Traicing-Id=d28351cb-2ed2-4253-9211-8b33c5fd6d29
				X-Traicing-Id=363aac65-86d5-4398-8629-e7b593d411d5
				X-Traicing-Id=13e59fe0-9312-4f40-8c37-2f6bd650c4b1
				Authorization=Basic YWRtaW46YWRtaW4xMjM=
				Accept=*/*
				Content-Type=application/json
Cookies:		<none>
Multiparts:		<none>
Body:
{
    "id": 167,
    "username": "kayla.howell",
    "firstName": "Mauricio",
    "lastName": "Heller",
    "email": "armand.rodriguez@gmail.com",
    "password": "gcdisgy9",
    "phone": "(062) 299-6057 x485",
    "userStatus": 0
}
Request method:	PUT
Request URI:	https://petstore.swagger.io/v2/user/spencer.wilderman
Proxy:			<none>
Request params:	<none>
Query params:	<none>
Form params:	<none>
Path params:	<none>
Headers:		X-Traicing-Id=b0056154-6d5d-462d-aee9-48a173b24494
				X-Traicing-Id=a54a655f-ce2f-43f7-b585-ae533912d19c
				X-Traicing-Id=04da7d8d-36ed-4fe4-a7f6-b4da4944094e
				X-Traicing-Id=d28351cb-2ed2-4253-9211-8b33c5fd6d29
				X-Traicing-Id=363aac65-86d5-4398-8629-e7b593d411d5
				X-Traicing-Id=13e59fe0-9312-4f40-8c37-2f6bd650c4b1
				Authorization=Basic YWRtaW46YWRtaW4xMjM=
				Accept=*/*
				Content-Type=application/json
Cookies:		<none>
Multiparts:		<none>
Body:
{
    "id": 167,
    "username": "kayla.howell",
    "firstName": "Mauricio",
    "lastName": "Heller",
    "email": "armand.rodriguez@gmail.com",
    "password": "gcdisgy9",
    "phone": "(062) 299-6057 x485",
    "userStatus": 0
}
Request method:	PUT
Request URI:	https://petstore.swagger.io/v2/user/spencer.wilderman
Proxy:			<none>
Request params:	<none>
Query params:	<none>
Form params:	<none>
Path params:	<none>
Headers:		X-Traicing-Id=b0056154-6d5d-462d-aee9-48a173b24494
				X-Traicing-Id=a54a655f-ce2f-43f7-b585-ae533912d19c
				X-Traicing-Id=04da7d8d-36ed-4fe4-a7f6-b4da4944094e
				X-Traicing-Id=d28351cb-2ed2-4253-9211-8b33c5fd6d29
				X-Traicing-Id=363aac65-86d5-4398-8629-e7b593d411d5
				X-Traicing-Id=13e59fe0-9312-4f40-8c37-2f6bd650c4b1
				Authorization=Basic YWRtaW46YWRtaW4xMjM=
				Accept=*/*
				Content-Type=application/json
Cookies:		<none>
Multiparts:		<none>
Body:
{
    "id": 167,
    "username": "kayla.howell",
    "firstName": "Mauricio",
    "lastName": "Heller",
    "email": "armand.rodriguez@gmail.com",
    "password": "gcdisgy9",
    "phone": "(062) 299-6057 x485",
    "userStatus": 0
}
Request method:	PUT
Request URI:	https://petstore.swagger.io/v2/user/spencer.wilderman
Proxy:			<none>
Request params:	<none>
Query params:	<none>
Form params:	<none>
Path params:	<none>
Headers:		X-Traicing-Id=b0056154-6d5d-462d-aee9-48a173b24494
				X-Traicing-Id=a54a655f-ce2f-43f7-b585-ae533912d19c
				X-Traicing-Id=04da7d8d-36ed-4fe4-a7f6-b4da4944094e
				X-Traicing-Id=d28351cb-2ed2-4253-9211-8b33c5fd6d29
				X-Traicing-Id=363aac65-86d5-4398-8629-e7b593d411d5
				X-Traicing-Id=13e59fe0-9312-4f40-8c37-2f6bd650c4b1
				Authorization=Basic YWRtaW46YWRtaW4xMjM=
				Accept=*/*
				Content-Type=application/json
Cookies:		<none>
Multiparts:		<none>
Body:
{
    "id": 167,
    "username": "kayla.howell",
    "firstName": "Mauricio",
    "lastName": "Heller",
    "email": "armand.rodriguez@gmail.com",
    "password": "gcdisgy9",
    "phone": "(062) 299-6057 x485",
    "userStatus": 0
}
Request method:	PUT
Request URI:	https://petstore.swagger.io/v2/user/spencer.wilderman
Proxy:			<none>
Request params:	<none>
Query params:	<none>
Form params:	<none>
Path params:	<none>
Headers:		X-Traicing-Id=b0056154-6d5d-462d-aee9-48a173b24494
				X-Traicing-Id=a54a655f-ce2f-43f7-b585-ae533912d19c
				X-Traicing-Id=04da7d8d-36ed-4fe4-a7f6-b4da4944094e
				X-Traicing-Id=d28351cb-2ed2-4253-9211-8b33c5fd6d29
				X-Traicing-Id=363aac65-86d5-4398-8629-e7b593d411d5
				X-Traicing-Id=13e59fe0-9312-4f40-8c37-2f6bd650c4b1
				Authorization=Basic YWRtaW46YWRtaW4xMjM=
				Accept=*/*
				Content-Type=application/json
Cookies:		<none>
Multiparts:		<none>
Body:
{
    "id": 167,
    "username": "kayla.howell",
    "firstName": "Mauricio",
    "lastName": "Heller",
    "email": "armand.rodriguez@gmail.com",
    "password": "gcdisgy9",
    "phone": "(062) 299-6057 x485",
    "userStatus": 0
}
Request method:	GET
Request URI:	https://petstore.swagger.io/v2/user/kayla.howell
Proxy:			<none>
Request params:	<none>
Query params:	<none>
Form params:	<none>
Path params:	<none>
Headers:		X-Traicing-Id=b0056154-6d5d-462d-aee9-48a173b24494
				X-Traicing-Id=a54a655f-ce2f-43f7-b585-ae533912d19c
				X-Traicing-Id=04da7d8d-36ed-4fe4-a7f6-b4da4944094e
				X-Traicing-Id=d28351cb-2ed2-4253-9211-8b33c5fd6d29
				X-Traicing-Id=363aac65-86d5-4398-8629-e7b593d411d5
				X-Traicing-Id=13e59fe0-9312-4f40-8c37-2f6bd650c4b1
				Accept=*/*
				Content-Type=application/json
Cookies:		<none>
Multiparts:		<none>
Body:			<none>
Request method:	GET
Request URI:	https://petstore.swagger.io/v2/user/kayla.howell
Proxy:			<none>
Request params:	<none>
Query params:	<none>
Form params:	<none>
Path params:	<none>
Headers:		X-Traicing-Id=b0056154-6d5d-462d-aee9-48a173b24494
				X-Traicing-Id=a54a655f-ce2f-43f7-b585-ae533912d19c
				X-Traicing-Id=04da7d8d-36ed-4fe4-a7f6-b4da4944094e
				X-Traicing-Id=d28351cb-2ed2-4253-9211-8b33c5fd6d29
				X-Traicing-Id=363aac65-86d5-4398-8629-e7b593d411d5
				X-Traicing-Id=13e59fe0-9312-4f40-8c37-2f6bd650c4b1
				Accept=*/*
				Content-Type=application/json
Cookies:		<none>
Multiparts:		<none>
Body:			<none>
Request method:	GET
Request URI:	https://petstore.swagger.io/v2/user/kayla.howell
Proxy:			<none>
Request params:	<none>
Query params:	<none>
Form params:	<none>
Path params:	<none>
Headers:		X-Traicing-Id=b0056154-6d5d-462d-aee9-48a173b24494
				X-Traicing-Id=a54a655f-ce2f-43f7-b585-ae533912d19c
				X-Traicing-Id=04da7d8d-36ed-4fe4-a7f6-b4da4944094e
				X-Traicing-Id=d28351cb-2ed2-4253-9211-8b33c5fd6d29
				X-Traicing-Id=363aac65-86d5-4398-8629-e7b593d411d5
				X-Traicing-Id=13e59fe0-9312-4f40-8c37-2f6bd650c4b1
				Accept=*/*
				Content-Type=application/json
Cookies:		<none>
Multiparts:		<none>
Body:			<none>
Request method:	GET
Request URI:	https://petstore.swagger.io/v2/user/kayla.howell
Proxy:			<none>
Request params:	<none>
Query params:	<none>
Form params:	<none>
Path params:	<none>
Headers:		X-Traicing-Id=b0056154-6d5d-462d-aee9-48a173b24494
				X-Traicing-Id=a54a655f-ce2f-43f7-b585-ae533912d19c
				X-Traicing-Id=04da7d8d-36ed-4fe4-a7f6-b4da4944094e
				X-Traicing-Id=d28351cb-2ed2-4253-9211-8b33c5fd6d29
				X-Traicing-Id=363aac65-86d5-4398-8629-e7b593d411d5
				X-Traicing-Id=13e59fe0-9312-4f40-8c37-2f6bd650c4b1
				Accept=*/*
				Content-Type=application/json
Cookies:		<none>
Multiparts:		<none>
Body:			<none>
Request method:	GET
Request URI:	https://petstore.swagger.io/v2/user/kayla.howell
Proxy:			<none>
Request params:	<none>
Query params:	<none>
Form params:	<none>
Path params:	<none>
Headers:		X-Traicing-Id=b0056154-6d5d-462d-aee9-48a173b24494
				X-Traicing-Id=a54a655f-ce2f-43f7-b585-ae533912d19c
				X-Traicing-Id=04da7d8d-36ed-4fe4-a7f6-b4da4944094e
				X-Traicing-Id=d28351cb-2ed2-4253-9211-8b33c5fd6d29
				X-Traicing-Id=363aac65-86d5-4398-8629-e7b593d411d5
				X-Traicing-Id=13e59fe0-9312-4f40-8c37-2f6bd650c4b1
				Accept=*/*
				Content-Type=application/json
Cookies:		<none>
Multiparts:		<none>
Body:			<none>
Request method:	GET
Request URI:	https://petstore.swagger.io/v2/user/kayla.howell
Proxy:			<none>
Request params:	<none>
Query params:	<none>
Form params:	<none>
Path params:	<none>
Headers:		X-Traicing-Id=b0056154-6d5d-462d-aee9-48a173b24494
				X-Traicing-Id=a54a655f-ce2f-43f7-b585-ae533912d19c
				X-Traicing-Id=04da7d8d-36ed-4fe4-a7f6-b4da4944094e
				X-Traicing-Id=d28351cb-2ed2-4253-9211-8b33c5fd6d29
				X-Traicing-Id=363aac65-86d5-4398-8629-e7b593d411d5
				X-Traicing-Id=13e59fe0-9312-4f40-8c37-2f6bd650c4b1
				Accept=*/*
				Content-Type=application/json
Cookies:		<none>
Multiparts:		<none>
Body:			<none>
Request method:	GET
Request URI:	https://petstore.swagger.io/v2/user/kayla.howell
Proxy:			<none>
Request params:	<none>
Query params:	<none>
Form params:	<none>
Path params:	<none>
Headers:		X-Traicing-Id=b0056154-6d5d-462d-aee9-48a173b24494
				X-Traicing-Id=a54a655f-ce2f-43f7-b585-ae533912d19c
				X-Traicing-Id=04da7d8d-36ed-4fe4-a7f6-b4da4944094e
				X-Traicing-Id=d28351cb-2ed2-4253-9211-8b33c5fd6d29
				X-Traicing-Id=363aac65-86d5-4398-8629-e7b593d411d5
				X-Traicing-Id=13e59fe0-9312-4f40-8c37-2f6bd650c4b1
				Accept=*/*
				Content-Type=application/json
Cookies:		<none>
Multiparts:		<none>
Body:			<none>
Request method:	DELETE
Request URI:	https://petstore.swagger.io/v2/user/kayla.howell
Proxy:			<none>
Request params:	<none>
Query params:	<none>
Form params:	<none>
Path params:	<none>
Headers:		X-Traicing-Id=b0056154-6d5d-462d-aee9-48a173b24494
				X-Traicing-Id=a54a655f-ce2f-43f7-b585-ae533912d19c
				X-Traicing-Id=04da7d8d-36ed-4fe4-a7f6-b4da4944094e
				X-Traicing-Id=d28351cb-2ed2-4253-9211-8b33c5fd6d29
				X-Traicing-Id=363aac65-86d5-4398-8629-e7b593d411d5
				X-Traicing-Id=13e59fe0-9312-4f40-8c37-2f6bd650c4b1
				Accept=*/*
				Content-Type=application/json
Cookies:		<none>
Multiparts:		<none>
Body:			<none>
Request method:	DELETE
Request URI:	https://petstore.swagger.io/v2/user/kayla.howell
Proxy:			<none>
Request params:	<none>
Query params:	<none>
Form params:	<none>
Path params:	<none>
Headers:		X-Traicing-Id=b0056154-6d5d-462d-aee9-48a173b24494
				X-Traicing-Id=a54a655f-ce2f-43f7-b585-ae533912d19c
				X-Traicing-Id=04da7d8d-36ed-4fe4-a7f6-b4da4944094e
				X-Traicing-Id=d28351cb-2ed2-4253-9211-8b33c5fd6d29
				X-Traicing-Id=363aac65-86d5-4398-8629-e7b593d411d5
				X-Traicing-Id=13e59fe0-9312-4f40-8c37-2f6bd650c4b1
				Accept=*/*
				Content-Type=application/json
Cookies:		<none>
Multiparts:		<none>
Body:			<none>
Request method:	DELETE
Request URI:	https://petstore.swagger.io/v2/user/kayla.howell
Proxy:			<none>
Request params:	<none>
Query params:	<none>
Form params:	<none>
Path params:	<none>
Headers:		X-Traicing-Id=b0056154-6d5d-462d-aee9-48a173b24494
				X-Traicing-Id=a54a655f-ce2f-43f7-b585-ae533912d19c
				X-Traicing-Id=04da7d8d-36ed-4fe4-a7f6-b4da4944094e
				X-Traicing-Id=d28351cb-2ed2-4253-9211-8b33c5fd6d29
				X-Traicing-Id=363aac65-86d5-4398-8629-e7b593d411d5
				X-Traicing-Id=13e59fe0-9312-4f40-8c37-2f6bd650c4b1
				Accept=*/*
				Content-Type=application/json
Cookies:		<none>
Multiparts:		<none>
Body:			<none>
Request method:	DELETE
Request URI:	https://petstore.swagger.io/v2/user/kayla.howell
Proxy:			<none>
Request params:	<none>
Query params:	<none>
Form params:	<none>
Path params:	<none>
Headers:		X-Traicing-Id=b0056154-6d5d-462d-aee9-48a173b24494
				X-Traicing-Id=a54a655f-ce2f-43f7-b585-ae533912d19c
				X-Traicing-Id=04da7d8d-36ed-4fe4-a7f6-b4da4944094e
				X-Traicing-Id=d28351cb-2ed2-4253-9211-8b33c5fd6d29
				X-Traicing-Id=363aac65-86d5-4398-8629-e7b593d411d5
				X-Traicing-Id=13e59fe0-9312-4f40-8c37-2f6bd650c4b1
				Accept=*/*
				Content-Type=application/json
Cookies:		<none>
Multiparts:		<none>
Body:			<none>
Request method:	DELETE
Request URI:	https://petstore.swagger.io/v2/user/kayla.howell
Proxy:			<none>
Request params:	<none>
Query params:	<none>
Form params:	<none>
Path params:	<none>
Headers:		X-Traicing-Id=b0056154-6d5d-462d-aee9-48a173b24494
				X-Traicing-Id=a54a655f-ce2f-43f7-b585-ae533912d19c
				X-Traicing-Id=04da7d8d-36ed-4fe4-a7f6-b4da4944094e
				X-Traicing-Id=d28351cb-2ed2-4253-9211-8b33c5fd6d29
				X-Traicing-Id=363aac65-86d5-4398-8629-e7b593d411d5
				X-Traicing-Id=13e59fe0-9312-4f40-8c37-2f6bd650c4b1
				Accept=*/*
				Content-Type=application/json
Cookies:		<none>
Multiparts:		<none>
Body:			<none>
Request method:	DELETE
Request URI:	https://petstore.swagger.io/v2/user/kayla.howell
Proxy:			<none>
Request params:	<none>
Query params:	<none>
Form params:	<none>
Path params:	<none>
Headers:		X-Traicing-Id=b0056154-6d5d-462d-aee9-48a173b24494
				X-Traicing-Id=a54a655f-ce2f-43f7-b585-ae533912d19c
				X-Traicing-Id=04da7d8d-36ed-4fe4-a7f6-b4da4944094e
				X-Traicing-Id=d28351cb-2ed2-4253-9211-8b33c5fd6d29
				X-Traicing-Id=363aac65-86d5-4398-8629-e7b593d411d5
				X-Traicing-Id=13e59fe0-9312-4f40-8c37-2f6bd650c4b1
				Accept=*/*
				Content-Type=application/json
Cookies:		<none>
Multiparts:		<none>
Body:			<none>
Request method:	DELETE
Request URI:	https://petstore.swagger.io/v2/user/kayla.howell
Proxy:			<none>
Request params:	<none>
Query params:	<none>
Form params:	<none>
Path params:	<none>
Headers:		X-Traicing-Id=b0056154-6d5d-462d-aee9-48a173b24494
				X-Traicing-Id=a54a655f-ce2f-43f7-b585-ae533912d19c
				X-Traicing-Id=04da7d8d-36ed-4fe4-a7f6-b4da4944094e
				X-Traicing-Id=d28351cb-2ed2-4253-9211-8b33c5fd6d29
				X-Traicing-Id=363aac65-86d5-4398-8629-e7b593d411d5
				X-Traicing-Id=13e59fe0-9312-4f40-8c37-2f6bd650c4b1
				Accept=*/*
				Content-Type=application/json
Cookies:		<none>
Multiparts:		<none>
Body:			<none>
RESPONSE deleteUserByUsername: HTTP/1.1 200 OK
]]></system-out>
  <system-err><![CDATA[]]></system-err>
</testsuite>
