<?xml version="1.0" encoding="UTF-8"?>
<testsuite name="com.swagger.UserLogInTests" tests="4" skipped="0" failures="2" errors="0" timestamp="2023-04-04T14:15:05" hostname="ykononenko-mbp.local" time="5.285">
  <properties/>
  <testcase name="Log in User with valid credentials" classname="com.swagger.UserLogInTests" time="1.982"/>
  <testcase name="Log in User with valid credentials" classname="com.swagger.UserLogInTests" time="0.657"/>
  <testcase name="Log in User with valid userName and not valid Password" classname="com.swagger.UserLogInTests" time="1.336">
    <failure message="org.opentest4j.AssertionFailedError: expected: &lt;406&gt; but was: &lt;200&gt;" type="org.opentest4j.AssertionFailedError">org.opentest4j.AssertionFailedError: expected: &lt;406&gt; but was: &lt;200&gt;
	at app//org.junit.jupiter.api.AssertionFailureBuilder.build(AssertionFailureBuilder.java:151)
	at app//org.junit.jupiter.api.AssertionFailureBuilder.buildAndThrow(AssertionFailureBuilder.java:132)
	at app//org.junit.jupiter.api.AssertEquals.failNotEqual(AssertEquals.java:197)
	at app//org.junit.jupiter.api.AssertEquals.assertEquals(AssertEquals.java:150)
	at app//org.junit.jupiter.api.AssertEquals.assertEquals(AssertEquals.java:145)
	at app//org.junit.jupiter.api.Assertions.assertEquals(Assertions.java:528)
	at app//com.swagger.api.asserts.ResponseAsserts.assertions(ResponseAsserts.java:11)
	at app//com.swagger.api.asserts.ResponseAsserts.notAcceptableAssertion(ResponseAsserts.java:37)
	at app//com.swagger.UserLogInTests.loginUserWithNotValidPassCreds(UserLogInTests.java:82)
	at java.base@15.0.2/jdk.internal.reflect.NativeMethodAccessorImpl.invoke0(Native Method)
	at java.base@15.0.2/jdk.internal.reflect.NativeMethodAccessorImpl.invoke(NativeMethodAccessorImpl.java:64)
	at java.base@15.0.2/jdk.internal.reflect.DelegatingMethodAccessorImpl.invoke(DelegatingMethodAccessorImpl.java:43)
	at java.base@15.0.2/java.lang.reflect.Method.invoke(Method.java:564)
	at app//org.junit.platform.commons.util.ReflectionUtils.invokeMethod(ReflectionUtils.java:727)
	at app//org.junit.jupiter.engine.execution.MethodInvocation.proceed(MethodInvocation.java:60)
	at app//org.junit.jupiter.engine.execution.InvocationInterceptorChain$ValidatingInvocation.proceed(InvocationInterceptorChain.java:131)
	at app//com.epam.reportportal.junit5.ReportPortalExtension.interceptTestMethod(ReportPortalExtension.java:259)
	at app//org.junit.jupiter.engine.execution.InterceptingExecutableInvoker$ReflectiveInterceptorCall.lambda$ofVoidMethod$0(InterceptingExecutableInvoker.java:103)
	at app//org.junit.jupiter.engine.execution.InterceptingExecutableInvoker.lambda$invoke$0(InterceptingExecutableInvoker.java:93)
	at app//org.junit.jupiter.engine.execution.InvocationInterceptorChain$InterceptedInvocation.proceed(InvocationInterceptorChain.java:106)
	at app//org.junit.jupiter.engine.extension.TimeoutExtension.intercept(TimeoutExtension.java:156)
	at app//org.junit.jupiter.engine.extension.TimeoutExtension.interceptTestableMethod(TimeoutExtension.java:147)
	at app//org.junit.jupiter.engine.extension.TimeoutExtension.interceptTestMethod(TimeoutExtension.java:86)
	at app//org.junit.jupiter.engine.execution.InterceptingExecutableInvoker$ReflectiveInterceptorCall.lambda$ofVoidMethod$0(InterceptingExecutableInvoker.java:103)
	at app//org.junit.jupiter.engine.execution.InterceptingExecutableInvoker.lambda$invoke$0(InterceptingExecutableInvoker.java:93)
	at app//org.junit.jupiter.engine.execution.InvocationInterceptorChain$InterceptedInvocation.proceed(InvocationInterceptorChain.java:106)
	at app//org.junit.jupiter.engine.execution.InvocationInterceptorChain.proceed(InvocationInterceptorChain.java:64)
	at app//org.junit.jupiter.engine.execution.InvocationInterceptorChain.chainAndInvoke(InvocationInterceptorChain.java:45)
	at app//org.junit.jupiter.engine.execution.InvocationInterceptorChain.invoke(InvocationInterceptorChain.java:37)
	at app//org.junit.jupiter.engine.execution.InterceptingExecutableInvoker.invoke(InterceptingExecutableInvoker.java:92)
	at app//org.junit.jupiter.engine.execution.InterceptingExecutableInvoker.invoke(InterceptingExecutableInvoker.java:86)
	at app//org.junit.jupiter.engine.descriptor.TestMethodTestDescriptor.lambda$invokeTestMethod$7(TestMethodTestDescriptor.java:217)
	at app//org.junit.platform.engine.support.hierarchical.ThrowableCollector.execute(ThrowableCollector.java:73)
	at app//org.junit.jupiter.engine.descriptor.TestMethodTestDescriptor.invokeTestMethod(TestMethodTestDescriptor.java:213)
	at app//org.junit.jupiter.engine.descriptor.TestMethodTestDescriptor.execute(TestMethodTestDescriptor.java:138)
	at app//org.junit.jupiter.engine.descriptor.TestMethodTestDescriptor.execute(TestMethodTestDescriptor.java:68)
	at app//org.junit.platform.engine.support.hierarchical.NodeTestTask.lambda$executeRecursively$6(NodeTestTask.java:151)
	at app//org.junit.platform.engine.support.hierarchical.ThrowableCollector.execute(ThrowableCollector.java:73)
	at app//org.junit.platform.engine.support.hierarchical.NodeTestTask.lambda$executeRecursively$8(NodeTestTask.java:141)
	at app//org.junit.platform.engine.support.hierarchical.Node.around(Node.java:137)
	at app//org.junit.platform.engine.support.hierarchical.NodeTestTask.lambda$executeRecursively$9(NodeTestTask.java:139)
	at app//org.junit.platform.engine.support.hierarchical.ThrowableCollector.execute(ThrowableCollector.java:73)
	at app//org.junit.platform.engine.support.hierarchical.NodeTestTask.executeRecursively(NodeTestTask.java:138)
	at app//org.junit.platform.engine.support.hierarchical.NodeTestTask.execute(NodeTestTask.java:95)
	at java.base@15.0.2/java.util.ArrayList.forEach(ArrayList.java:1511)
	at app//org.junit.platform.engine.support.hierarchical.SameThreadHierarchicalTestExecutorService.invokeAll(SameThreadHierarchicalTestExecutorService.java:41)
	at app//org.junit.platform.engine.support.hierarchical.NodeTestTask.lambda$executeRecursively$6(NodeTestTask.java:155)
	at app//org.junit.platform.engine.support.hierarchical.ThrowableCollector.execute(ThrowableCollector.java:73)
	at app//org.junit.platform.engine.support.hierarchical.NodeTestTask.lambda$executeRecursively$8(NodeTestTask.java:141)
	at app//org.junit.platform.engine.support.hierarchical.Node.around(Node.java:137)
	at app//org.junit.platform.engine.support.hierarchical.NodeTestTask.lambda$executeRecursively$9(NodeTestTask.java:139)
	at app//org.junit.platform.engine.support.hierarchical.ThrowableCollector.execute(ThrowableCollector.java:73)
	at app//org.junit.platform.engine.support.hierarchical.NodeTestTask.executeRecursively(NodeTestTask.java:138)
	at app//org.junit.platform.engine.support.hierarchical.NodeTestTask.execute(NodeTestTask.java:95)
	at java.base@15.0.2/java.util.ArrayList.forEach(ArrayList.java:1511)
	at app//org.junit.platform.engine.support.hierarchical.SameThreadHierarchicalTestExecutorService.invokeAll(SameThreadHierarchicalTestExecutorService.java:41)
	at app//org.junit.platform.engine.support.hierarchical.NodeTestTask.lambda$executeRecursively$6(NodeTestTask.java:155)
	at app//org.junit.platform.engine.support.hierarchical.ThrowableCollector.execute(ThrowableCollector.java:73)
	at app//org.junit.platform.engine.support.hierarchical.NodeTestTask.lambda$executeRecursively$8(NodeTestTask.java:141)
	at app//org.junit.platform.engine.support.hierarchical.Node.around(Node.java:137)
	at app//org.junit.platform.engine.support.hierarchical.NodeTestTask.lambda$executeRecursively$9(NodeTestTask.java:139)
	at app//org.junit.platform.engine.support.hierarchical.ThrowableCollector.execute(ThrowableCollector.java:73)
	at app//org.junit.platform.engine.support.hierarchical.NodeTestTask.executeRecursively(NodeTestTask.java:138)
	at app//org.junit.platform.engine.support.hierarchical.NodeTestTask.execute(NodeTestTask.java:95)
	at app//org.junit.platform.engine.support.hierarchical.SameThreadHierarchicalTestExecutorService.submit(SameThreadHierarchicalTestExecutorService.java:35)
	at app//org.junit.platform.engine.support.hierarchical.HierarchicalTestExecutor.execute(HierarchicalTestExecutor.java:57)
	at app//org.junit.platform.engine.support.hierarchical.HierarchicalTestEngine.execute(HierarchicalTestEngine.java:54)
	at app//org.junit.platform.launcher.core.EngineExecutionOrchestrator.execute(EngineExecutionOrchestrator.java:107)
	at app//org.junit.platform.launcher.core.EngineExecutionOrchestrator.execute(EngineExecutionOrchestrator.java:88)
	at app//org.junit.platform.launcher.core.EngineExecutionOrchestrator.lambda$execute$0(EngineExecutionOrchestrator.java:54)
	at app//org.junit.platform.launcher.core.EngineExecutionOrchestrator.withInterceptedStreams(EngineExecutionOrchestrator.java:67)
	at app//org.junit.platform.launcher.core.EngineExecutionOrchestrator.execute(EngineExecutionOrchestrator.java:52)
	at app//org.junit.platform.launcher.core.DefaultLauncher.execute(DefaultLauncher.java:114)
	at app//org.junit.platform.launcher.core.DefaultLauncher.execute(DefaultLauncher.java:86)
	at app//org.junit.platform.launcher.core.DefaultLauncherSession$DelegatingLauncher.execute(DefaultLauncherSession.java:86)
	at org.gradle.api.internal.tasks.testing.junitplatform.JUnitPlatformTestClassProcessor$CollectAllTestClassesExecutor.processAllTestClasses(JUnitPlatformTestClassProcessor.java:110)
	at org.gradle.api.internal.tasks.testing.junitplatform.JUnitPlatformTestClassProcessor$CollectAllTestClassesExecutor.access$000(JUnitPlatformTestClassProcessor.java:90)
	at org.gradle.api.internal.tasks.testing.junitplatform.JUnitPlatformTestClassProcessor.stop(JUnitPlatformTestClassProcessor.java:85)
	at org.gradle.api.internal.tasks.testing.SuiteTestClassProcessor.stop(SuiteTestClassProcessor.java:62)
	at java.base@15.0.2/jdk.internal.reflect.NativeMethodAccessorImpl.invoke0(Native Method)
	at java.base@15.0.2/jdk.internal.reflect.NativeMethodAccessorImpl.invoke(NativeMethodAccessorImpl.java:64)
	at java.base@15.0.2/jdk.internal.reflect.DelegatingMethodAccessorImpl.invoke(DelegatingMethodAccessorImpl.java:43)
	at java.base@15.0.2/java.lang.reflect.Method.invoke(Method.java:564)
	at org.gradle.internal.dispatch.ReflectionDispatch.dispatch(ReflectionDispatch.java:36)
	at org.gradle.internal.dispatch.ReflectionDispatch.dispatch(ReflectionDispatch.java:24)
	at org.gradle.internal.dispatch.ContextClassLoaderDispatch.dispatch(ContextClassLoaderDispatch.java:33)
	at org.gradle.internal.dispatch.ProxyDispatchAdapter$DispatchingInvocationHandler.invoke(ProxyDispatchAdapter.java:94)
	at com.sun.proxy.$Proxy2.stop(Unknown Source)
	at org.gradle.api.internal.tasks.testing.worker.TestWorker$3.run(TestWorker.java:193)
	at org.gradle.api.internal.tasks.testing.worker.TestWorker.executeAndMaintainThreadName(TestWorker.java:129)
	at org.gradle.api.internal.tasks.testing.worker.TestWorker.execute(TestWorker.java:100)
	at org.gradle.api.internal.tasks.testing.worker.TestWorker.execute(TestWorker.java:60)
	at org.gradle.process.internal.worker.child.ActionExecutionWorker.execute(ActionExecutionWorker.java:56)
	at org.gradle.process.internal.worker.child.SystemApplicationClassLoaderWorker.call(SystemApplicationClassLoaderWorker.java:113)
	at org.gradle.process.internal.worker.child.SystemApplicationClassLoaderWorker.call(SystemApplicationClassLoaderWorker.java:65)
	at app//worker.org.gradle.process.internal.worker.GradleWorkerMain.run(GradleWorkerMain.java:69)
	at app//worker.org.gradle.process.internal.worker.GradleWorkerMain.main(GradleWorkerMain.java:74)
</failure>
  </testcase>
  <testcase name="Log in User with valid mistyped userName and valid Password" classname="com.swagger.UserLogInTests" time="1.304">
    <failure message="org.opentest4j.AssertionFailedError: expected: &lt;406&gt; but was: &lt;200&gt;" type="org.opentest4j.AssertionFailedError">org.opentest4j.AssertionFailedError: expected: &lt;406&gt; but was: &lt;200&gt;
	at app//org.junit.jupiter.api.AssertionFailureBuilder.build(AssertionFailureBuilder.java:151)
	at app//org.junit.jupiter.api.AssertionFailureBuilder.buildAndThrow(AssertionFailureBuilder.java:132)
	at app//org.junit.jupiter.api.AssertEquals.failNotEqual(AssertEquals.java:197)
	at app//org.junit.jupiter.api.AssertEquals.assertEquals(AssertEquals.java:150)
	at app//org.junit.jupiter.api.AssertEquals.assertEquals(AssertEquals.java:145)
	at app//org.junit.jupiter.api.Assertions.assertEquals(Assertions.java:528)
	at app//com.swagger.api.asserts.ResponseAsserts.assertions(ResponseAsserts.java:11)
	at app//com.swagger.api.asserts.ResponseAsserts.notAcceptableAssertion(ResponseAsserts.java:37)
	at app//com.swagger.UserLogInTests.loginUserWithMistypedUserName(UserLogInTests.java:103)
	at java.base@15.0.2/jdk.internal.reflect.NativeMethodAccessorImpl.invoke0(Native Method)
	at java.base@15.0.2/jdk.internal.reflect.NativeMethodAccessorImpl.invoke(NativeMethodAccessorImpl.java:64)
	at java.base@15.0.2/jdk.internal.reflect.DelegatingMethodAccessorImpl.invoke(DelegatingMethodAccessorImpl.java:43)
	at java.base@15.0.2/java.lang.reflect.Method.invoke(Method.java:564)
	at app//org.junit.platform.commons.util.ReflectionUtils.invokeMethod(ReflectionUtils.java:727)
	at app//org.junit.jupiter.engine.execution.MethodInvocation.proceed(MethodInvocation.java:60)
	at app//org.junit.jupiter.engine.execution.InvocationInterceptorChain$ValidatingInvocation.proceed(InvocationInterceptorChain.java:131)
	at app//com.epam.reportportal.junit5.ReportPortalExtension.interceptTestMethod(ReportPortalExtension.java:259)
	at app//org.junit.jupiter.engine.execution.InterceptingExecutableInvoker$ReflectiveInterceptorCall.lambda$ofVoidMethod$0(InterceptingExecutableInvoker.java:103)
	at app//org.junit.jupiter.engine.execution.InterceptingExecutableInvoker.lambda$invoke$0(InterceptingExecutableInvoker.java:93)
	at app//org.junit.jupiter.engine.execution.InvocationInterceptorChain$InterceptedInvocation.proceed(InvocationInterceptorChain.java:106)
	at app//org.junit.jupiter.engine.extension.TimeoutExtension.intercept(TimeoutExtension.java:156)
	at app//org.junit.jupiter.engine.extension.TimeoutExtension.interceptTestableMethod(TimeoutExtension.java:147)
	at app//org.junit.jupiter.engine.extension.TimeoutExtension.interceptTestMethod(TimeoutExtension.java:86)
	at app//org.junit.jupiter.engine.execution.InterceptingExecutableInvoker$ReflectiveInterceptorCall.lambda$ofVoidMethod$0(InterceptingExecutableInvoker.java:103)
	at app//org.junit.jupiter.engine.execution.InterceptingExecutableInvoker.lambda$invoke$0(InterceptingExecutableInvoker.java:93)
	at app//org.junit.jupiter.engine.execution.InvocationInterceptorChain$InterceptedInvocation.proceed(InvocationInterceptorChain.java:106)
	at app//org.junit.jupiter.engine.execution.InvocationInterceptorChain.proceed(InvocationInterceptorChain.java:64)
	at app//org.junit.jupiter.engine.execution.InvocationInterceptorChain.chainAndInvoke(InvocationInterceptorChain.java:45)
	at app//org.junit.jupiter.engine.execution.InvocationInterceptorChain.invoke(InvocationInterceptorChain.java:37)
	at app//org.junit.jupiter.engine.execution.InterceptingExecutableInvoker.invoke(InterceptingExecutableInvoker.java:92)
	at app//org.junit.jupiter.engine.execution.InterceptingExecutableInvoker.invoke(InterceptingExecutableInvoker.java:86)
	at app//org.junit.jupiter.engine.descriptor.TestMethodTestDescriptor.lambda$invokeTestMethod$7(TestMethodTestDescriptor.java:217)
	at app//org.junit.platform.engine.support.hierarchical.ThrowableCollector.execute(ThrowableCollector.java:73)
	at app//org.junit.jupiter.engine.descriptor.TestMethodTestDescriptor.invokeTestMethod(TestMethodTestDescriptor.java:213)
	at app//org.junit.jupiter.engine.descriptor.TestMethodTestDescriptor.execute(TestMethodTestDescriptor.java:138)
	at app//org.junit.jupiter.engine.descriptor.TestMethodTestDescriptor.execute(TestMethodTestDescriptor.java:68)
	at app//org.junit.platform.engine.support.hierarchical.NodeTestTask.lambda$executeRecursively$6(NodeTestTask.java:151)
	at app//org.junit.platform.engine.support.hierarchical.ThrowableCollector.execute(ThrowableCollector.java:73)
	at app//org.junit.platform.engine.support.hierarchical.NodeTestTask.lambda$executeRecursively$8(NodeTestTask.java:141)
	at app//org.junit.platform.engine.support.hierarchical.Node.around(Node.java:137)
	at app//org.junit.platform.engine.support.hierarchical.NodeTestTask.lambda$executeRecursively$9(NodeTestTask.java:139)
	at app//org.junit.platform.engine.support.hierarchical.ThrowableCollector.execute(ThrowableCollector.java:73)
	at app//org.junit.platform.engine.support.hierarchical.NodeTestTask.executeRecursively(NodeTestTask.java:138)
	at app//org.junit.platform.engine.support.hierarchical.NodeTestTask.execute(NodeTestTask.java:95)
	at java.base@15.0.2/java.util.ArrayList.forEach(ArrayList.java:1511)
	at app//org.junit.platform.engine.support.hierarchical.SameThreadHierarchicalTestExecutorService.invokeAll(SameThreadHierarchicalTestExecutorService.java:41)
	at app//org.junit.platform.engine.support.hierarchical.NodeTestTask.lambda$executeRecursively$6(NodeTestTask.java:155)
	at app//org.junit.platform.engine.support.hierarchical.ThrowableCollector.execute(ThrowableCollector.java:73)
	at app//org.junit.platform.engine.support.hierarchical.NodeTestTask.lambda$executeRecursively$8(NodeTestTask.java:141)
	at app//org.junit.platform.engine.support.hierarchical.Node.around(Node.java:137)
	at app//org.junit.platform.engine.support.hierarchical.NodeTestTask.lambda$executeRecursively$9(NodeTestTask.java:139)
	at app//org.junit.platform.engine.support.hierarchical.ThrowableCollector.execute(ThrowableCollector.java:73)
	at app//org.junit.platform.engine.support.hierarchical.NodeTestTask.executeRecursively(NodeTestTask.java:138)
	at app//org.junit.platform.engine.support.hierarchical.NodeTestTask.execute(NodeTestTask.java:95)
	at java.base@15.0.2/java.util.ArrayList.forEach(ArrayList.java:1511)
	at app//org.junit.platform.engine.support.hierarchical.SameThreadHierarchicalTestExecutorService.invokeAll(SameThreadHierarchicalTestExecutorService.java:41)
	at app//org.junit.platform.engine.support.hierarchical.NodeTestTask.lambda$executeRecursively$6(NodeTestTask.java:155)
	at app//org.junit.platform.engine.support.hierarchical.ThrowableCollector.execute(ThrowableCollector.java:73)
	at app//org.junit.platform.engine.support.hierarchical.NodeTestTask.lambda$executeRecursively$8(NodeTestTask.java:141)
	at app//org.junit.platform.engine.support.hierarchical.Node.around(Node.java:137)
	at app//org.junit.platform.engine.support.hierarchical.NodeTestTask.lambda$executeRecursively$9(NodeTestTask.java:139)
	at app//org.junit.platform.engine.support.hierarchical.ThrowableCollector.execute(ThrowableCollector.java:73)
	at app//org.junit.platform.engine.support.hierarchical.NodeTestTask.executeRecursively(NodeTestTask.java:138)
	at app//org.junit.platform.engine.support.hierarchical.NodeTestTask.execute(NodeTestTask.java:95)
	at app//org.junit.platform.engine.support.hierarchical.SameThreadHierarchicalTestExecutorService.submit(SameThreadHierarchicalTestExecutorService.java:35)
	at app//org.junit.platform.engine.support.hierarchical.HierarchicalTestExecutor.execute(HierarchicalTestExecutor.java:57)
	at app//org.junit.platform.engine.support.hierarchical.HierarchicalTestEngine.execute(HierarchicalTestEngine.java:54)
	at app//org.junit.platform.launcher.core.EngineExecutionOrchestrator.execute(EngineExecutionOrchestrator.java:107)
	at app//org.junit.platform.launcher.core.EngineExecutionOrchestrator.execute(EngineExecutionOrchestrator.java:88)
	at app//org.junit.platform.launcher.core.EngineExecutionOrchestrator.lambda$execute$0(EngineExecutionOrchestrator.java:54)
	at app//org.junit.platform.launcher.core.EngineExecutionOrchestrator.withInterceptedStreams(EngineExecutionOrchestrator.java:67)
	at app//org.junit.platform.launcher.core.EngineExecutionOrchestrator.execute(EngineExecutionOrchestrator.java:52)
	at app//org.junit.platform.launcher.core.DefaultLauncher.execute(DefaultLauncher.java:114)
	at app//org.junit.platform.launcher.core.DefaultLauncher.execute(DefaultLauncher.java:86)
	at app//org.junit.platform.launcher.core.DefaultLauncherSession$DelegatingLauncher.execute(DefaultLauncherSession.java:86)
	at org.gradle.api.internal.tasks.testing.junitplatform.JUnitPlatformTestClassProcessor$CollectAllTestClassesExecutor.processAllTestClasses(JUnitPlatformTestClassProcessor.java:110)
	at org.gradle.api.internal.tasks.testing.junitplatform.JUnitPlatformTestClassProcessor$CollectAllTestClassesExecutor.access$000(JUnitPlatformTestClassProcessor.java:90)
	at org.gradle.api.internal.tasks.testing.junitplatform.JUnitPlatformTestClassProcessor.stop(JUnitPlatformTestClassProcessor.java:85)
	at org.gradle.api.internal.tasks.testing.SuiteTestClassProcessor.stop(SuiteTestClassProcessor.java:62)
	at java.base@15.0.2/jdk.internal.reflect.NativeMethodAccessorImpl.invoke0(Native Method)
	at java.base@15.0.2/jdk.internal.reflect.NativeMethodAccessorImpl.invoke(NativeMethodAccessorImpl.java:64)
	at java.base@15.0.2/jdk.internal.reflect.DelegatingMethodAccessorImpl.invoke(DelegatingMethodAccessorImpl.java:43)
	at java.base@15.0.2/java.lang.reflect.Method.invoke(Method.java:564)
	at org.gradle.internal.dispatch.ReflectionDispatch.dispatch(ReflectionDispatch.java:36)
	at org.gradle.internal.dispatch.ReflectionDispatch.dispatch(ReflectionDispatch.java:24)
	at org.gradle.internal.dispatch.ContextClassLoaderDispatch.dispatch(ContextClassLoaderDispatch.java:33)
	at org.gradle.internal.dispatch.ProxyDispatchAdapter$DispatchingInvocationHandler.invoke(ProxyDispatchAdapter.java:94)
	at com.sun.proxy.$Proxy2.stop(Unknown Source)
	at org.gradle.api.internal.tasks.testing.worker.TestWorker$3.run(TestWorker.java:193)
	at org.gradle.api.internal.tasks.testing.worker.TestWorker.executeAndMaintainThreadName(TestWorker.java:129)
	at org.gradle.api.internal.tasks.testing.worker.TestWorker.execute(TestWorker.java:100)
	at org.gradle.api.internal.tasks.testing.worker.TestWorker.execute(TestWorker.java:60)
	at org.gradle.process.internal.worker.child.ActionExecutionWorker.execute(ActionExecutionWorker.java:56)
	at org.gradle.process.internal.worker.child.SystemApplicationClassLoaderWorker.call(SystemApplicationClassLoaderWorker.java:113)
	at org.gradle.process.internal.worker.child.SystemApplicationClassLoaderWorker.call(SystemApplicationClassLoaderWorker.java:65)
	at app//worker.org.gradle.process.internal.worker.GradleWorkerMain.run(GradleWorkerMain.java:69)
	at app//worker.org.gradle.process.internal.worker.GradleWorkerMain.main(GradleWorkerMain.java:74)
</failure>
  </testcase>
  <system-out><![CDATA[Request method:	POST
Request URI:	https://petstore.swagger.io/v2/user
Proxy:			<none>
Request params:	<none>
Query params:	<none>
Form params:	<none>
Path params:	<none>
Headers:		X-Traicing-Id=b0056154-6d5d-462d-aee9-48a173b24494
				X-Traicing-Id=a54a655f-ce2f-43f7-b585-ae533912d19c
				X-Traicing-Id=04da7d8d-36ed-4fe4-a7f6-b4da4944094e
				Authorization=Basic YWRtaW46YWRtaW4xMjM=
				Accept=*/*
				Content-Type=application/json
Cookies:		<none>
Multiparts:		<none>
Body:
{
    "id": 4655,
    "username": "cameron.wisozk",
    "firstName": "Marine",
    "lastName": "Romaguera",
    "email": "elidia.medhurst@hotmail.com",
    "password": "581qehjhnsvojy",
    "phone": "427-863-3543 x69487",
    "userStatus": 0
}
Request method:	POST
Request URI:	https://petstore.swagger.io/v2/user
Proxy:			<none>
Request params:	<none>
Query params:	<none>
Form params:	<none>
Path params:	<none>
Headers:		X-Traicing-Id=b0056154-6d5d-462d-aee9-48a173b24494
				X-Traicing-Id=a54a655f-ce2f-43f7-b585-ae533912d19c
				X-Traicing-Id=04da7d8d-36ed-4fe4-a7f6-b4da4944094e
				Authorization=Basic YWRtaW46YWRtaW4xMjM=
				Accept=*/*
				Content-Type=application/json
Cookies:		<none>
Multiparts:		<none>
Body:
{
    "id": 4655,
    "username": "cameron.wisozk",
    "firstName": "Marine",
    "lastName": "Romaguera",
    "email": "elidia.medhurst@hotmail.com",
    "password": "581qehjhnsvojy",
    "phone": "427-863-3543 x69487",
    "userStatus": 0
}
Request method:	POST
Request URI:	https://petstore.swagger.io/v2/user
Proxy:			<none>
Request params:	<none>
Query params:	<none>
Form params:	<none>
Path params:	<none>
Headers:		X-Traicing-Id=b0056154-6d5d-462d-aee9-48a173b24494
				X-Traicing-Id=a54a655f-ce2f-43f7-b585-ae533912d19c
				X-Traicing-Id=04da7d8d-36ed-4fe4-a7f6-b4da4944094e
				Authorization=Basic YWRtaW46YWRtaW4xMjM=
				Accept=*/*
				Content-Type=application/json
Cookies:		<none>
Multiparts:		<none>
Body:
{
    "id": 4655,
    "username": "cameron.wisozk",
    "firstName": "Marine",
    "lastName": "Romaguera",
    "email": "elidia.medhurst@hotmail.com",
    "password": "581qehjhnsvojy",
    "phone": "427-863-3543 x69487",
    "userStatus": 0
}
Request method:	POST
Request URI:	https://petstore.swagger.io/v2/user
Proxy:			<none>
Request params:	<none>
Query params:	<none>
Form params:	<none>
Path params:	<none>
Headers:		X-Traicing-Id=b0056154-6d5d-462d-aee9-48a173b24494
				X-Traicing-Id=a54a655f-ce2f-43f7-b585-ae533912d19c
				X-Traicing-Id=04da7d8d-36ed-4fe4-a7f6-b4da4944094e
				Authorization=Basic YWRtaW46YWRtaW4xMjM=
				Accept=*/*
				Content-Type=application/json
Cookies:		<none>
Multiparts:		<none>
Body:
{
    "id": 4655,
    "username": "cameron.wisozk",
    "firstName": "Marine",
    "lastName": "Romaguera",
    "email": "elidia.medhurst@hotmail.com",
    "password": "581qehjhnsvojy",
    "phone": "427-863-3543 x69487",
    "userStatus": 0
}
Request method:	GET
Request URI:	https://petstore.swagger.io/v2/user/login
Proxy:			<none>
Request params:	<none>
Query params:	<none>
Form params:	<none>
Path params:	<none>
Headers:		X-Traicing-Id=b0056154-6d5d-462d-aee9-48a173b24494
				X-Traicing-Id=a54a655f-ce2f-43f7-b585-ae533912d19c
				X-Traicing-Id=04da7d8d-36ed-4fe4-a7f6-b4da4944094e
				Authorization=Basic Y2FtZXJvbi53aXNvems6NTgxcWVoamhuc3Zvank=
				Accept=*/*
				Content-Type=application/json
Cookies:		<none>
Multiparts:		<none>
Body:			<none>
Request method:	GET
Request URI:	https://petstore.swagger.io/v2/user/login
Proxy:			<none>
Request params:	<none>
Query params:	<none>
Form params:	<none>
Path params:	<none>
Headers:		X-Traicing-Id=b0056154-6d5d-462d-aee9-48a173b24494
				X-Traicing-Id=a54a655f-ce2f-43f7-b585-ae533912d19c
				X-Traicing-Id=04da7d8d-36ed-4fe4-a7f6-b4da4944094e
				Authorization=Basic Y2FtZXJvbi53aXNvems6NTgxcWVoamhuc3Zvank=
				Accept=*/*
				Content-Type=application/json
Cookies:		<none>
Multiparts:		<none>
Body:			<none>
Request method:	GET
Request URI:	https://petstore.swagger.io/v2/user/login
Proxy:			<none>
Request params:	<none>
Query params:	<none>
Form params:	<none>
Path params:	<none>
Headers:		X-Traicing-Id=b0056154-6d5d-462d-aee9-48a173b24494
				X-Traicing-Id=a54a655f-ce2f-43f7-b585-ae533912d19c
				X-Traicing-Id=04da7d8d-36ed-4fe4-a7f6-b4da4944094e
				Authorization=Basic Y2FtZXJvbi53aXNvems6NTgxcWVoamhuc3Zvank=
				Accept=*/*
				Content-Type=application/json
Cookies:		<none>
Multiparts:		<none>
Body:			<none>
Request method:	GET
Request URI:	https://petstore.swagger.io/v2/user/login
Proxy:			<none>
Request params:	<none>
Query params:	<none>
Form params:	<none>
Path params:	<none>
Headers:		X-Traicing-Id=b0056154-6d5d-462d-aee9-48a173b24494
				X-Traicing-Id=a54a655f-ce2f-43f7-b585-ae533912d19c
				X-Traicing-Id=04da7d8d-36ed-4fe4-a7f6-b4da4944094e
				Authorization=Basic Y2FtZXJvbi53aXNvems6NTgxcWVoamhuc3Zvank=
				Accept=*/*
				Content-Type=application/json
Cookies:		<none>
Multiparts:		<none>
Body:			<none>
RESPONSE logInUserWithValidCreds: HTTP/1.1 200 OK
Request method:	DELETE
Request URI:	https://petstore.swagger.io/v2/user/cameron.wisozk
Proxy:			<none>
Request params:	<none>
Query params:	<none>
Form params:	<none>
Path params:	<none>
Headers:		X-Traicing-Id=b0056154-6d5d-462d-aee9-48a173b24494
				X-Traicing-Id=a54a655f-ce2f-43f7-b585-ae533912d19c
				X-Traicing-Id=04da7d8d-36ed-4fe4-a7f6-b4da4944094e
				Accept=*/*
				Content-Type=application/json
Cookies:		<none>
Multiparts:		<none>
Body:			<none>
Request method:	DELETE
Request URI:	https://petstore.swagger.io/v2/user/cameron.wisozk
Proxy:			<none>
Request params:	<none>
Query params:	<none>
Form params:	<none>
Path params:	<none>
Headers:		X-Traicing-Id=b0056154-6d5d-462d-aee9-48a173b24494
				X-Traicing-Id=a54a655f-ce2f-43f7-b585-ae533912d19c
				X-Traicing-Id=04da7d8d-36ed-4fe4-a7f6-b4da4944094e
				Accept=*/*
				Content-Type=application/json
Cookies:		<none>
Multiparts:		<none>
Body:			<none>
Request method:	DELETE
Request URI:	https://petstore.swagger.io/v2/user/cameron.wisozk
Proxy:			<none>
Request params:	<none>
Query params:	<none>
Form params:	<none>
Path params:	<none>
Headers:		X-Traicing-Id=b0056154-6d5d-462d-aee9-48a173b24494
				X-Traicing-Id=a54a655f-ce2f-43f7-b585-ae533912d19c
				X-Traicing-Id=04da7d8d-36ed-4fe4-a7f6-b4da4944094e
				Accept=*/*
				Content-Type=application/json
Cookies:		<none>
Multiparts:		<none>
Body:			<none>
Request method:	DELETE
Request URI:	https://petstore.swagger.io/v2/user/cameron.wisozk
Proxy:			<none>
Request params:	<none>
Query params:	<none>
Form params:	<none>
Path params:	<none>
Headers:		X-Traicing-Id=b0056154-6d5d-462d-aee9-48a173b24494
				X-Traicing-Id=a54a655f-ce2f-43f7-b585-ae533912d19c
				X-Traicing-Id=04da7d8d-36ed-4fe4-a7f6-b4da4944094e
				Accept=*/*
				Content-Type=application/json
Cookies:		<none>
Multiparts:		<none>
Body:			<none>
RESPONSE deleteUserByUsername: HTTP/1.1 200 OK
Request method:	GET
Request URI:	https://petstore.swagger.io/v2/user/login
Proxy:			<none>
Request params:	<none>
Query params:	<none>
Form params:	<none>
Path params:	<none>
Headers:		X-Traicing-Id=b0056154-6d5d-462d-aee9-48a173b24494
				X-Traicing-Id=a54a655f-ce2f-43f7-b585-ae533912d19c
				X-Traicing-Id=04da7d8d-36ed-4fe4-a7f6-b4da4944094e
				Authorization=Basic c2VmcmVzdmVzcmZ2ZXNyZnN2ZXJmc2VyZnZlc3Jmdjpzc2Rh
				Accept=*/*
				Content-Type=application/json
Cookies:		<none>
Multiparts:		<none>
Body:			<none>
Request method:	GET
Request URI:	https://petstore.swagger.io/v2/user/login
Proxy:			<none>
Request params:	<none>
Query params:	<none>
Form params:	<none>
Path params:	<none>
Headers:		X-Traicing-Id=b0056154-6d5d-462d-aee9-48a173b24494
				X-Traicing-Id=a54a655f-ce2f-43f7-b585-ae533912d19c
				X-Traicing-Id=04da7d8d-36ed-4fe4-a7f6-b4da4944094e
				Authorization=Basic c2VmcmVzdmVzcmZ2ZXNyZnN2ZXJmc2VyZnZlc3Jmdjpzc2Rh
				Accept=*/*
				Content-Type=application/json
Cookies:		<none>
Multiparts:		<none>
Body:			<none>
Request method:	GET
Request URI:	https://petstore.swagger.io/v2/user/login
Proxy:			<none>
Request params:	<none>
Query params:	<none>
Form params:	<none>
Path params:	<none>
Headers:		X-Traicing-Id=b0056154-6d5d-462d-aee9-48a173b24494
				X-Traicing-Id=a54a655f-ce2f-43f7-b585-ae533912d19c
				X-Traicing-Id=04da7d8d-36ed-4fe4-a7f6-b4da4944094e
				Authorization=Basic c2VmcmVzdmVzcmZ2ZXNyZnN2ZXJmc2VyZnZlc3Jmdjpzc2Rh
				Accept=*/*
				Content-Type=application/json
Cookies:		<none>
Multiparts:		<none>
Body:			<none>
Request method:	GET
Request URI:	https://petstore.swagger.io/v2/user/login
Proxy:			<none>
Request params:	<none>
Query params:	<none>
Form params:	<none>
Path params:	<none>
Headers:		X-Traicing-Id=b0056154-6d5d-462d-aee9-48a173b24494
				X-Traicing-Id=a54a655f-ce2f-43f7-b585-ae533912d19c
				X-Traicing-Id=04da7d8d-36ed-4fe4-a7f6-b4da4944094e
				Authorization=Basic c2VmcmVzdmVzcmZ2ZXNyZnN2ZXJmc2VyZnZlc3Jmdjpzc2Rh
				Accept=*/*
				Content-Type=application/json
Cookies:		<none>
Multiparts:		<none>
Body:			<none>
RESPONSE logInUserWithValidCreds: HTTP/1.1 200 OK
Request method:	POST
Request URI:	https://petstore.swagger.io/v2/user
Proxy:			<none>
Request params:	<none>
Query params:	<none>
Form params:	<none>
Path params:	<none>
Headers:		X-Traicing-Id=b0056154-6d5d-462d-aee9-48a173b24494
				X-Traicing-Id=a54a655f-ce2f-43f7-b585-ae533912d19c
				X-Traicing-Id=04da7d8d-36ed-4fe4-a7f6-b4da4944094e
				Authorization=Basic YWRtaW46YWRtaW4xMjM=
				Accept=*/*
				Content-Type=application/json
Cookies:		<none>
Multiparts:		<none>
Body:
{
    "id": 843,
    "username": "malcolm.rath",
    "firstName": "Branden",
    "lastName": "Flatley",
    "email": "tresa.reilly@hotmail.com",
    "password": "jchl57n54ssg9",
    "phone": "(723) 034-7950",
    "userStatus": 0
}
Request method:	POST
Request URI:	https://petstore.swagger.io/v2/user
Proxy:			<none>
Request params:	<none>
Query params:	<none>
Form params:	<none>
Path params:	<none>
Headers:		X-Traicing-Id=b0056154-6d5d-462d-aee9-48a173b24494
				X-Traicing-Id=a54a655f-ce2f-43f7-b585-ae533912d19c
				X-Traicing-Id=04da7d8d-36ed-4fe4-a7f6-b4da4944094e
				Authorization=Basic YWRtaW46YWRtaW4xMjM=
				Accept=*/*
				Content-Type=application/json
Cookies:		<none>
Multiparts:		<none>
Body:
{
    "id": 843,
    "username": "malcolm.rath",
    "firstName": "Branden",
    "lastName": "Flatley",
    "email": "tresa.reilly@hotmail.com",
    "password": "jchl57n54ssg9",
    "phone": "(723) 034-7950",
    "userStatus": 0
}
Request method:	POST
Request URI:	https://petstore.swagger.io/v2/user
Proxy:			<none>
Request params:	<none>
Query params:	<none>
Form params:	<none>
Path params:	<none>
Headers:		X-Traicing-Id=b0056154-6d5d-462d-aee9-48a173b24494
				X-Traicing-Id=a54a655f-ce2f-43f7-b585-ae533912d19c
				X-Traicing-Id=04da7d8d-36ed-4fe4-a7f6-b4da4944094e
				Authorization=Basic YWRtaW46YWRtaW4xMjM=
				Accept=*/*
				Content-Type=application/json
Cookies:		<none>
Multiparts:		<none>
Body:
{
    "id": 843,
    "username": "malcolm.rath",
    "firstName": "Branden",
    "lastName": "Flatley",
    "email": "tresa.reilly@hotmail.com",
    "password": "jchl57n54ssg9",
    "phone": "(723) 034-7950",
    "userStatus": 0
}
Request method:	POST
Request URI:	https://petstore.swagger.io/v2/user
Proxy:			<none>
Request params:	<none>
Query params:	<none>
Form params:	<none>
Path params:	<none>
Headers:		X-Traicing-Id=b0056154-6d5d-462d-aee9-48a173b24494
				X-Traicing-Id=a54a655f-ce2f-43f7-b585-ae533912d19c
				X-Traicing-Id=04da7d8d-36ed-4fe4-a7f6-b4da4944094e
				Authorization=Basic YWRtaW46YWRtaW4xMjM=
				Accept=*/*
				Content-Type=application/json
Cookies:		<none>
Multiparts:		<none>
Body:
{
    "id": 843,
    "username": "malcolm.rath",
    "firstName": "Branden",
    "lastName": "Flatley",
    "email": "tresa.reilly@hotmail.com",
    "password": "jchl57n54ssg9",
    "phone": "(723) 034-7950",
    "userStatus": 0
}
Request method:	GET
Request URI:	https://petstore.swagger.io/v2/user/login
Proxy:			<none>
Request params:	<none>
Query params:	<none>
Form params:	<none>
Path params:	<none>
Headers:		X-Traicing-Id=b0056154-6d5d-462d-aee9-48a173b24494
				X-Traicing-Id=a54a655f-ce2f-43f7-b585-ae533912d19c
				X-Traicing-Id=04da7d8d-36ed-4fe4-a7f6-b4da4944094e
				Authorization=Basic bWFsY29sbS5yYXRoOmRvZmp2bGRqdmxqZGx2c2R2a3NkbmRz
				Accept=*/*
				Content-Type=application/json
Cookies:		<none>
Multiparts:		<none>
Body:			<none>
Request method:	GET
Request URI:	https://petstore.swagger.io/v2/user/login
Proxy:			<none>
Request params:	<none>
Query params:	<none>
Form params:	<none>
Path params:	<none>
Headers:		X-Traicing-Id=b0056154-6d5d-462d-aee9-48a173b24494
				X-Traicing-Id=a54a655f-ce2f-43f7-b585-ae533912d19c
				X-Traicing-Id=04da7d8d-36ed-4fe4-a7f6-b4da4944094e
				Authorization=Basic bWFsY29sbS5yYXRoOmRvZmp2bGRqdmxqZGx2c2R2a3NkbmRz
				Accept=*/*
				Content-Type=application/json
Cookies:		<none>
Multiparts:		<none>
Body:			<none>
Request method:	GET
Request URI:	https://petstore.swagger.io/v2/user/login
Proxy:			<none>
Request params:	<none>
Query params:	<none>
Form params:	<none>
Path params:	<none>
Headers:		X-Traicing-Id=b0056154-6d5d-462d-aee9-48a173b24494
				X-Traicing-Id=a54a655f-ce2f-43f7-b585-ae533912d19c
				X-Traicing-Id=04da7d8d-36ed-4fe4-a7f6-b4da4944094e
				Authorization=Basic bWFsY29sbS5yYXRoOmRvZmp2bGRqdmxqZGx2c2R2a3NkbmRz
				Accept=*/*
				Content-Type=application/json
Cookies:		<none>
Multiparts:		<none>
Body:			<none>
Request method:	GET
Request URI:	https://petstore.swagger.io/v2/user/login
Proxy:			<none>
Request params:	<none>
Query params:	<none>
Form params:	<none>
Path params:	<none>
Headers:		X-Traicing-Id=b0056154-6d5d-462d-aee9-48a173b24494
				X-Traicing-Id=a54a655f-ce2f-43f7-b585-ae533912d19c
				X-Traicing-Id=04da7d8d-36ed-4fe4-a7f6-b4da4944094e
				Authorization=Basic bWFsY29sbS5yYXRoOmRvZmp2bGRqdmxqZGx2c2R2a3NkbmRz
				Accept=*/*
				Content-Type=application/json
Cookies:		<none>
Multiparts:		<none>
Body:			<none>
RESPONSE logInUserWithNotValidPass: HTTP/1.1 200 OK
Request method:	POST
Request URI:	https://petstore.swagger.io/v2/user
Proxy:			<none>
Request params:	<none>
Query params:	<none>
Form params:	<none>
Path params:	<none>
Headers:		X-Traicing-Id=b0056154-6d5d-462d-aee9-48a173b24494
				X-Traicing-Id=a54a655f-ce2f-43f7-b585-ae533912d19c
				X-Traicing-Id=04da7d8d-36ed-4fe4-a7f6-b4da4944094e
				Authorization=Basic YWRtaW46YWRtaW4xMjM=
				Accept=*/*
				Content-Type=application/json
Cookies:		<none>
Multiparts:		<none>
Body:
{
    "id": 8,
    "username": "mason.stamm",
    "firstName": "Percy",
    "lastName": "Rohan",
    "email": "ernie.conroy@hotmail.com",
    "password": "4fqpt6ohmdisdc4",
    "phone": "(734) 013-1264 x186",
    "userStatus": 0
}
Request method:	POST
Request URI:	https://petstore.swagger.io/v2/user
Proxy:			<none>
Request params:	<none>
Query params:	<none>
Form params:	<none>
Path params:	<none>
Headers:		X-Traicing-Id=b0056154-6d5d-462d-aee9-48a173b24494
				X-Traicing-Id=a54a655f-ce2f-43f7-b585-ae533912d19c
				X-Traicing-Id=04da7d8d-36ed-4fe4-a7f6-b4da4944094e
				Authorization=Basic YWRtaW46YWRtaW4xMjM=
				Accept=*/*
				Content-Type=application/json
Cookies:		<none>
Multiparts:		<none>
Body:
{
    "id": 8,
    "username": "mason.stamm",
    "firstName": "Percy",
    "lastName": "Rohan",
    "email": "ernie.conroy@hotmail.com",
    "password": "4fqpt6ohmdisdc4",
    "phone": "(734) 013-1264 x186",
    "userStatus": 0
}
Request method:	POST
Request URI:	https://petstore.swagger.io/v2/user
Proxy:			<none>
Request params:	<none>
Query params:	<none>
Form params:	<none>
Path params:	<none>
Headers:		X-Traicing-Id=b0056154-6d5d-462d-aee9-48a173b24494
				X-Traicing-Id=a54a655f-ce2f-43f7-b585-ae533912d19c
				X-Traicing-Id=04da7d8d-36ed-4fe4-a7f6-b4da4944094e
				Authorization=Basic YWRtaW46YWRtaW4xMjM=
				Accept=*/*
				Content-Type=application/json
Cookies:		<none>
Multiparts:		<none>
Body:
{
    "id": 8,
    "username": "mason.stamm",
    "firstName": "Percy",
    "lastName": "Rohan",
    "email": "ernie.conroy@hotmail.com",
    "password": "4fqpt6ohmdisdc4",
    "phone": "(734) 013-1264 x186",
    "userStatus": 0
}
Request method:	POST
Request URI:	https://petstore.swagger.io/v2/user
Proxy:			<none>
Request params:	<none>
Query params:	<none>
Form params:	<none>
Path params:	<none>
Headers:		X-Traicing-Id=b0056154-6d5d-462d-aee9-48a173b24494
				X-Traicing-Id=a54a655f-ce2f-43f7-b585-ae533912d19c
				X-Traicing-Id=04da7d8d-36ed-4fe4-a7f6-b4da4944094e
				Authorization=Basic YWRtaW46YWRtaW4xMjM=
				Accept=*/*
				Content-Type=application/json
Cookies:		<none>
Multiparts:		<none>
Body:
{
    "id": 8,
    "username": "mason.stamm",
    "firstName": "Percy",
    "lastName": "Rohan",
    "email": "ernie.conroy@hotmail.com",
    "password": "4fqpt6ohmdisdc4",
    "phone": "(734) 013-1264 x186",
    "userStatus": 0
}
logInUserWithMistypedUserName: Mason.stamm
Request method:	GET
Request URI:	https://petstore.swagger.io/v2/user/login
Proxy:			<none>
Request params:	<none>
Query params:	<none>
Form params:	<none>
Path params:	<none>
Headers:		X-Traicing-Id=b0056154-6d5d-462d-aee9-48a173b24494
				X-Traicing-Id=a54a655f-ce2f-43f7-b585-ae533912d19c
				X-Traicing-Id=04da7d8d-36ed-4fe4-a7f6-b4da4944094e
				Authorization=Basic TWFzb24uc3RhbW06NGZxcHQ2b2htZGlzZGM0
				Accept=*/*
				Content-Type=application/json
Cookies:		<none>
Multiparts:		<none>
Body:			<none>
Request method:	GET
Request URI:	https://petstore.swagger.io/v2/user/login
Proxy:			<none>
Request params:	<none>
Query params:	<none>
Form params:	<none>
Path params:	<none>
Headers:		X-Traicing-Id=b0056154-6d5d-462d-aee9-48a173b24494
				X-Traicing-Id=a54a655f-ce2f-43f7-b585-ae533912d19c
				X-Traicing-Id=04da7d8d-36ed-4fe4-a7f6-b4da4944094e
				Authorization=Basic TWFzb24uc3RhbW06NGZxcHQ2b2htZGlzZGM0
				Accept=*/*
				Content-Type=application/json
Cookies:		<none>
Multiparts:		<none>
Body:			<none>
Request method:	GET
Request URI:	https://petstore.swagger.io/v2/user/login
Proxy:			<none>
Request params:	<none>
Query params:	<none>
Form params:	<none>
Path params:	<none>
Headers:		X-Traicing-Id=b0056154-6d5d-462d-aee9-48a173b24494
				X-Traicing-Id=a54a655f-ce2f-43f7-b585-ae533912d19c
				X-Traicing-Id=04da7d8d-36ed-4fe4-a7f6-b4da4944094e
				Authorization=Basic TWFzb24uc3RhbW06NGZxcHQ2b2htZGlzZGM0
				Accept=*/*
				Content-Type=application/json
Cookies:		<none>
Multiparts:		<none>
Body:			<none>
Request method:	GET
Request URI:	https://petstore.swagger.io/v2/user/login
Proxy:			<none>
Request params:	<none>
Query params:	<none>
Form params:	<none>
Path params:	<none>
Headers:		X-Traicing-Id=b0056154-6d5d-462d-aee9-48a173b24494
				X-Traicing-Id=a54a655f-ce2f-43f7-b585-ae533912d19c
				X-Traicing-Id=04da7d8d-36ed-4fe4-a7f6-b4da4944094e
				Authorization=Basic TWFzb24uc3RhbW06NGZxcHQ2b2htZGlzZGM0
				Accept=*/*
				Content-Type=application/json
Cookies:		<none>
Multiparts:		<none>
Body:			<none>
RESPONSE logInUserWithNotValidPass: HTTP/1.1 200 OK
]]></system-out>
  <system-err><![CDATA[]]></system-err>
</testsuite>
