<?xml version="1.0" encoding="UTF-8"?>
<testsuite name="com.swagger.UserLogInTests" tests="1" skipped="0" failures="0" errors="0" timestamp="2023-03-31T13:14:16" hostname="ykononenko-mbp.local" time="1.972">
  <properties/>
  <testcase name="Log in User with valid credentials" classname="com.swagger.UserLogInTests" time="1.972"/>
  <system-out><![CDATA[Request method:	POST
Request URI:	https://petstore.swagger.io/v2/user
Proxy:			<none>
Request params:	<none>
Query params:	<none>
Form params:	<none>
Path params:	<none>
Headers:		X-Traicing-Id=c6ba0225-3f0e-468a-88dc-b8ef0f385831
				X-Traicing-Id=2c83d971-227b-4d8f-8801-88efc6f9dfbb
				X-Traicing-Id=8b6128eb-12be-46d4-b64c-8c0fee4210b2
				Accept=*/*
				Content-Type=application/json
Cookies:		<none>
Multiparts:		<none>
Body:
{
    "id": 5407926,
    "username": "mohammed.walter",
    "firstName": "Jared",
    "lastName": "Tillman",
    "email": "diego.kozey@yahoo.com",
    "password": "f9qs30pg11c",
    "phone": "707-200-1943 x71683",
    "userStatus": 0
}
Request method:	POST
Request URI:	https://petstore.swagger.io/v2/user
Proxy:			<none>
Request params:	<none>
Query params:	<none>
Form params:	<none>
Path params:	<none>
Headers:		X-Traicing-Id=c6ba0225-3f0e-468a-88dc-b8ef0f385831
				X-Traicing-Id=2c83d971-227b-4d8f-8801-88efc6f9dfbb
				X-Traicing-Id=8b6128eb-12be-46d4-b64c-8c0fee4210b2
				Accept=*/*
				Content-Type=application/json
Cookies:		<none>
Multiparts:		<none>
Body:
{
    "id": 5407926,
    "username": "mohammed.walter",
    "firstName": "Jared",
    "lastName": "Tillman",
    "email": "diego.kozey@yahoo.com",
    "password": "f9qs30pg11c",
    "phone": "707-200-1943 x71683",
    "userStatus": 0
}
Request method:	POST
Request URI:	https://petstore.swagger.io/v2/user
Proxy:			<none>
Request params:	<none>
Query params:	<none>
Form params:	<none>
Path params:	<none>
Headers:		X-Traicing-Id=c6ba0225-3f0e-468a-88dc-b8ef0f385831
				X-Traicing-Id=2c83d971-227b-4d8f-8801-88efc6f9dfbb
				X-Traicing-Id=8b6128eb-12be-46d4-b64c-8c0fee4210b2
				Accept=*/*
				Content-Type=application/json
Cookies:		<none>
Multiparts:		<none>
Body:
{
    "id": 5407926,
    "username": "mohammed.walter",
    "firstName": "Jared",
    "lastName": "Tillman",
    "email": "diego.kozey@yahoo.com",
    "password": "f9qs30pg11c",
    "phone": "707-200-1943 x71683",
    "userStatus": 0
}
Request method:	POST
Request URI:	https://petstore.swagger.io/v2/user
Proxy:			<none>
Request params:	<none>
Query params:	<none>
Form params:	<none>
Path params:	<none>
Headers:		X-Traicing-Id=c6ba0225-3f0e-468a-88dc-b8ef0f385831
				X-Traicing-Id=2c83d971-227b-4d8f-8801-88efc6f9dfbb
				X-Traicing-Id=8b6128eb-12be-46d4-b64c-8c0fee4210b2
				Accept=*/*
				Content-Type=application/json
Cookies:		<none>
Multiparts:		<none>
Body:
{
    "id": 5407926,
    "username": "mohammed.walter",
    "firstName": "Jared",
    "lastName": "Tillman",
    "email": "diego.kozey@yahoo.com",
    "password": "f9qs30pg11c",
    "phone": "707-200-1943 x71683",
    "userStatus": 0
}
Request method:	GET
Request URI:	https://petstore.swagger.io/v2/user/login
Proxy:			<none>
Request params:	<none>
Query params:	<none>
Form params:	<none>
Path params:	<none>
Headers:		X-Traicing-Id=c6ba0225-3f0e-468a-88dc-b8ef0f385831
				X-Traicing-Id=2c83d971-227b-4d8f-8801-88efc6f9dfbb
				X-Traicing-Id=8b6128eb-12be-46d4-b64c-8c0fee4210b2
				Authorization=Basic bW9oYW1tZWQud2FsdGVyOmY5cXMzMHBnMTFj
				Accept=*/*
				Content-Type=application/json
Cookies:		<none>
Multiparts:		<none>
Body:			<none>
Request method:	GET
Request URI:	https://petstore.swagger.io/v2/user/login
Proxy:			<none>
Request params:	<none>
Query params:	<none>
Form params:	<none>
Path params:	<none>
Headers:		X-Traicing-Id=c6ba0225-3f0e-468a-88dc-b8ef0f385831
				X-Traicing-Id=2c83d971-227b-4d8f-8801-88efc6f9dfbb
				X-Traicing-Id=8b6128eb-12be-46d4-b64c-8c0fee4210b2
				Authorization=Basic bW9oYW1tZWQud2FsdGVyOmY5cXMzMHBnMTFj
				Accept=*/*
				Content-Type=application/json
Cookies:		<none>
Multiparts:		<none>
Body:			<none>
Request method:	GET
Request URI:	https://petstore.swagger.io/v2/user/login
Proxy:			<none>
Request params:	<none>
Query params:	<none>
Form params:	<none>
Path params:	<none>
Headers:		X-Traicing-Id=c6ba0225-3f0e-468a-88dc-b8ef0f385831
				X-Traicing-Id=2c83d971-227b-4d8f-8801-88efc6f9dfbb
				X-Traicing-Id=8b6128eb-12be-46d4-b64c-8c0fee4210b2
				Authorization=Basic bW9oYW1tZWQud2FsdGVyOmY5cXMzMHBnMTFj
				Accept=*/*
				Content-Type=application/json
Cookies:		<none>
Multiparts:		<none>
Body:			<none>
Request method:	GET
Request URI:	https://petstore.swagger.io/v2/user/login
Proxy:			<none>
Request params:	<none>
Query params:	<none>
Form params:	<none>
Path params:	<none>
Headers:		X-Traicing-Id=c6ba0225-3f0e-468a-88dc-b8ef0f385831
				X-Traicing-Id=2c83d971-227b-4d8f-8801-88efc6f9dfbb
				X-Traicing-Id=8b6128eb-12be-46d4-b64c-8c0fee4210b2
				Authorization=Basic bW9oYW1tZWQud2FsdGVyOmY5cXMzMHBnMTFj
				Accept=*/*
				Content-Type=application/json
Cookies:		<none>
Multiparts:		<none>
Body:			<none>
RESPONSE logInUserWithValidCreds: HTTP/1.1 200 OK
Request method:	DELETE
Request URI:	https://petstore.swagger.io/v2/user/mohammed.walter
Proxy:			<none>
Request params:	<none>
Query params:	<none>
Form params:	<none>
Path params:	<none>
Headers:		X-Traicing-Id=c6ba0225-3f0e-468a-88dc-b8ef0f385831
				X-Traicing-Id=2c83d971-227b-4d8f-8801-88efc6f9dfbb
				X-Traicing-Id=8b6128eb-12be-46d4-b64c-8c0fee4210b2
				Accept=*/*
				Content-Type=application/json
Cookies:		<none>
Multiparts:		<none>
Body:			<none>
Request method:	DELETE
Request URI:	https://petstore.swagger.io/v2/user/mohammed.walter
Proxy:			<none>
Request params:	<none>
Query params:	<none>
Form params:	<none>
Path params:	<none>
Headers:		X-Traicing-Id=c6ba0225-3f0e-468a-88dc-b8ef0f385831
				X-Traicing-Id=2c83d971-227b-4d8f-8801-88efc6f9dfbb
				X-Traicing-Id=8b6128eb-12be-46d4-b64c-8c0fee4210b2
				Accept=*/*
				Content-Type=application/json
Cookies:		<none>
Multiparts:		<none>
Body:			<none>
Request method:	DELETE
Request URI:	https://petstore.swagger.io/v2/user/mohammed.walter
Proxy:			<none>
Request params:	<none>
Query params:	<none>
Form params:	<none>
Path params:	<none>
Headers:		X-Traicing-Id=c6ba0225-3f0e-468a-88dc-b8ef0f385831
				X-Traicing-Id=2c83d971-227b-4d8f-8801-88efc6f9dfbb
				X-Traicing-Id=8b6128eb-12be-46d4-b64c-8c0fee4210b2
				Accept=*/*
				Content-Type=application/json
Cookies:		<none>
Multiparts:		<none>
Body:			<none>
Request method:	DELETE
Request URI:	https://petstore.swagger.io/v2/user/mohammed.walter
Proxy:			<none>
Request params:	<none>
Query params:	<none>
Form params:	<none>
Path params:	<none>
Headers:		X-Traicing-Id=c6ba0225-3f0e-468a-88dc-b8ef0f385831
				X-Traicing-Id=2c83d971-227b-4d8f-8801-88efc6f9dfbb
				X-Traicing-Id=8b6128eb-12be-46d4-b64c-8c0fee4210b2
				Accept=*/*
				Content-Type=application/json
Cookies:		<none>
Multiparts:		<none>
Body:			<none>
RESPONSE deleteUserByUsername: HTTP/1.1 200 OK
]]></system-out>
  <system-err><![CDATA[]]></system-err>
</testsuite>
