<?xml version="1.0" encoding="UTF-8"?>
<testsuite name="com.swagger.UsersWithArrayCreationTests" tests="1" skipped="0" failures="1" errors="0" timestamp="2023-04-05T10:11:53" hostname="ykononenko-mbp.local" time="9.369">
  <properties/>
  <testcase name="Creation of Users with input array consisting of 200 Users object" classname="com.swagger.UsersWithArrayCreationTests" time="9.369">
    <failure message="java.lang.RuntimeException: com.fasterxml.jackson.databind.exc.UnrecognizedPropertyException: Unrecognized field &quot;code&quot; (class com.swagger.petstore.models.User), not marked as ignorable (8 known properties: &quot;lastName&quot;, &quot;username&quot;, &quot;id&quot;, &quot;email&quot;, &quot;userStatus&quot;, &quot;phone&quot;, &quot;firstName&quot;, &quot;password&quot;])&#10; at [Source: (String)&quot;{&quot;code&quot;:1,&quot;type&quot;:&quot;error&quot;,&quot;message&quot;:&quot;User not found&quot;}&quot;; line: 1, column: 10] (through reference chain: com.swagger.petstore.models.User[&quot;code&quot;])" type="java.lang.RuntimeException">java.lang.RuntimeException: com.fasterxml.jackson.databind.exc.UnrecognizedPropertyException: Unrecognized field &quot;code&quot; (class com.swagger.petstore.models.User), not marked as ignorable (8 known properties: &quot;lastName&quot;, &quot;username&quot;, &quot;id&quot;, &quot;email&quot;, &quot;userStatus&quot;, &quot;phone&quot;, &quot;firstName&quot;, &quot;password&quot;])
 at [Source: (String)&quot;{&quot;code&quot;:1,&quot;type&quot;:&quot;error&quot;,&quot;message&quot;:&quot;User not found&quot;}&quot;; line: 1, column: 10] (through reference chain: com.swagger.petstore.models.User[&quot;code&quot;])
	at io.restassured.internal.path.json.mapping.JsonPathJackson2ObjectDeserializer.deserialize(JsonPathJackson2ObjectDeserializer.java:30)
	at io.restassured.path.json.mapping.JsonPathObjectDeserializer$deserialize.call(Unknown Source)
	at io.restassured.internal.mapping.Jackson2Mapper.deserialize(Jackson2Mapper.groovy:58)
	at io.restassured.mapper.ObjectMapper$deserialize$0.call(Unknown Source)
	at io.restassured.internal.mapping.ObjectMapping.parseWithJackson2(ObjectMapping.groovy:254)
	at io.restassured.internal.mapping.ObjectMapping$parseWithJackson2$1.callStatic(Unknown Source)
	at io.restassured.internal.mapping.ObjectMapping.deserialize(ObjectMapping.groovy:56)
	at io.restassured.internal.mapping.ObjectMapping$deserialize$0.call(Unknown Source)
	at io.restassured.internal.RestAssuredResponseOptionsGroovyImpl.as(RestAssuredResponseOptionsGroovyImpl.groovy:229)
	at io.restassured.internal.RestAssuredResponseOptionsImpl.as(RestAssuredResponseOptionsImpl.java:169)
	at com.swagger.UsersWithArrayCreationTests.creationOfUsersWithArrayOfTwoHundredUsers(UsersWithArrayCreationTests.java:109)
	at java.base/jdk.internal.reflect.NativeMethodAccessorImpl.invoke0(Native Method)
	at java.base/jdk.internal.reflect.NativeMethodAccessorImpl.invoke(NativeMethodAccessorImpl.java:64)
	at java.base/jdk.internal.reflect.DelegatingMethodAccessorImpl.invoke(DelegatingMethodAccessorImpl.java:43)
	at java.base/java.lang.reflect.Method.invoke(Method.java:564)
	at org.junit.platform.commons.util.ReflectionUtils.invokeMethod(ReflectionUtils.java:727)
	at org.junit.jupiter.engine.execution.MethodInvocation.proceed(MethodInvocation.java:60)
	at org.junit.jupiter.engine.execution.InvocationInterceptorChain$ValidatingInvocation.proceed(InvocationInterceptorChain.java:131)
	at com.epam.reportportal.junit5.ReportPortalExtension.interceptTestMethod(ReportPortalExtension.java:259)
	at org.junit.jupiter.engine.execution.InterceptingExecutableInvoker$ReflectiveInterceptorCall.lambda$ofVoidMethod$0(InterceptingExecutableInvoker.java:103)
	at org.junit.jupiter.engine.execution.InterceptingExecutableInvoker.lambda$invoke$0(InterceptingExecutableInvoker.java:93)
	at org.junit.jupiter.engine.execution.InvocationInterceptorChain$InterceptedInvocation.proceed(InvocationInterceptorChain.java:106)
	at org.junit.jupiter.engine.extension.TimeoutExtension.intercept(TimeoutExtension.java:156)
	at org.junit.jupiter.engine.extension.TimeoutExtension.interceptTestableMethod(TimeoutExtension.java:147)
	at org.junit.jupiter.engine.extension.TimeoutExtension.interceptTestMethod(TimeoutExtension.java:86)
	at org.junit.jupiter.engine.execution.InterceptingExecutableInvoker$ReflectiveInterceptorCall.lambda$ofVoidMethod$0(InterceptingExecutableInvoker.java:103)
	at org.junit.jupiter.engine.execution.InterceptingExecutableInvoker.lambda$invoke$0(InterceptingExecutableInvoker.java:93)
	at org.junit.jupiter.engine.execution.InvocationInterceptorChain$InterceptedInvocation.proceed(InvocationInterceptorChain.java:106)
	at org.junit.jupiter.engine.execution.InvocationInterceptorChain.proceed(InvocationInterceptorChain.java:64)
	at org.junit.jupiter.engine.execution.InvocationInterceptorChain.chainAndInvoke(InvocationInterceptorChain.java:45)
	at org.junit.jupiter.engine.execution.InvocationInterceptorChain.invoke(InvocationInterceptorChain.java:37)
	at org.junit.jupiter.engine.execution.InterceptingExecutableInvoker.invoke(InterceptingExecutableInvoker.java:92)
	at org.junit.jupiter.engine.execution.InterceptingExecutableInvoker.invoke(InterceptingExecutableInvoker.java:86)
	at org.junit.jupiter.engine.descriptor.TestMethodTestDescriptor.lambda$invokeTestMethod$7(TestMethodTestDescriptor.java:217)
	at org.junit.platform.engine.support.hierarchical.ThrowableCollector.execute(ThrowableCollector.java:73)
	at org.junit.jupiter.engine.descriptor.TestMethodTestDescriptor.invokeTestMethod(TestMethodTestDescriptor.java:213)
	at org.junit.jupiter.engine.descriptor.TestMethodTestDescriptor.execute(TestMethodTestDescriptor.java:138)
	at org.junit.jupiter.engine.descriptor.TestMethodTestDescriptor.execute(TestMethodTestDescriptor.java:68)
	at org.junit.platform.engine.support.hierarchical.NodeTestTask.lambda$executeRecursively$6(NodeTestTask.java:151)
	at org.junit.platform.engine.support.hierarchical.ThrowableCollector.execute(ThrowableCollector.java:73)
	at org.junit.platform.engine.support.hierarchical.NodeTestTask.lambda$executeRecursively$8(NodeTestTask.java:141)
	at org.junit.platform.engine.support.hierarchical.Node.around(Node.java:137)
	at org.junit.platform.engine.support.hierarchical.NodeTestTask.lambda$executeRecursively$9(NodeTestTask.java:139)
	at org.junit.platform.engine.support.hierarchical.ThrowableCollector.execute(ThrowableCollector.java:73)
	at org.junit.platform.engine.support.hierarchical.NodeTestTask.executeRecursively(NodeTestTask.java:138)
	at org.junit.platform.engine.support.hierarchical.NodeTestTask.execute(NodeTestTask.java:95)
	at java.base/java.util.ArrayList.forEach(ArrayList.java:1511)
	at org.junit.platform.engine.support.hierarchical.SameThreadHierarchicalTestExecutorService.invokeAll(SameThreadHierarchicalTestExecutorService.java:41)
	at org.junit.platform.engine.support.hierarchical.NodeTestTask.lambda$executeRecursively$6(NodeTestTask.java:155)
	at org.junit.platform.engine.support.hierarchical.ThrowableCollector.execute(ThrowableCollector.java:73)
	at org.junit.platform.engine.support.hierarchical.NodeTestTask.lambda$executeRecursively$8(NodeTestTask.java:141)
	at org.junit.platform.engine.support.hierarchical.Node.around(Node.java:137)
	at org.junit.platform.engine.support.hierarchical.NodeTestTask.lambda$executeRecursively$9(NodeTestTask.java:139)
	at org.junit.platform.engine.support.hierarchical.ThrowableCollector.execute(ThrowableCollector.java:73)
	at org.junit.platform.engine.support.hierarchical.NodeTestTask.executeRecursively(NodeTestTask.java:138)
	at org.junit.platform.engine.support.hierarchical.NodeTestTask.execute(NodeTestTask.java:95)
	at java.base/java.util.ArrayList.forEach(ArrayList.java:1511)
	at org.junit.platform.engine.support.hierarchical.SameThreadHierarchicalTestExecutorService.invokeAll(SameThreadHierarchicalTestExecutorService.java:41)
	at org.junit.platform.engine.support.hierarchical.NodeTestTask.lambda$executeRecursively$6(NodeTestTask.java:155)
	at org.junit.platform.engine.support.hierarchical.ThrowableCollector.execute(ThrowableCollector.java:73)
	at org.junit.platform.engine.support.hierarchical.NodeTestTask.lambda$executeRecursively$8(NodeTestTask.java:141)
	at org.junit.platform.engine.support.hierarchical.Node.around(Node.java:137)
	at org.junit.platform.engine.support.hierarchical.NodeTestTask.lambda$executeRecursively$9(NodeTestTask.java:139)
	at org.junit.platform.engine.support.hierarchical.ThrowableCollector.execute(ThrowableCollector.java:73)
	at org.junit.platform.engine.support.hierarchical.NodeTestTask.executeRecursively(NodeTestTask.java:138)
	at org.junit.platform.engine.support.hierarchical.NodeTestTask.execute(NodeTestTask.java:95)
	at org.junit.platform.engine.support.hierarchical.SameThreadHierarchicalTestExecutorService.submit(SameThreadHierarchicalTestExecutorService.java:35)
	at org.junit.platform.engine.support.hierarchical.HierarchicalTestExecutor.execute(HierarchicalTestExecutor.java:57)
	at org.junit.platform.engine.support.hierarchical.HierarchicalTestEngine.execute(HierarchicalTestEngine.java:54)
	at org.junit.platform.launcher.core.EngineExecutionOrchestrator.execute(EngineExecutionOrchestrator.java:107)
	at org.junit.platform.launcher.core.EngineExecutionOrchestrator.execute(EngineExecutionOrchestrator.java:88)
	at org.junit.platform.launcher.core.EngineExecutionOrchestrator.lambda$execute$0(EngineExecutionOrchestrator.java:54)
	at org.junit.platform.launcher.core.EngineExecutionOrchestrator.withInterceptedStreams(EngineExecutionOrchestrator.java:67)
	at org.junit.platform.launcher.core.EngineExecutionOrchestrator.execute(EngineExecutionOrchestrator.java:52)
	at org.junit.platform.launcher.core.DefaultLauncher.execute(DefaultLauncher.java:114)
	at org.junit.platform.launcher.core.DefaultLauncher.execute(DefaultLauncher.java:86)
	at org.junit.platform.launcher.core.DefaultLauncherSession$DelegatingLauncher.execute(DefaultLauncherSession.java:86)
	at org.gradle.api.internal.tasks.testing.junitplatform.JUnitPlatformTestClassProcessor$CollectAllTestClassesExecutor.processAllTestClasses(JUnitPlatformTestClassProcessor.java:110)
	at org.gradle.api.internal.tasks.testing.junitplatform.JUnitPlatformTestClassProcessor$CollectAllTestClassesExecutor.access$000(JUnitPlatformTestClassProcessor.java:90)
	at org.gradle.api.internal.tasks.testing.junitplatform.JUnitPlatformTestClassProcessor.stop(JUnitPlatformTestClassProcessor.java:85)
	at org.gradle.api.internal.tasks.testing.SuiteTestClassProcessor.stop(SuiteTestClassProcessor.java:62)
	at java.base/jdk.internal.reflect.NativeMethodAccessorImpl.invoke0(Native Method)
	at java.base/jdk.internal.reflect.NativeMethodAccessorImpl.invoke(NativeMethodAccessorImpl.java:64)
	at java.base/jdk.internal.reflect.DelegatingMethodAccessorImpl.invoke(DelegatingMethodAccessorImpl.java:43)
	at java.base/java.lang.reflect.Method.invoke(Method.java:564)
	at org.gradle.internal.dispatch.ReflectionDispatch.dispatch(ReflectionDispatch.java:36)
	at org.gradle.internal.dispatch.ReflectionDispatch.dispatch(ReflectionDispatch.java:24)
	at org.gradle.internal.dispatch.ContextClassLoaderDispatch.dispatch(ContextClassLoaderDispatch.java:33)
	at org.gradle.internal.dispatch.ProxyDispatchAdapter$DispatchingInvocationHandler.invoke(ProxyDispatchAdapter.java:94)
	at com.sun.proxy.$Proxy2.stop(Unknown Source)
	at org.gradle.api.internal.tasks.testing.worker.TestWorker$3.run(TestWorker.java:193)
	at org.gradle.api.internal.tasks.testing.worker.TestWorker.executeAndMaintainThreadName(TestWorker.java:129)
	at org.gradle.api.internal.tasks.testing.worker.TestWorker.execute(TestWorker.java:100)
	at org.gradle.api.internal.tasks.testing.worker.TestWorker.execute(TestWorker.java:60)
	at org.gradle.process.internal.worker.child.ActionExecutionWorker.execute(ActionExecutionWorker.java:56)
	at org.gradle.process.internal.worker.child.SystemApplicationClassLoaderWorker.call(SystemApplicationClassLoaderWorker.java:113)
	at org.gradle.process.internal.worker.child.SystemApplicationClassLoaderWorker.call(SystemApplicationClassLoaderWorker.java:65)
	at worker.org.gradle.process.internal.worker.GradleWorkerMain.run(GradleWorkerMain.java:69)
	at worker.org.gradle.process.internal.worker.GradleWorkerMain.main(GradleWorkerMain.java:74)
Caused by: com.fasterxml.jackson.databind.exc.UnrecognizedPropertyException: Unrecognized field &quot;code&quot; (class com.swagger.petstore.models.User), not marked as ignorable (8 known properties: &quot;lastName&quot;, &quot;username&quot;, &quot;id&quot;, &quot;email&quot;, &quot;userStatus&quot;, &quot;phone&quot;, &quot;firstName&quot;, &quot;password&quot;])
 at [Source: (String)&quot;{&quot;code&quot;:1,&quot;type&quot;:&quot;error&quot;,&quot;message&quot;:&quot;User not found&quot;}&quot;; line: 1, column: 10] (through reference chain: com.swagger.petstore.models.User[&quot;code&quot;])
	at app//com.fasterxml.jackson.databind.exc.UnrecognizedPropertyException.from(UnrecognizedPropertyException.java:61)
	at app//com.fasterxml.jackson.databind.DeserializationContext.handleUnknownProperty(DeserializationContext.java:1132)
	at app//com.fasterxml.jackson.databind.deser.std.StdDeserializer.handleUnknownProperty(StdDeserializer.java:2202)
	at app//com.fasterxml.jackson.databind.deser.BeanDeserializerBase.handleUnknownProperty(BeanDeserializerBase.java:1705)
	at app//com.fasterxml.jackson.databind.deser.BeanDeserializerBase.handleUnknownVanilla(BeanDeserializerBase.java:1683)
	at app//com.fasterxml.jackson.databind.deser.BeanDeserializer.vanillaDeserialize(BeanDeserializer.java:320)
	at app//com.fasterxml.jackson.databind.deser.BeanDeserializer.deserialize(BeanDeserializer.java:177)
	at app//com.fasterxml.jackson.databind.deser.DefaultDeserializationContext.readRootValue(DefaultDeserializationContext.java:323)
	at app//com.fasterxml.jackson.databind.ObjectMapper._readMapAndClose(ObjectMapper.java:4730)
	at app//com.fasterxml.jackson.databind.ObjectMapper.readValue(ObjectMapper.java:3677)
	at app//io.restassured.internal.path.json.mapping.JsonPathJackson2ObjectDeserializer.deserialize(JsonPathJackson2ObjectDeserializer.java:28)
	... 98 more
</failure>
  </testcase>
  <system-out><![CDATA[Request method:	POST
Request URI:	https://petstore.swagger.io/v2/user/createWithArray
Proxy:			<none>
Request params:	<none>
Query params:	<none>
Form params:	<none>
Path params:	<none>
Headers:		X-Traicing-Id=b83de3a0-101e-4302-809f-ca876a14287e
				Authorization=Basic YWRtaW46YWRtaW4xMjM=
				Accept=*/*
				Content-Type=application/json
Cookies:		<none>
Multiparts:		<none>
Body:
[
    {
        "id": 68828011,
        "username": "yanira.huels",
        "firstName": "Jacelyn",
        "lastName": "Tremblay",
        "email": "russel.schamberger@gmail.com",
        "password": "fachxarrjd7",
        "phone": "970.061.9296 x379",
        "userStatus": 0
    },
    {
        "id": 20,
        "username": "latanya.runolfsson",
        "firstName": "Jenee",
        "lastName": "Larkin",
        "email": "eleonor.schaefer@hotmail.com",
        "password": "c8qd5yryhjbov",
        "phone": "1-725-731-9542 x2711",
        "userStatus": 0
    },
    {
        "id": 73238,
        "username": "dreama.jerde",
        "firstName": "Jerry",
        "lastName": "Ebert",
        "email": "kareem.tromp@gmail.com",
        "password": "0mwuw9vzjhcq5c",
        "phone": "049-179-5768 x9035",
        "userStatus": 0
    },
    {
        "id": 254902048,
        "username": "willie.ohara",
        "firstName": "Cornell",
        "lastName": "Boehm",
        "email": "eduardo.ohara@hotmail.com",
        "password": "4l1eam8tbzbj",
        "phone": "(890) 350-8536",
        "userStatus": 0
    },
    {
        "id": 5,
        "username": "jules.marquardt",
        "firstName": "Carlo",
        "lastName": "Feeney",
        "email": "cassidy.schoen@gmail.com",
        "password": "ec472satz0ebcwj",
        "phone": "1-346-370-8202 x5353",
        "userStatus": 0
    },
    {
        "id": 47244,
        "username": "albina.carter",
        "firstName": "Ned",
        "lastName": "Weber",
        "email": "robyn.dach@hotmail.com",
        "password": "faiy528nsy",
        "phone": "(037) 971-1857 x861",
        "userStatus": 0
    },
    {
        "id": 20629749,
        "username": "everett.morissette",
        "firstName": "Raye",
        "lastName": "Labadie",
        "email": "frank.mayert@gmail.com",
        "password": "p0mhemx4peai",
        "phone": "(073) 444-0821 x556",
        "userStatus": 0
    },
    {
        "id": 47,
        "username": "carl.wilderman",
        "firstName": "Lavonne",
        "lastName": "Senger",
        "email": "ray.little@gmail.com",
        "password": "30jkwtw5k4xeot1",
        "phone": "1-532-362-1508 x1063",
        "userStatus": 0
    },
    {
        "id": 35779,
        "username": "nicole.hermann",
        "firstName": "Marth",
        "lastName": "Harvey",
        "email": "beverly.brakus@yahoo.com",
        "password": "f9eys6gu2oorpb",
        "phone": "579.452.8155 x294",
        "userStatus": 0
    },
    {
        "id": 45301,
        "username": "maurice.kuhic",
        "firstName": "Kristopher",
        "lastName": "Hansen",
        "email": "jesse.cormier@yahoo.com",
        "password": "4aa3xxqn7b9cgsj",
        "phone": "(204) 628-2459 x01962",
        "userStatus": 0
    },
    {
        "id": 393437316,
        "username": "janine.gutkowski",
        "firstName": "Enoch",
        "lastName": "Baumbach",
        "email": "lindy.kirlin@gmail.com",
        "password": "ks1uzlg1",
        "phone": "630.275.5698 x553",
        "userStatus": 0
    },
    {
        "id": 685787,
        "username": "micah.frami",
        "firstName": "Phillip",
        "lastName": "McKenzie",
        "email": "tony.christiansen@hotmail.com",
        "password": "jf99ajuuwkc",
        "phone": "006.391.6310",
        "userStatus": 0
    },
    {
        "id": 3310271,
        "username": "marcelino.bins",
        "firstName": "Sebrina",
        "lastName": "Corwin",
        "email": "kurtis.walker@gmail.com",
        "password": "fgclizpmwu",
        "phone": "(935) 787-5686 x95933",
        "userStatus": 0
    },
    {
        "id": 63672,
        "username": "kamala.runolfsdottir",
        "firstName": "Lavada",
        "lastName": "Schuppe",
        "email": "henriette.zboncak@gmail.com",
        "password": "ckwob8vhjp2q",
        "phone": "1-600-722-5270 x86643",
        "userStatus": 0
    },
    {
        "id": 40048105,
        "username": "bobby.bergnaum",
        "firstName": "Guadalupe",
        "lastName": "Hermann",
        "email": "florentina.simonis@hotmail.com",
        "password": "k5hdm9yfh",
        "phone": "376-353-3984 x520",
        "userStatus": 0
    },
    {
        "id": 48,
        "username": "nikita.koepp",
        "firstName": "John",
        "lastName": "Kertzmann",
        "email": "omar.lueilwitz@yahoo.com",
        "password": "cdsjb6amq80",
        "phone": "337-750-8616 x060",
        "userStatus": 0
    },
    {
        "id": 831644,
        "username": "lupe.hilll",
        "firstName": "Bebe",
        "lastName": "Kunde",
        "email": "vernon.harber@gmail.com",
        "password": "m92ru63q",
        "phone": "185-603-0119",
        "userStatus": 0
    },
    {
        "id": 47,
        "username": "etsuko.wyman",
        "firstName": "Louie",
        "lastName": "Murazik",
        "email": "leandra.mckenzie@hotmail.com",
        "password": "fd1dxlndz3fy0za",
        "phone": "(967) 735-1650 x257",
        "userStatus": 0
    },
    {
        "id": 655,
        "username": "dana.runte",
        "firstName": "Katelyn",
        "lastName": "Keeling",
        "email": "chong.mayer@gmail.com",
        "password": "ro72ictf",
        "phone": "1-734-779-3616 x225",
        "userStatus": 0
    },
    {
        "id": 906,
        "username": "jimmie.gleichner",
        "firstName": "Sonia",
        "lastName": "Olson",
        "email": "eliza.beahan@gmail.com",
        "password": "ay8tkkje",
        "phone": "1-769-802-1181 x34583",
        "userStatus": 0
    },
    {
        "id": 7679497,
        "username": "sharie.dooley",
        "firstName": "Evia",
        "lastName": "Bauch",
        "email": "tamiko.reichert@hotmail.com",
        "password": "whztepq1dwddc",
        "phone": "945.152.1447",
        "userStatus": 0
    },
    {
        "id": 58398864,
        "username": "treva.rodriguez",
        "firstName": "Cornell",
        "lastName": "Cronin",
        "email": "gerardo.kemmer@gmail.com",
        "password": "o9mxrqahxxvhu",
        "phone": "(262) 880-6106",
        "userStatus": 0
    },
    {
        "id": 83063,
        "username": "hector.marvin",
        "firstName": "Samatha",
        "lastName": "Halvorson",
        "email": "emmy.nicolas@gmail.com",
        "password": "dfo6ot4p",
        "phone": "(935) 148-2947",
        "userStatus": 0
    },
    {
        "id": 373413,
        "username": "foster.botsford",
        "firstName": "Danyel",
        "lastName": "Windler",
        "email": "dede.herzog@hotmail.com",
        "password": "ok39nxnupsfnowg",
        "phone": "1-259-631-4479 x33048",
        "userStatus": 0
    },
    {
        "id": 484402,
        "username": "twanna.denesik",
        "firstName": "Cruz",
        "lastName": "D'Amore",
        "email": "mercedez.zulauf@yahoo.com",
        "password": "bcvb11kw9tidrq",
        "phone": "(693) 082-5297 x890",
        "userStatus": 0
    },
    {
        "id": 3,
        "username": "alfredo.bartoletti",
        "firstName": "Tristan",
        "lastName": "Cartwright",
        "email": "santos.wisoky@gmail.com",
        "password": "o5y9rul7",
        "phone": "515.509.2970",
        "userStatus": 0
    },
    {
        "id": 9590111,
        "username": "kareen.marks",
        "firstName": "Seymour",
        "lastName": "Hamill",
        "email": "margit.kassulke@gmail.com",
        "password": "792z932p",
        "phone": "777.440.3438 x04343",
        "userStatus": 0
    },
    {
        "id": 6859,
        "username": "librada.mann",
        "firstName": "Vincent",
        "lastName": "Collins",
        "email": "laure.wisozk@yahoo.com",
        "password": "os2w1c0ei",
        "phone": "522.705.8625",
        "userStatus": 0
    },
    {
        "id": 2294,
        "username": "boris.oconnell",
        "firstName": "Theo",
        "lastName": "Howe",
        "email": "dave.maggio@gmail.com",
        "password": "qhh5ipy590aq",
        "phone": "481.527.3365 x02149",
        "userStatus": 0
    },
    {
        "id": 3972,
        "username": "ramiro.blick",
        "firstName": "Darby",
        "lastName": "Hickle",
        "email": "freddie.cummerata@hotmail.com",
        "password": "3sk65ckqgs",
        "phone": "1-921-882-0046",
        "userStatus": 0
    },
    {
        "id": 3,
        "username": "porfirio.mraz",
        "firstName": "Denise",
        "lastName": "Wilkinson",
        "email": "phebe.king@yahoo.com",
        "password": "osa14h2k9pp",
        "phone": "(304) 293-7233",
        "userStatus": 0
    },
    {
        "id": 3194,
        "username": "berneice.muller",
        "firstName": "Lazaro",
        "lastName": "Emard",
        "email": "richelle.hayes@gmail.com",
        "password": "58h1fd5i6csz1j",
        "phone": "(619) 057-3866 x00423",
        "userStatus": 0
    },
    {
        "id": 96,
        "username": "josphine.schumm",
        "firstName": "Lucina",
        "lastName": "Mayer",
        "email": "jaime.buckridge@gmail.com",
        "password": "c1zyodwza3ogxh1",
        "phone": "213-588-8077 x03597",
        "userStatus": 0
    },
    {
        "id": 556170,
        "username": "adelaida.lebsack",
        "firstName": "Dominick",
        "lastName": "Lynch",
        "email": "carl.barrows@gmail.com",
        "password": "rfa8o0riwkgoa",
        "phone": "1-286-189-1537",
        "userStatus": 0
    },
    {
        "id": 6363,
        "username": "sharla.block",
        "firstName": "Jada",
        "lastName": "Daniel",
        "email": "roscoe.ziemann@yahoo.com",
        "password": "x0wxbe3irkd6cb1",
        "phone": "(085) 990-9621",
        "userStatus": 0
    },
    {
        "id": 12395,
        "username": "mel.kassulke",
        "firstName": "Gregg",
        "lastName": "Stokes",
        "email": "bobby.daugherty@gmail.com",
        "password": "eo82wu0x3hz6a",
        "phone": "1-867-515-6689 x0843",
        "userStatus": 0
    },
    {
        "id": 1,
        "username": "ted.sauer",
        "firstName": "Jammie",
        "lastName": "Blick",
        "email": "maximo.muller@hotmail.com",
        "password": "p0xw3g2mpx141t1",
        "phone": "1-363-922-7850 x18611",
        "userStatus": 0
    },
    {
        "id": 7,
        "username": "curt.mcdermott",
        "firstName": "Kimiko",
        "lastName": "Walsh",
        "email": "charley.schulist@yahoo.com",
        "password": "x0hzzeci4sgg8c",
        "phone": "1-965-235-7287 x3620",
        "userStatus": 0
    },
    {
        "id": 9233,
        "username": "mariano.kunde",
        "firstName": "Moshe",
        "lastName": "Emmerich",
        "email": "ozzie.cormier@hotmail.com",
        "password": "4w7odmov",
        "phone": "215.575.1969 x63911",
        "userStatus": 0
    },
    {
        "id": 74010,
        "username": "suanne.walsh",
        "firstName": "Samual",
        "lastName": "Schinner",
        "email": "lauren.deckow@hotmail.com",
        "password": "lh50qliyax",
        "phone": "921-382-5344",
        "userStatus": 0
    },
    {
        "id": 56612280,
        "username": "guadalupe.wunsch",
        "firstName": "Carson",
        "lastName": "Emmerich",
        "email": "rod.torphy@gmail.com",
        "password": "8biagbl5",
        "phone": "206-552-0793 x99728",
        "userStatus": 0
    },
    {
        "id": 77581042,
        "username": "neta.sauer",
        "firstName": "Alix",
        "lastName": "Hackett",
        "email": "carmine.von@hotmail.com",
        "password": "09ptec8sg",
        "phone": "(511) 780-9604",
        "userStatus": 0
    },
    {
        "id": 68166450,
        "username": "erich.hammes",
        "firstName": "Rayford",
        "lastName": "Monahan",
        "email": "rafael.daniel@gmail.com",
        "password": "qvcn8zhbh",
        "phone": "415-197-8662 x5239",
        "userStatus": 0
    },
    {
        "id": 4,
        "username": "laurence.flatley",
        "firstName": "Ismael",
        "lastName": "Tremblay",
        "email": "jacklyn.hand@hotmail.com",
        "password": "laz1uusq",
        "phone": "(417) 590-7069",
        "userStatus": 0
    },
    {
        "id": 9,
        "username": "hassan.nader",
        "firstName": "Loria",
        "lastName": "Stoltenberg",
        "email": "jake.cummings@hotmail.com",
        "password": "7hkfv4sp68d3i",
        "phone": "713.385.7917 x1884",
        "userStatus": 0
    },
    {
        "id": 9779,
        "username": "linda.ohara",
        "firstName": "Matthew",
        "lastName": "Predovic",
        "email": "liana.legros@yahoo.com",
        "password": "d8fqk5jlp",
        "phone": "540.465.1375",
        "userStatus": 0
    },
    {
        "id": 894238,
        "username": "jeanine.gleason",
        "firstName": "Hal",
        "lastName": "Daniel",
        "email": "leandro.satterfield@yahoo.com",
        "password": "g76x2vc40",
        "phone": "(759) 890-9412 x5237",
        "userStatus": 0
    },
    {
        "id": 719200778,
        "username": "rosalva.koelpin",
        "firstName": "Miss",
        "lastName": "Wunsch",
        "email": "bret.hagenes@gmail.com",
        "password": "20kzhkvwg",
        "phone": "283-417-9004 x4115",
        "userStatus": 0
    },
    {
        "id": 6307,
        "username": "rodrick.turcotte",
        "firstName": "Graig",
        "lastName": "Schmitt",
        "email": "clora.grady@yahoo.com",
        "password": "543yxjbvoe9e7e",
        "phone": "041.581.1592 x9658",
        "userStatus": 0
    },
    {
        "id": 9592,
        "username": "khadijah.wisozk",
        "firstName": "Ramiro",
        "lastName": "Windler",
        "email": "joshua.hartmann@yahoo.com",
        "password": "65u93mwv1",
        "phone": "395-207-1949 x5696",
        "userStatus": 0
    },
    {
        "id": 84,
        "username": "milan.veum",
        "firstName": "Bettie",
        "lastName": "McCullough",
        "email": "blanch.waelchi@yahoo.com",
        "password": "mjcxgx2rm",
        "phone": "(342) 573-0631 x731",
        "userStatus": 0
    },
    {
        "id": 5134483,
        "username": "micheal.stroman",
        "firstName": "Javier",
        "lastName": "Bauch",
        "email": "dillon.lehner@gmail.com",
        "password": "nhpjaem45jvgd",
        "phone": "043-756-2389 x8075",
        "userStatus": 0
    },
    {
        "id": 635364971,
        "username": "jenniffer.romaguera",
        "firstName": "Germaine",
        "lastName": "Dicki",
        "email": "freeman.collins@hotmail.com",
        "password": "gfj3j63ge8lxq7y",
        "phone": "1-471-269-2845",
        "userStatus": 0
    },
    {
        "id": 9,
        "username": "elza.dach",
        "firstName": "Cory",
        "lastName": "Dibbert",
        "email": "jake.schimmel@hotmail.com",
        "password": "6gkdnfps861h",
        "phone": "1-999-768-8384 x8445",
        "userStatus": 0
    },
    {
        "id": 66753574,
        "username": "florentino.emard",
        "firstName": "Hayley",
        "lastName": "Sanford",
        "email": "pierre.anderson@yahoo.com",
        "password": "u280ncdyx0far",
        "phone": "418-143-8547 x52689",
        "userStatus": 0
    },
    {
        "id": 3234,
        "username": "page.howe",
        "firstName": "Gregorio",
        "lastName": "Schuster",
        "email": "william.huel@yahoo.com",
        "password": "bswfljdf6xwd9g",
        "phone": "696-350-6053 x0683",
        "userStatus": 0
    },
    {
        "id": 15670881,
        "username": "refugio.ritchie",
        "firstName": "Latoyia",
        "lastName": "Metz",
        "email": "geoffrey.bayer@gmail.com",
        "password": "bsxuu7ov2ovqze",
        "phone": "819-038-5503",
        "userStatus": 0
    },
    {
        "id": 7817913,
        "username": "scott.feil",
        "firstName": "Dominica",
        "lastName": "VonRueden",
        "email": "oswaldo.beatty@gmail.com",
        "password": "f2hcrd5yjhu8",
        "phone": "640.999.8036 x944",
        "userStatus": 0
    },
    {
        "id": 7993,
        "username": "violet.fadel",
        "firstName": "Demarcus",
        "lastName": "Hessel",
        "email": "rich.murray@gmail.com",
        "password": "jmry26nd0cx",
        "phone": "1-896-515-5305 x22574",
        "userStatus": 0
    },
    {
        "id": 2975697,
        "username": "michele.friesen",
        "firstName": "Sadie",
        "lastName": "Schmeler",
        "email": "logan.fadel@yahoo.com",
        "password": "xqm03g2g",
        "phone": "(320) 867-3326 x471",
        "userStatus": 0
    },
    {
        "id": 2315082,
        "username": "david.quitzon",
        "firstName": "Emil",
        "lastName": "Gerhold",
        "email": "calista.beatty@yahoo.com",
        "password": "5yqlqfj4k",
        "phone": "1-368-197-3035",
        "userStatus": 0
    },
    {
        "id": 317683438,
        "username": "jackson.wehner",
        "firstName": "Patrica",
        "lastName": "Hoppe",
        "email": "donnetta.will@hotmail.com",
        "password": "iyb6v2ksd",
        "phone": "1-405-679-8988 x0654",
        "userStatus": 0
    },
    {
        "id": 64045,
        "username": "gertrud.schuster",
        "firstName": "Raymon",
        "lastName": "Heller",
        "email": "cornell.larkin@gmail.com",
        "password": "ek335xsvo",
        "phone": "861.898.0571 x859",
        "userStatus": 0
    },
    {
        "id": 83365557,
        "username": "annice.bergstrom",
        "firstName": "Eddie",
        "lastName": "Mosciski",
        "email": "sondra.windler@gmail.com",
        "password": "zpfkb8bpjdgb",
        "phone": "886.258.5945 x1179",
        "userStatus": 0
    },
    {
        "id": 622,
        "username": "johnie.jacobi",
        "firstName": "Amira",
        "lastName": "Jacobson",
        "email": "eli.wisozk@gmail.com",
        "password": "2j0o3iueg5",
        "phone": "985.232.0108 x397",
        "userStatus": 0
    },
    {
        "id": 6,
        "username": "claudio.miller",
        "firstName": "Millie",
        "lastName": "Ondricka",
        "email": "marilou.wisoky@hotmail.com",
        "password": "2p68nx3frtvxg",
        "phone": "361-518-9246 x5189",
        "userStatus": 0
    },
    {
        "id": 46962288,
        "username": "josie.windler",
        "firstName": "Trenton",
        "lastName": "Leuschke",
        "email": "daisey.nikolaus@hotmail.com",
        "password": "lca4uvkm16h",
        "phone": "021-049-8698",
        "userStatus": 0
    },
    {
        "id": 917241,
        "username": "ned.dare",
        "firstName": "Jackie",
        "lastName": "Feil",
        "email": "errol.ankunding@yahoo.com",
        "password": "9f8sv9gc",
        "phone": "(169) 146-7594 x19071",
        "userStatus": 0
    },
    {
        "id": 50876,
        "username": "lucien.brakus",
        "firstName": "Artie",
        "lastName": "Skiles",
        "email": "stewart.howell@yahoo.com",
        "password": "vqc29un5",
        "phone": "1-480-179-2172",
        "userStatus": 0
    },
    {
        "id": 8871,
        "username": "lurlene.bayer",
        "firstName": "Ashley",
        "lastName": "Reichel",
        "email": "melvin.hoeger@gmail.com",
        "password": "xwcow4xd0j",
        "phone": "177-339-8565 x4524",
        "userStatus": 0
    },
    {
        "id": 3,
        "username": "weston.considine",
        "firstName": "Nestor",
        "lastName": "Heller",
        "email": "luciano.blick@yahoo.com",
        "password": "ojdlzju04bdgu",
        "phone": "736.019.5901 x82488",
        "userStatus": 0
    },
    {
        "id": 18695,
        "username": "wilfred.senger",
        "firstName": "Ramiro",
        "lastName": "Medhurst",
        "email": "broderick.brekke@gmail.com",
        "password": "a4a7i15s60z",
        "phone": "298.072.3065 x10129",
        "userStatus": 0
    },
    {
        "id": 6833189,
        "username": "ehtel.walker",
        "firstName": "Herman",
        "lastName": "Kertzmann",
        "email": "galen.hand@gmail.com",
        "password": "5rm8950f5k",
        "phone": "(803) 016-2157",
        "userStatus": 0
    },
    {
        "id": 7091,
        "username": "renato.marvin",
        "firstName": "Clinton",
        "lastName": "O'Hara",
        "email": "tracy.will@hotmail.com",
        "password": "me4hdk80yfb7h",
        "phone": "722.472.6061 x41148",
        "userStatus": 0
    },
    {
        "id": 78181192,
        "username": "forrest.mertz",
        "firstName": "Arlen",
        "lastName": "Streich",
        "email": "tena.miller@hotmail.com",
        "password": "r2wbx7b8so",
        "phone": "(377) 686-7326",
        "userStatus": 0
    },
    {
        "id": 63866582,
        "username": "rachelle.russel",
        "firstName": "Kristen",
        "lastName": "Satterfield",
        "email": "lajuana.jast@hotmail.com",
        "password": "2gakcea04a7e",
        "phone": "969-761-9048",
        "userStatus": 0
    },
    {
        "id": 47867,
        "username": "joanne.runolfsson",
        "firstName": "Treena",
        "lastName": "Christiansen",
        "email": "herbert.mertz@gmail.com",
        "password": "h20atkcv9c0y4",
        "phone": "692-844-5953 x31762",
        "userStatus": 0
    },
    {
        "id": 366665,
        "username": "joy.abbott",
        "firstName": "Retha",
        "lastName": "Hackett",
        "email": "mariette.kovacek@hotmail.com",
        "password": "qwva9qzdl",
        "phone": "(675) 512-4356",
        "userStatus": 0
    },
    {
        "id": 990916,
        "username": "joseph.hermiston",
        "firstName": "Guy",
        "lastName": "Powlowski",
        "email": "hayden.robel@gmail.com",
        "password": "hkuo8ye7",
        "phone": "1-427-870-7731",
        "userStatus": 0
    },
    {
        "id": 26,
        "username": "jeffie.labadie",
        "firstName": "Chanelle",
        "lastName": "Rice",
        "email": "jacinto.braun@yahoo.com",
        "password": "v4456nhkb2it",
        "phone": "205-076-1157 x3724",
        "userStatus": 0
    },
    {
        "id": 52822415,
        "username": "victor.bode",
        "firstName": "Jamie",
        "lastName": "Kshlerin",
        "email": "dania.bosco@yahoo.com",
        "password": "wld4ayxsgyk33h7",
        "phone": "(526) 549-7492 x8710",
        "userStatus": 0
    },
    {
        "id": 10106,
        "username": "mavis.denesik",
        "firstName": "Ling",
        "lastName": "Quitzon",
        "email": "ward.flatley@hotmail.com",
        "password": "v8w8uhbf8e1xhf",
        "phone": "021-161-2626 x5053",
        "userStatus": 0
    },
    {
        "id": 953,
        "username": "bobby.heathcote",
        "firstName": "Bret",
        "lastName": "Feest",
        "email": "malorie.spinka@gmail.com",
        "password": "zknkvr2fx",
        "phone": "746-059-1401 x170",
        "userStatus": 0
    },
    {
        "id": 3486816,
        "username": "elisha.jerde",
        "firstName": "Delinda",
        "lastName": "Deckow",
        "email": "lurline.mcclure@hotmail.com",
        "password": "9xzjad4gfu",
        "phone": "147.290.5379",
        "userStatus": 0
    },
    {
        "id": 39738,
        "username": "kate.reilly",
        "firstName": "Abbey",
        "lastName": "Ferry",
        "email": "venus.maggio@hotmail.com",
        "password": "6mad1m81gtl76",
        "phone": "(570) 683-7292 x557",
        "userStatus": 0
    },
    {
        "id": 70945724,
        "username": "issac.spencer",
        "firstName": "Everette",
        "lastName": "Conn",
        "email": "emmett.ryan@gmail.com",
        "password": "ziuh3oho6p0k3s2",
        "phone": "898.634.3262 x4163",
        "userStatus": 0
    },
    {
        "id": 7,
        "username": "marlena.wolff",
        "firstName": "Alexander",
        "lastName": "Lynch",
        "email": "jonah.thompson@yahoo.com",
        "password": "kbiao1zi4",
        "phone": "946.396.3865 x002",
        "userStatus": 0
    },
    {
        "id": 7122,
        "username": "concetta.schmidt",
        "firstName": "Noella",
        "lastName": "Barton",
        "email": "lennie.considine@yahoo.com",
        "password": "73vc06nzx",
        "phone": "853.758.5118 x685",
        "userStatus": 0
    },
    {
        "id": 3891410,
        "username": "clinton.greenholt",
        "firstName": "Rolland",
        "lastName": "Torphy",
        "email": "gerry.ritchie@hotmail.com",
        "password": "ip2c57yv78",
        "phone": "463.177.1925 x01779",
        "userStatus": 0
    },
    {
        "id": 23,
        "username": "lorretta.keeling",
        "firstName": "Victor",
        "lastName": "Howell",
        "email": "mireya.leffler@hotmail.com",
        "password": "698nn9g2i3b9",
        "phone": "187.974.9764 x746",
        "userStatus": 0
    },
    {
        "id": 19,
        "username": "geraldo.larkin",
        "firstName": "Alessandra",
        "lastName": "Dach",
        "email": "rogelio.pagac@gmail.com",
        "password": "tdz2mha10meos",
        "phone": "(263) 137-4737",
        "userStatus": 0
    },
    {
        "id": 319628561,
        "username": "patricia.okeefe",
        "firstName": "Karren",
        "lastName": "Stark",
        "email": "kevin.kutch@gmail.com",
        "password": "g23w7zgzml",
        "phone": "1-552-895-3326 x213",
        "userStatus": 0
    },
    {
        "id": 18638,
        "username": "in.feeney",
        "firstName": "Kenny",
        "lastName": "Zieme",
        "email": "lorrine.larkin@gmail.com",
        "password": "3mwrp0lv",
        "phone": "583.510.5662",
        "userStatus": 0
    },
    {
        "id": 5811044,
        "username": "evelina.morissette",
        "firstName": "Donn",
        "lastName": "Cronin",
        "email": "young.runte@gmail.com",
        "password": "3uzl0tkrez8",
        "phone": "(330) 764-7996 x06939",
        "userStatus": 0
    },
    {
        "id": 75972,
        "username": "jina.turner",
        "firstName": "George",
        "lastName": "Medhurst",
        "email": "neal.cole@gmail.com",
        "password": "9x9lfds5195m",
        "phone": "1-361-323-1005 x1197",
        "userStatus": 0
    },
    {
        "id": 263329,
        "username": "fransisca.towne",
        "firstName": "Tanner",
        "lastName": "Gorczany",
        "email": "tara.hilll@gmail.com",
        "password": "z09entll8s",
        "phone": "1-872-303-2521 x5102",
        "userStatus": 0
    },
    {
        "id": 33,
        "username": "rosemary.champlin",
        "firstName": "Asa",
        "lastName": "Hermiston",
        "email": "evelina.johns@yahoo.com",
        "password": "pvq1vcrv15j94",
        "phone": "787.328.9491 x86024",
        "userStatus": 0
    },
    {
        "id": 14544,
        "username": "micheal.stehr",
        "firstName": "Teresa",
        "lastName": "Simonis",
        "email": "staci.strosin@yahoo.com",
        "password": "bqo3atwagy7hc",
        "phone": "1-098-204-6053 x014",
        "userStatus": 0
    },
    {
        "id": 7,
        "username": "sal.gaylord",
        "firstName": "Nelida",
        "lastName": "Beier",
        "email": "karma.schmeler@yahoo.com",
        "password": "tp8vgxnoo",
        "phone": "1-808-269-4055 x420",
        "userStatus": 0
    },
    {
        "id": 1283504,
        "username": "ron.gleichner",
        "firstName": "Delora",
        "lastName": "Treutel",
        "email": "vern.reichel@hotmail.com",
        "password": "qy0y68ygaxmvq",
        "phone": "1-998-808-1620 x4793",
        "userStatus": 0
    },
    {
        "id": 59707,
        "username": "guy.huel",
        "firstName": "Jestine",
        "lastName": "Dooley",
        "email": "lloyd.kuhn@gmail.com",
        "password": "039ao2u1hzmhpow",
        "phone": "(849) 619-0448",
        "userStatus": 0
    },
    {
        "id": 2497322,
        "username": "tien.mayer",
        "firstName": "Dusty",
        "lastName": "Carroll",
        "email": "benton.schroeder@hotmail.com",
        "password": "ehieoas2fi",
        "phone": "(872) 804-2246 x6287",
        "userStatus": 0
    },
    {
        "id": 55,
        "username": "missy.brakus",
        "firstName": "Andre",
        "lastName": "Kirlin",
        "email": "pok.gerlach@gmail.com",
        "password": "ztw5s8winaytg",
        "phone": "356.414.4684 x8488",
        "userStatus": 0
    },
    {
        "id": 2144,
        "username": "tenisha.kilback",
        "firstName": "Florencio",
        "lastName": "Brakus",
        "email": "ardell.stamm@gmail.com",
        "password": "8ggrfqrq",
        "phone": "096-516-3543",
        "userStatus": 0
    },
    {
        "id": 44207599,
        "username": "myles.zemlak",
        "firstName": "Herschel",
        "lastName": "Reinger",
        "email": "rico.sporer@yahoo.com",
        "password": "9he599eraun34",
        "phone": "1-327-386-8561",
        "userStatus": 0
    },
    {
        "id": 9,
        "username": "deangelo.ondricka",
        "firstName": "Charity",
        "lastName": "Kessler",
        "email": "james.davis@yahoo.com",
        "password": "ye7yyipo0i1g5",
        "phone": "(184) 016-2527",
        "userStatus": 0
    },
    {
        "id": 534,
        "username": "terrence.crooks",
        "firstName": "Willena",
        "lastName": "Kling",
        "email": "margareta.quigley@hotmail.com",
        "password": "csbzcvx7o",
        "phone": "1-693-504-7509 x725",
        "userStatus": 0
    },
    {
        "id": 171,
        "username": "brendon.goodwin",
        "firstName": "Vella",
        "lastName": "Considine",
        "email": "syble.ferry@yahoo.com",
        "password": "aiu6wamej98nvm",
        "phone": "291.412.8215 x9193",
        "userStatus": 0
    },
    {
        "id": 5,
        "username": "terence.kirlin",
        "firstName": "Ethelene",
        "lastName": "Wunsch",
        "email": "dovie.abernathy@yahoo.com",
        "password": "v86cr2chjv0d58",
        "phone": "971.218.2719",
        "userStatus": 0
    },
    {
        "id": 12,
        "username": "sung.considine",
        "firstName": "Arron",
        "lastName": "Terry",
        "email": "florencio.terry@yahoo.com",
        "password": "ve5axe1mvrv4y3",
        "phone": "248.997.3351 x2638",
        "userStatus": 0
    },
    {
        "id": 1489,
        "username": "aura.botsford",
        "firstName": "Laveta",
        "lastName": "Schmitt",
        "email": "avery.wolf@yahoo.com",
        "password": "wxb3cbwoi5s",
        "phone": "154.222.6581 x02988",
        "userStatus": 0
    },
    {
        "id": 85779749,
        "username": "karon.kirlin",
        "firstName": "Riley",
        "lastName": "Davis",
        "email": "liberty.hagenes@hotmail.com",
        "password": "4gjcf9nriuba2sq",
        "phone": "(467) 278-1091 x6241",
        "userStatus": 0
    },
    {
        "id": 422792,
        "username": "rutha.welch",
        "firstName": "Bennett",
        "lastName": "Schultz",
        "email": "doreen.murphy@hotmail.com",
        "password": "zg68vsla88q6",
        "phone": "(879) 407-7176 x664",
        "userStatus": 0
    },
    {
        "id": 220018,
        "username": "zachery.raynor",
        "firstName": "Filiberto",
        "lastName": "Gerlach",
        "email": "robin.mitchell@yahoo.com",
        "password": "2g2enc5chb7q",
        "phone": "1-773-976-0423 x666",
        "userStatus": 0
    },
    {
        "id": 66999,
        "username": "walton.stokes",
        "firstName": "Madelaine",
        "lastName": "Harvey",
        "email": "annetta.auer@hotmail.com",
        "password": "tm8jy6x7ytc",
        "phone": "666.633.2474",
        "userStatus": 0
    },
    {
        "id": 21540176,
        "username": "shasta.klein",
        "firstName": "Norris",
        "lastName": "Gaylord",
        "email": "caron.swaniawski@yahoo.com",
        "password": "ryebcy6920b",
        "phone": "820.977.3131 x756",
        "userStatus": 0
    },
    {
        "id": 382296,
        "username": "marcy.corkery",
        "firstName": "Louetta",
        "lastName": "Schuppe",
        "email": "andre.king@yahoo.com",
        "password": "qn2fpek6vp9gtm",
        "phone": "(389) 549-4660 x687",
        "userStatus": 0
    },
    {
        "id": 879,
        "username": "dominica.kirlin",
        "firstName": "Neely",
        "lastName": "Russel",
        "email": "ramon.howell@hotmail.com",
        "password": "ahr5nuxxqgi4r",
        "phone": "1-144-541-1959 x97886",
        "userStatus": 0
    },
    {
        "id": 6200,
        "username": "terence.fahey",
        "firstName": "Arden",
        "lastName": "VonRueden",
        "email": "joyce.hirthe@gmail.com",
        "password": "cdq1d4oa4",
        "phone": "136-868-5343 x6726",
        "userStatus": 0
    },
    {
        "id": 325487,
        "username": "gilberto.gulgowski",
        "firstName": "Toney",
        "lastName": "Roberts",
        "email": "leopoldo.bins@hotmail.com",
        "password": "wgacv5tqjc969aw",
        "phone": "1-475-172-7935",
        "userStatus": 0
    },
    {
        "id": 7911,
        "username": "leonie.tremblay",
        "firstName": "Rickie",
        "lastName": "Champlin",
        "email": "danna.goyette@gmail.com",
        "password": "s9ggyh2ixo1w",
        "phone": "614.048.3045",
        "userStatus": 0
    },
    {
        "id": 98650,
        "username": "will.kuhlman",
        "firstName": "Eden",
        "lastName": "Gutmann",
        "email": "meryl.gerlach@yahoo.com",
        "password": "gwtni8h58ipy",
        "phone": "(889) 528-1664",
        "userStatus": 0
    },
    {
        "id": 3458733,
        "username": "haley.brown",
        "firstName": "August",
        "lastName": "Borer",
        "email": "bob.boehm@yahoo.com",
        "password": "x89hlovo5",
        "phone": "(121) 549-2747",
        "userStatus": 0
    },
    {
        "id": 4039548,
        "username": "kay.brekke",
        "firstName": "Sparkle",
        "lastName": "Huel",
        "email": "quintin.predovic@gmail.com",
        "password": "fx67hwte8",
        "phone": "430.258.9396 x67893",
        "userStatus": 0
    },
    {
        "id": 626,
        "username": "ricky.mitchell",
        "firstName": "Macy",
        "lastName": "Veum",
        "email": "luci.johnson@yahoo.com",
        "password": "mt27e545",
        "phone": "710.230.1106 x680",
        "userStatus": 0
    },
    {
        "id": 713,
        "username": "shawn.stracke",
        "firstName": "Zona",
        "lastName": "Blick",
        "email": "newton.corkery@yahoo.com",
        "password": "xid6lt5qr",
        "phone": "1-538-980-3584 x2783",
        "userStatus": 0
    },
    {
        "id": 787318401,
        "username": "philomena.fay",
        "firstName": "Chauncey",
        "lastName": "Streich",
        "email": "jude.hoeger@yahoo.com",
        "password": "dd7x30a798vnhxa",
        "phone": "1-531-158-6224 x38664",
        "userStatus": 0
    },
    {
        "id": 4,
        "username": "rene.hand",
        "firstName": "Eufemia",
        "lastName": "Feeney",
        "email": "angel.rice@hotmail.com",
        "password": "0tkc43w2wpz",
        "phone": "800.360.7051",
        "userStatus": 0
    },
    {
        "id": 503643498,
        "username": "arnulfo.gorczany",
        "firstName": "Ryan",
        "lastName": "Turcotte",
        "email": "lai.rau@yahoo.com",
        "password": "3qo1he6pwtffhqd",
        "phone": "1-628-263-4660 x756",
        "userStatus": 0
    },
    {
        "id": 834457620,
        "username": "victor.damore",
        "firstName": "Porfirio",
        "lastName": "Johnson",
        "email": "erich.rogahn@gmail.com",
        "password": "b65ooeh9m0yi18",
        "phone": "1-773-554-6319",
        "userStatus": 0
    },
    {
        "id": 30312271,
        "username": "jame.robel",
        "firstName": "Wendell",
        "lastName": "Heathcote",
        "email": "dorris.hettinger@hotmail.com",
        "password": "gnbzo6spf",
        "phone": "1-571-667-2976 x16764",
        "userStatus": 0
    },
    {
        "id": 825,
        "username": "raymond.reilly",
        "firstName": "Roselia",
        "lastName": "DuBuque",
        "email": "brant.kirlin@gmail.com",
        "password": "eporjlky",
        "phone": "(312) 531-2621",
        "userStatus": 0
    },
    {
        "id": 13,
        "username": "thora.hickle",
        "firstName": "Gordon",
        "lastName": "Rohan",
        "email": "emile.ferry@hotmail.com",
        "password": "w2bwf5ce86kc61",
        "phone": "980.510.4460",
        "userStatus": 0
    },
    {
        "id": 617303,
        "username": "andrew.zemlak",
        "firstName": "Eleanore",
        "lastName": "Bradtke",
        "email": "elisa.barrows@gmail.com",
        "password": "qez5qel653vuupe",
        "phone": "967-225-3861 x06968",
        "userStatus": 0
    },
    {
        "id": 3932,
        "username": "jonas.dickens",
        "firstName": "Robbin",
        "lastName": "Corwin",
        "email": "alden.leannon@yahoo.com",
        "password": "3uudp5edqceob6b",
        "phone": "(523) 341-8343 x691",
        "userStatus": 0
    },
    {
        "id": 182,
        "username": "glendora.lakin",
        "firstName": "Rolland",
        "lastName": "Morar",
        "email": "letha.gerlach@yahoo.com",
        "password": "83zx6dka",
        "phone": "1-103-530-1972",
        "userStatus": 0
    },
    {
        "id": 5,
        "username": "blanch.bradtke",
        "firstName": "Lemuel",
        "lastName": "Romaguera",
        "email": "freida.hyatt@gmail.com",
        "password": "tuwdrs0nmimw",
        "phone": "1-155-801-0151",
        "userStatus": 0
    },
    {
        "id": 7983,
        "username": "darrick.friesen",
        "firstName": "Theola",
        "lastName": "Schinner",
        "email": "renata.sawayn@hotmail.com",
        "password": "vutw03tqo9w",
        "phone": "(922) 817-1845",
        "userStatus": 0
    },
    {
        "id": 7210769,
        "username": "lilian.harvey",
        "firstName": "Miquel",
        "lastName": "Gottlieb",
        "email": "nannie.rau@gmail.com",
        "password": "l97vprtuw",
        "phone": "406-043-2332 x271",
        "userStatus": 0
    },
    {
        "id": 27369841,
        "username": "abraham.gottlieb",
        "firstName": "Thuy",
        "lastName": "Graham",
        "email": "queenie.haley@yahoo.com",
        "password": "8ywo1ntar",
        "phone": "349-408-2408",
        "userStatus": 0
    },
    {
        "id": 31,
        "username": "victor.hamill",
        "firstName": "Meredith",
        "lastName": "Simonis",
        "email": "angella.denesik@hotmail.com",
        "password": "fffolv7qf35yq",
        "phone": "(989) 404-3046 x11319",
        "userStatus": 0
    },
    {
        "id": 642007,
        "username": "nathanial.hahn",
        "firstName": "Wilfred",
        "lastName": "Abbott",
        "email": "marilyn.gerhold@yahoo.com",
        "password": "1lljxafl",
        "phone": "1-097-498-3577",
        "userStatus": 0
    },
    {
        "id": 0,
        "username": "val.cruickshank",
        "firstName": "Bill",
        "lastName": "Kihn",
        "email": "alma.prosacco@yahoo.com",
        "password": "l2ucnjac",
        "phone": "1-986-007-5613",
        "userStatus": 0
    },
    {
        "id": 6,
        "username": "garret.mertz",
        "firstName": "Reggie",
        "lastName": "Friesen",
        "email": "lindsey.gusikowski@yahoo.com",
        "password": "mm0kv1lo22",
        "phone": "(590) 182-4772 x1397",
        "userStatus": 0
    },
    {
        "id": 87822,
        "username": "maire.kihn",
        "firstName": "Casie",
        "lastName": "Gutkowski",
        "email": "stefan.zemlak@yahoo.com",
        "password": "z3byt5eb",
        "phone": "647.028.2672",
        "userStatus": 0
    },
    {
        "id": 8890966,
        "username": "ollie.quitzon",
        "firstName": "Tamekia",
        "lastName": "Rice",
        "email": "bell.wehner@yahoo.com",
        "password": "qrk5idlopzj",
        "phone": "(953) 618-5522 x60745",
        "userStatus": 0
    },
    {
        "id": 90001969,
        "username": "adalberto.roberts",
        "firstName": "Al",
        "lastName": "Hartmann",
        "email": "talitha.wiza@hotmail.com",
        "password": "fe9dptifhzyw",
        "phone": "1-964-628-4599 x782",
        "userStatus": 0
    },
    {
        "id": 8310691,
        "username": "emile.crist",
        "firstName": "Mac",
        "lastName": "Heaney",
        "email": "sheron.gleichner@gmail.com",
        "password": "o6ssu52u",
        "phone": "1-540-624-0924 x436",
        "userStatus": 0
    },
    {
        "id": 1181,
        "username": "louis.stoltenberg",
        "firstName": "Julieta",
        "lastName": "Kutch",
        "email": "thomasina.armstrong@hotmail.com",
        "password": "1n1d54meq6g",
        "phone": "1-183-757-8451 x814",
        "userStatus": 0
    },
    {
        "id": 20483,
        "username": "federico.abernathy",
        "firstName": "Rigoberto",
        "lastName": "Wolf",
        "email": "rhett.stamm@yahoo.com",
        "password": "bxyi6ukc8api",
        "phone": "920.022.0590 x12502",
        "userStatus": 0
    },
    {
        "id": 80545072,
        "username": "rosalinda.strosin",
        "firstName": "Alverta",
        "lastName": "Carroll",
        "email": "darren.bechtelar@hotmail.com",
        "password": "yh1i3ft2q0nlf",
        "phone": "138.742.2801",
        "userStatus": 0
    },
    {
        "id": 418661,
        "username": "clifford.mueller",
        "firstName": "Johnie",
        "lastName": "Prosacco",
        "email": "yung.wilderman@hotmail.com",
        "password": "zuazlfhr",
        "phone": "487-667-4642 x187",
        "userStatus": 0
    },
    {
        "id": 548216858,
        "username": "zada.ortiz",
        "firstName": "Brooks",
        "lastName": "Gibson",
        "email": "rena.johns@yahoo.com",
        "password": "2jzn7gwk",
        "phone": "852-002-9365 x04852",
        "userStatus": 0
    },
    {
        "id": 1439785,
        "username": "deshawn.braun",
        "firstName": "Kristle",
        "lastName": "D'Amore",
        "email": "dodie.daugherty@yahoo.com",
        "password": "cy6z3vbl2pkb",
        "phone": "1-493-969-9879 x18610",
        "userStatus": 0
    },
    {
        "id": 380206886,
        "username": "napoleon.rohan",
        "firstName": "Demetria",
        "lastName": "Nicolas",
        "email": "lonny.parker@gmail.com",
        "password": "zz55epq7n",
        "phone": "737-067-8058 x562",
        "userStatus": 0
    },
    {
        "id": 148,
        "username": "micheal.daugherty",
        "firstName": "Mellisa",
        "lastName": "Kub",
        "email": "yvonne.williamson@hotmail.com",
        "password": "fvf2ydi3y8",
        "phone": "876-780-4852",
        "userStatus": 0
    },
    {
        "id": 9531412,
        "username": "kim.rodriguez",
        "firstName": "Brianna",
        "lastName": "Goldner",
        "email": "candyce.johns@yahoo.com",
        "password": "lxj64xxcjm",
        "phone": "1-374-388-2798",
        "userStatus": 0
    },
    {
        "id": 63688831,
        "username": "arthur.weissnat",
        "firstName": "Inger",
        "lastName": "Effertz",
        "email": "jarod.schumm@gmail.com",
        "password": "1yrkiurhxp74",
        "phone": "1-382-257-1640",
        "userStatus": 0
    },
    {
        "id": 98964649,
        "username": "delmer.bartell",
        "firstName": "Ilana",
        "lastName": "Hilll",
        "email": "mariano.orn@hotmail.com",
        "password": "l33ocf9f0ya",
        "phone": "665.101.3679",
        "userStatus": 0
    },
    {
        "id": 291270,
        "username": "marlin.keeling",
        "firstName": "Anthony",
        "lastName": "Trantow",
        "email": "tommy.abbott@hotmail.com",
        "password": "7yaof7s4119xm4",
        "phone": "1-826-013-0614 x898",
        "userStatus": 0
    },
    {
        "id": 7290426,
        "username": "dewey.cronin",
        "firstName": "Jackeline",
        "lastName": "Wolf",
        "email": "hobert.okon@yahoo.com",
        "password": "b4271wlwy4mgz9t",
        "phone": "838.149.7475",
        "userStatus": 0
    },
    {
        "id": 889750358,
        "username": "nichol.schamberger",
        "firstName": "Brenna",
        "lastName": "Labadie",
        "email": "napoleon.becker@hotmail.com",
        "password": "pfxynk2tlp",
        "phone": "1-865-852-2230",
        "userStatus": 0
    },
    {
        "id": 934,
        "username": "johnson.stoltenberg",
        "firstName": "Johnie",
        "lastName": "Blanda",
        "email": "daniel.spinka@hotmail.com",
        "password": "opj7mmjxx",
        "phone": "195.823.5748 x69818",
        "userStatus": 0
    },
    {
        "id": 98,
        "username": "kittie.beatty",
        "firstName": "Tula",
        "lastName": "Morissette",
        "email": "kimbery.gleichner@yahoo.com",
        "password": "fsiqznse6ikyeb",
        "phone": "277.892.7567",
        "userStatus": 0
    },
    {
        "id": 159,
        "username": "lizzie.schimmel",
        "firstName": "Johnie",
        "lastName": "Walker",
        "email": "oliver.rodriguez@yahoo.com",
        "password": "i5k3mzni",
        "phone": "697-499-2286 x539",
        "userStatus": 0
    },
    {
        "id": 861412,
        "username": "terese.willms",
        "firstName": "Shemeka",
        "lastName": "Parker",
        "email": "donnie.conn@yahoo.com",
        "password": "xkiefupl4s5en",
        "phone": "568.252.7144",
        "userStatus": 0
    },
    {
        "id": 2639115,
        "username": "carolynn.toy",
        "firstName": "Royal",
        "lastName": "Padberg",
        "email": "devon.spencer@hotmail.com",
        "password": "fw246zax",
        "phone": "(253) 782-3403 x479",
        "userStatus": 0
    },
    {
        "id": 374076,
        "username": "courtney.hartmann",
        "firstName": "Caleb",
        "lastName": "Renner",
        "email": "roxanna.moore@yahoo.com",
        "password": "ks18nstjgihf61",
        "phone": "(331) 456-9297 x3811",
        "userStatus": 0
    },
    {
        "id": 1750623,
        "username": "epifania.west",
        "firstName": "Booker",
        "lastName": "Walsh",
        "email": "mazie.wisozk@yahoo.com",
        "password": "kjs9rhu6pxx",
        "phone": "813.857.1470 x52017",
        "userStatus": 0
    },
    {
        "id": 99,
        "username": "micheal.carter",
        "firstName": "Mari",
        "lastName": "Erdman",
        "email": "phillip.mclaughlin@hotmail.com",
        "password": "wusl5c26b6j5ae9",
        "phone": "(584) 509-0000 x59982",
        "userStatus": 0
    },
    {
        "id": 7068738,
        "username": "ronnie.gutmann",
        "firstName": "Thaddeus",
        "lastName": "Wisozk",
        "email": "rolland.schoen@yahoo.com",
        "password": "gl6yze8u3o",
        "phone": "(431) 276-4076 x43664",
        "userStatus": 0
    },
    {
        "id": 461193,
        "username": "kenyetta.casper",
        "firstName": "Clemente",
        "lastName": "Mann",
        "email": "phoebe.lang@gmail.com",
        "password": "s1wokfng1ox4",
        "phone": "134-586-8386",
        "userStatus": 0
    },
    {
        "id": 87492,
        "username": "buena.luettgen",
        "firstName": "Shaneka",
        "lastName": "Reichert",
        "email": "suzette.veum@hotmail.com",
        "password": "h6go0rkk9g08r",
        "phone": "743-971-9839",
        "userStatus": 0
    },
    {
        "id": 86956502,
        "username": "dominique.murphy",
        "firstName": "Dexter",
        "lastName": "Hartmann",
        "email": "allen.leffler@yahoo.com",
        "password": "1i5i9hu2n3",
        "phone": "162.271.2879 x67149",
        "userStatus": 0
    },
    {
        "id": 8425,
        "username": "stacey.dare",
        "firstName": "Leatrice",
        "lastName": "Koepp",
        "email": "micheal.ward@gmail.com",
        "password": "i72jiayemjl34vv",
        "phone": "(788) 804-6013 x274",
        "userStatus": 0
    },
    {
        "id": 12321,
        "username": "betty.kertzmann",
        "firstName": "Adriana",
        "lastName": "Daniel",
        "email": "joan.luettgen@hotmail.com",
        "password": "vis74avd03tu8",
        "phone": "292-404-8281 x58938",
        "userStatus": 0
    },
    {
        "id": 9034842,
        "username": "frederick.goyette",
        "firstName": "Josue",
        "lastName": "Deckow",
        "email": "denae.farrell@hotmail.com",
        "password": "t0r5l9ycxs5bza",
        "phone": "1-753-444-0904 x312",
        "userStatus": 0
    },
    {
        "id": 9370882,
        "username": "britany.collier",
        "firstName": "Rosie",
        "lastName": "Huels",
        "email": "adena.kassulke@yahoo.com",
        "password": "ka7uzrxahsjr",
        "phone": "(820) 000-6049",
        "userStatus": 0
    },
    {
        "id": 911,
        "username": "stephan.wiegand",
        "firstName": "Laurence",
        "lastName": "Welch",
        "email": "christena.ebert@hotmail.com",
        "password": "f2gwjz6aq",
        "phone": "533-019-7252 x5655",
        "userStatus": 0
    },
    {
        "id": 17504742,
        "username": "laree.mayert",
        "firstName": "Dakota",
        "lastName": "Bayer",
        "email": "randall.jones@yahoo.com",
        "password": "psuyh6izo",
        "phone": "(483) 336-6522",
        "userStatus": 0
    },
    {
        "id": 6966656,
        "username": "orval.kshlerin",
        "firstName": "Shayla",
        "lastName": "Leffler",
        "email": "lashaunda.wisoky@yahoo.com",
        "password": "lx5i53m49l5pfv",
        "phone": "(315) 780-3157 x878",
        "userStatus": 0
    },
    {
        "id": 3359,
        "username": "cole.rosenbaum",
        "firstName": "Van",
        "lastName": "Lebsack",
        "email": "andre.casper@yahoo.com",
        "password": "2b80o0raoqpu",
        "phone": "777.540.0500",
        "userStatus": 0
    },
    {
        "id": 2,
        "username": "donny.hudson",
        "firstName": "Shon",
        "lastName": "Bogisich",
        "email": "pauletta.koepp@yahoo.com",
        "password": "j9sf5l1d68qsiup",
        "phone": "(108) 588-1703 x32545",
        "userStatus": 0
    },
    {
        "id": 79271918,
        "username": "garry.schuster",
        "firstName": "Eda",
        "lastName": "Romaguera",
        "email": "vicky.lubowitz@gmail.com",
        "password": "wo55qu3ky",
        "phone": "1-844-375-6740 x23959",
        "userStatus": 0
    },
    {
        "id": 40697551,
        "username": "javier.marvin",
        "firstName": "Verlene",
        "lastName": "Hoeger",
        "email": "harriett.turcotte@yahoo.com",
        "password": "rkch3169",
        "phone": "818.356.4144",
        "userStatus": 0
    },
    {
        "id": 534913,
        "username": "carroll.grimes",
        "firstName": "Stephen",
        "lastName": "Streich",
        "email": "deanne.watsica@hotmail.com",
        "password": "02cj9so7sv4b9",
        "phone": "870-360-6765",
        "userStatus": 0
    },
    {
        "id": 9167925,
        "username": "mervin.lebsack",
        "firstName": "Rocio",
        "lastName": "Rogahn",
        "email": "catalina.glover@yahoo.com",
        "password": "klqpl65rtf7xu",
        "phone": "873-358-1407 x4732",
        "userStatus": 0
    },
    {
        "id": 13,
        "username": "dwight.murphy",
        "firstName": "Debera",
        "lastName": "McClure",
        "email": "donetta.willms@yahoo.com",
        "password": "o3qx6fjh67o5zx",
        "phone": "(777) 319-6447 x76129",
        "userStatus": 0
    },
    {
        "id": 473732999,
        "username": "howard.ryan",
        "firstName": "Forrest",
        "lastName": "Robel",
        "email": "letty.hartmann@yahoo.com",
        "password": "1ay4q06f",
        "phone": "1-354-840-4657 x7228",
        "userStatus": 0
    },
    {
        "id": 9639108,
        "username": "alton.mitchell",
        "firstName": "Federico",
        "lastName": "Beier",
        "email": "stacy.friesen@hotmail.com",
        "password": "o5yorlirfkb6zbr",
        "phone": "(577) 228-8045 x195",
        "userStatus": 0
    },
    {
        "id": 934060,
        "username": "jong.kilback",
        "firstName": "Orval",
        "lastName": "Ullrich",
        "email": "duane.stiedemann@hotmail.com",
        "password": "gftvd91udos",
        "phone": "268.085.5046 x033",
        "userStatus": 0
    },
    {
        "id": 34338907,
        "username": "jacob.klein",
        "firstName": "Deetta",
        "lastName": "Armstrong",
        "email": "lynetta.maggio@yahoo.com",
        "password": "ea9chfprzg9v",
        "phone": "396.808.8331",
        "userStatus": 0
    },
    {
        "id": 4732,
        "username": "isaiah.wolf",
        "firstName": "Perla",
        "lastName": "Deckow",
        "email": "jae.erdman@yahoo.com",
        "password": "f1rvvpebxh6f",
        "phone": "658.475.3420",
        "userStatus": 0
    },
    {
        "id": 6,
        "username": "libby.bartell",
        "firstName": "Darren",
        "lastName": "Stracke",
        "email": "catheryn.hickle@gmail.com",
        "password": "renjeklkryokx",
        "phone": "(116) 143-2497 x9050",
        "userStatus": 0
    },
    {
        "id": 7,
        "username": "marcene.ritchie",
        "firstName": "Aiko",
        "lastName": "Borer",
        "email": "dean.doyle@hotmail.com",
        "password": "ctus9xxd",
        "phone": "587.496.5482 x2975",
        "userStatus": 0
    },
    {
        "id": 89634440,
        "username": "emile.bednar",
        "firstName": "Gerald",
        "lastName": "Cassin",
        "email": "keith.kunze@hotmail.com",
        "password": "52vn1ktzbzu",
        "phone": "(631) 856-4895",
        "userStatus": 0
    },
    {
        "id": 9,
        "username": "svetlana.zieme",
        "firstName": "Monroe",
        "lastName": "Zieme",
        "email": "leslie.schmitt@gmail.com",
        "password": "htb093cdzgvp5",
        "phone": "1-214-513-1653 x27823",
        "userStatus": 0
    },
    {
        "id": 2613216,
        "username": "jefferey.zemlak",
        "firstName": "Britany",
        "lastName": "Lockman",
        "email": "anderson.bayer@hotmail.com",
        "password": "4t4st4rm1",
        "phone": "556-318-8713",
        "userStatus": 0
    },
    {
        "id": 2314373,
        "username": "leann.breitenberg",
        "firstName": "Bess",
        "lastName": "Buckridge",
        "email": "freddie.jacobson@yahoo.com",
        "password": "7eyhbyoit",
        "phone": "(559) 702-4833",
        "userStatus": 0
    },
    {
        "id": 785,
        "username": "mikel.mayert",
        "firstName": "Vernell",
        "lastName": "Metz",
        "email": "jamika.stehr@hotmail.com",
        "password": "o7blx08uve8mgqh",
        "phone": "094-752-8968",
        "userStatus": 0
    }
]
Request method:	POST
Request URI:	https://petstore.swagger.io/v2/user/createWithArray
Proxy:			<none>
Request params:	<none>
Query params:	<none>
Form params:	<none>
Path params:	<none>
Headers:		X-Traicing-Id=b83de3a0-101e-4302-809f-ca876a14287e
				Authorization=Basic YWRtaW46YWRtaW4xMjM=
				Accept=*/*
				Content-Type=application/json
Cookies:		<none>
Multiparts:		<none>
Body:
[
    {
        "id": 68828011,
        "username": "yanira.huels",
        "firstName": "Jacelyn",
        "lastName": "Tremblay",
        "email": "russel.schamberger@gmail.com",
        "password": "fachxarrjd7",
        "phone": "970.061.9296 x379",
        "userStatus": 0
    },
    {
        "id": 20,
        "username": "latanya.runolfsson",
        "firstName": "Jenee",
        "lastName": "Larkin",
        "email": "eleonor.schaefer@hotmail.com",
        "password": "c8qd5yryhjbov",
        "phone": "1-725-731-9542 x2711",
        "userStatus": 0
    },
    {
        "id": 73238,
        "username": "dreama.jerde",
        "firstName": "Jerry",
        "lastName": "Ebert",
        "email": "kareem.tromp@gmail.com",
        "password": "0mwuw9vzjhcq5c",
        "phone": "049-179-5768 x9035",
        "userStatus": 0
    },
    {
        "id": 254902048,
        "username": "willie.ohara",
        "firstName": "Cornell",
        "lastName": "Boehm",
        "email": "eduardo.ohara@hotmail.com",
        "password": "4l1eam8tbzbj",
        "phone": "(890) 350-8536",
        "userStatus": 0
    },
    {
        "id": 5,
        "username": "jules.marquardt",
        "firstName": "Carlo",
        "lastName": "Feeney",
        "email": "cassidy.schoen@gmail.com",
        "password": "ec472satz0ebcwj",
        "phone": "1-346-370-8202 x5353",
        "userStatus": 0
    },
    {
        "id": 47244,
        "username": "albina.carter",
        "firstName": "Ned",
        "lastName": "Weber",
        "email": "robyn.dach@hotmail.com",
        "password": "faiy528nsy",
        "phone": "(037) 971-1857 x861",
        "userStatus": 0
    },
    {
        "id": 20629749,
        "username": "everett.morissette",
        "firstName": "Raye",
        "lastName": "Labadie",
        "email": "frank.mayert@gmail.com",
        "password": "p0mhemx4peai",
        "phone": "(073) 444-0821 x556",
        "userStatus": 0
    },
    {
        "id": 47,
        "username": "carl.wilderman",
        "firstName": "Lavonne",
        "lastName": "Senger",
        "email": "ray.little@gmail.com",
        "password": "30jkwtw5k4xeot1",
        "phone": "1-532-362-1508 x1063",
        "userStatus": 0
    },
    {
        "id": 35779,
        "username": "nicole.hermann",
        "firstName": "Marth",
        "lastName": "Harvey",
        "email": "beverly.brakus@yahoo.com",
        "password": "f9eys6gu2oorpb",
        "phone": "579.452.8155 x294",
        "userStatus": 0
    },
    {
        "id": 45301,
        "username": "maurice.kuhic",
        "firstName": "Kristopher",
        "lastName": "Hansen",
        "email": "jesse.cormier@yahoo.com",
        "password": "4aa3xxqn7b9cgsj",
        "phone": "(204) 628-2459 x01962",
        "userStatus": 0
    },
    {
        "id": 393437316,
        "username": "janine.gutkowski",
        "firstName": "Enoch",
        "lastName": "Baumbach",
        "email": "lindy.kirlin@gmail.com",
        "password": "ks1uzlg1",
        "phone": "630.275.5698 x553",
        "userStatus": 0
    },
    {
        "id": 685787,
        "username": "micah.frami",
        "firstName": "Phillip",
        "lastName": "McKenzie",
        "email": "tony.christiansen@hotmail.com",
        "password": "jf99ajuuwkc",
        "phone": "006.391.6310",
        "userStatus": 0
    },
    {
        "id": 3310271,
        "username": "marcelino.bins",
        "firstName": "Sebrina",
        "lastName": "Corwin",
        "email": "kurtis.walker@gmail.com",
        "password": "fgclizpmwu",
        "phone": "(935) 787-5686 x95933",
        "userStatus": 0
    },
    {
        "id": 63672,
        "username": "kamala.runolfsdottir",
        "firstName": "Lavada",
        "lastName": "Schuppe",
        "email": "henriette.zboncak@gmail.com",
        "password": "ckwob8vhjp2q",
        "phone": "1-600-722-5270 x86643",
        "userStatus": 0
    },
    {
        "id": 40048105,
        "username": "bobby.bergnaum",
        "firstName": "Guadalupe",
        "lastName": "Hermann",
        "email": "florentina.simonis@hotmail.com",
        "password": "k5hdm9yfh",
        "phone": "376-353-3984 x520",
        "userStatus": 0
    },
    {
        "id": 48,
        "username": "nikita.koepp",
        "firstName": "John",
        "lastName": "Kertzmann",
        "email": "omar.lueilwitz@yahoo.com",
        "password": "cdsjb6amq80",
        "phone": "337-750-8616 x060",
        "userStatus": 0
    },
    {
        "id": 831644,
        "username": "lupe.hilll",
        "firstName": "Bebe",
        "lastName": "Kunde",
        "email": "vernon.harber@gmail.com",
        "password": "m92ru63q",
        "phone": "185-603-0119",
        "userStatus": 0
    },
    {
        "id": 47,
        "username": "etsuko.wyman",
        "firstName": "Louie",
        "lastName": "Murazik",
        "email": "leandra.mckenzie@hotmail.com",
        "password": "fd1dxlndz3fy0za",
        "phone": "(967) 735-1650 x257",
        "userStatus": 0
    },
    {
        "id": 655,
        "username": "dana.runte",
        "firstName": "Katelyn",
        "lastName": "Keeling",
        "email": "chong.mayer@gmail.com",
        "password": "ro72ictf",
        "phone": "1-734-779-3616 x225",
        "userStatus": 0
    },
    {
        "id": 906,
        "username": "jimmie.gleichner",
        "firstName": "Sonia",
        "lastName": "Olson",
        "email": "eliza.beahan@gmail.com",
        "password": "ay8tkkje",
        "phone": "1-769-802-1181 x34583",
        "userStatus": 0
    },
    {
        "id": 7679497,
        "username": "sharie.dooley",
        "firstName": "Evia",
        "lastName": "Bauch",
        "email": "tamiko.reichert@hotmail.com",
        "password": "whztepq1dwddc",
        "phone": "945.152.1447",
        "userStatus": 0
    },
    {
        "id": 58398864,
        "username": "treva.rodriguez",
        "firstName": "Cornell",
        "lastName": "Cronin",
        "email": "gerardo.kemmer@gmail.com",
        "password": "o9mxrqahxxvhu",
        "phone": "(262) 880-6106",
        "userStatus": 0
    },
    {
        "id": 83063,
        "username": "hector.marvin",
        "firstName": "Samatha",
        "lastName": "Halvorson",
        "email": "emmy.nicolas@gmail.com",
        "password": "dfo6ot4p",
        "phone": "(935) 148-2947",
        "userStatus": 0
    },
    {
        "id": 373413,
        "username": "foster.botsford",
        "firstName": "Danyel",
        "lastName": "Windler",
        "email": "dede.herzog@hotmail.com",
        "password": "ok39nxnupsfnowg",
        "phone": "1-259-631-4479 x33048",
        "userStatus": 0
    },
    {
        "id": 484402,
        "username": "twanna.denesik",
        "firstName": "Cruz",
        "lastName": "D'Amore",
        "email": "mercedez.zulauf@yahoo.com",
        "password": "bcvb11kw9tidrq",
        "phone": "(693) 082-5297 x890",
        "userStatus": 0
    },
    {
        "id": 3,
        "username": "alfredo.bartoletti",
        "firstName": "Tristan",
        "lastName": "Cartwright",
        "email": "santos.wisoky@gmail.com",
        "password": "o5y9rul7",
        "phone": "515.509.2970",
        "userStatus": 0
    },
    {
        "id": 9590111,
        "username": "kareen.marks",
        "firstName": "Seymour",
        "lastName": "Hamill",
        "email": "margit.kassulke@gmail.com",
        "password": "792z932p",
        "phone": "777.440.3438 x04343",
        "userStatus": 0
    },
    {
        "id": 6859,
        "username": "librada.mann",
        "firstName": "Vincent",
        "lastName": "Collins",
        "email": "laure.wisozk@yahoo.com",
        "password": "os2w1c0ei",
        "phone": "522.705.8625",
        "userStatus": 0
    },
    {
        "id": 2294,
        "username": "boris.oconnell",
        "firstName": "Theo",
        "lastName": "Howe",
        "email": "dave.maggio@gmail.com",
        "password": "qhh5ipy590aq",
        "phone": "481.527.3365 x02149",
        "userStatus": 0
    },
    {
        "id": 3972,
        "username": "ramiro.blick",
        "firstName": "Darby",
        "lastName": "Hickle",
        "email": "freddie.cummerata@hotmail.com",
        "password": "3sk65ckqgs",
        "phone": "1-921-882-0046",
        "userStatus": 0
    },
    {
        "id": 3,
        "username": "porfirio.mraz",
        "firstName": "Denise",
        "lastName": "Wilkinson",
        "email": "phebe.king@yahoo.com",
        "password": "osa14h2k9pp",
        "phone": "(304) 293-7233",
        "userStatus": 0
    },
    {
        "id": 3194,
        "username": "berneice.muller",
        "firstName": "Lazaro",
        "lastName": "Emard",
        "email": "richelle.hayes@gmail.com",
        "password": "58h1fd5i6csz1j",
        "phone": "(619) 057-3866 x00423",
        "userStatus": 0
    },
    {
        "id": 96,
        "username": "josphine.schumm",
        "firstName": "Lucina",
        "lastName": "Mayer",
        "email": "jaime.buckridge@gmail.com",
        "password": "c1zyodwza3ogxh1",
        "phone": "213-588-8077 x03597",
        "userStatus": 0
    },
    {
        "id": 556170,
        "username": "adelaida.lebsack",
        "firstName": "Dominick",
        "lastName": "Lynch",
        "email": "carl.barrows@gmail.com",
        "password": "rfa8o0riwkgoa",
        "phone": "1-286-189-1537",
        "userStatus": 0
    },
    {
        "id": 6363,
        "username": "sharla.block",
        "firstName": "Jada",
        "lastName": "Daniel",
        "email": "roscoe.ziemann@yahoo.com",
        "password": "x0wxbe3irkd6cb1",
        "phone": "(085) 990-9621",
        "userStatus": 0
    },
    {
        "id": 12395,
        "username": "mel.kassulke",
        "firstName": "Gregg",
        "lastName": "Stokes",
        "email": "bobby.daugherty@gmail.com",
        "password": "eo82wu0x3hz6a",
        "phone": "1-867-515-6689 x0843",
        "userStatus": 0
    },
    {
        "id": 1,
        "username": "ted.sauer",
        "firstName": "Jammie",
        "lastName": "Blick",
        "email": "maximo.muller@hotmail.com",
        "password": "p0xw3g2mpx141t1",
        "phone": "1-363-922-7850 x18611",
        "userStatus": 0
    },
    {
        "id": 7,
        "username": "curt.mcdermott",
        "firstName": "Kimiko",
        "lastName": "Walsh",
        "email": "charley.schulist@yahoo.com",
        "password": "x0hzzeci4sgg8c",
        "phone": "1-965-235-7287 x3620",
        "userStatus": 0
    },
    {
        "id": 9233,
        "username": "mariano.kunde",
        "firstName": "Moshe",
        "lastName": "Emmerich",
        "email": "ozzie.cormier@hotmail.com",
        "password": "4w7odmov",
        "phone": "215.575.1969 x63911",
        "userStatus": 0
    },
    {
        "id": 74010,
        "username": "suanne.walsh",
        "firstName": "Samual",
        "lastName": "Schinner",
        "email": "lauren.deckow@hotmail.com",
        "password": "lh50qliyax",
        "phone": "921-382-5344",
        "userStatus": 0
    },
    {
        "id": 56612280,
        "username": "guadalupe.wunsch",
        "firstName": "Carson",
        "lastName": "Emmerich",
        "email": "rod.torphy@gmail.com",
        "password": "8biagbl5",
        "phone": "206-552-0793 x99728",
        "userStatus": 0
    },
    {
        "id": 77581042,
        "username": "neta.sauer",
        "firstName": "Alix",
        "lastName": "Hackett",
        "email": "carmine.von@hotmail.com",
        "password": "09ptec8sg",
        "phone": "(511) 780-9604",
        "userStatus": 0
    },
    {
        "id": 68166450,
        "username": "erich.hammes",
        "firstName": "Rayford",
        "lastName": "Monahan",
        "email": "rafael.daniel@gmail.com",
        "password": "qvcn8zhbh",
        "phone": "415-197-8662 x5239",
        "userStatus": 0
    },
    {
        "id": 4,
        "username": "laurence.flatley",
        "firstName": "Ismael",
        "lastName": "Tremblay",
        "email": "jacklyn.hand@hotmail.com",
        "password": "laz1uusq",
        "phone": "(417) 590-7069",
        "userStatus": 0
    },
    {
        "id": 9,
        "username": "hassan.nader",
        "firstName": "Loria",
        "lastName": "Stoltenberg",
        "email": "jake.cummings@hotmail.com",
        "password": "7hkfv4sp68d3i",
        "phone": "713.385.7917 x1884",
        "userStatus": 0
    },
    {
        "id": 9779,
        "username": "linda.ohara",
        "firstName": "Matthew",
        "lastName": "Predovic",
        "email": "liana.legros@yahoo.com",
        "password": "d8fqk5jlp",
        "phone": "540.465.1375",
        "userStatus": 0
    },
    {
        "id": 894238,
        "username": "jeanine.gleason",
        "firstName": "Hal",
        "lastName": "Daniel",
        "email": "leandro.satterfield@yahoo.com",
        "password": "g76x2vc40",
        "phone": "(759) 890-9412 x5237",
        "userStatus": 0
    },
    {
        "id": 719200778,
        "username": "rosalva.koelpin",
        "firstName": "Miss",
        "lastName": "Wunsch",
        "email": "bret.hagenes@gmail.com",
        "password": "20kzhkvwg",
        "phone": "283-417-9004 x4115",
        "userStatus": 0
    },
    {
        "id": 6307,
        "username": "rodrick.turcotte",
        "firstName": "Graig",
        "lastName": "Schmitt",
        "email": "clora.grady@yahoo.com",
        "password": "543yxjbvoe9e7e",
        "phone": "041.581.1592 x9658",
        "userStatus": 0
    },
    {
        "id": 9592,
        "username": "khadijah.wisozk",
        "firstName": "Ramiro",
        "lastName": "Windler",
        "email": "joshua.hartmann@yahoo.com",
        "password": "65u93mwv1",
        "phone": "395-207-1949 x5696",
        "userStatus": 0
    },
    {
        "id": 84,
        "username": "milan.veum",
        "firstName": "Bettie",
        "lastName": "McCullough",
        "email": "blanch.waelchi@yahoo.com",
        "password": "mjcxgx2rm",
        "phone": "(342) 573-0631 x731",
        "userStatus": 0
    },
    {
        "id": 5134483,
        "username": "micheal.stroman",
        "firstName": "Javier",
        "lastName": "Bauch",
        "email": "dillon.lehner@gmail.com",
        "password": "nhpjaem45jvgd",
        "phone": "043-756-2389 x8075",
        "userStatus": 0
    },
    {
        "id": 635364971,
        "username": "jenniffer.romaguera",
        "firstName": "Germaine",
        "lastName": "Dicki",
        "email": "freeman.collins@hotmail.com",
        "password": "gfj3j63ge8lxq7y",
        "phone": "1-471-269-2845",
        "userStatus": 0
    },
    {
        "id": 9,
        "username": "elza.dach",
        "firstName": "Cory",
        "lastName": "Dibbert",
        "email": "jake.schimmel@hotmail.com",
        "password": "6gkdnfps861h",
        "phone": "1-999-768-8384 x8445",
        "userStatus": 0
    },
    {
        "id": 66753574,
        "username": "florentino.emard",
        "firstName": "Hayley",
        "lastName": "Sanford",
        "email": "pierre.anderson@yahoo.com",
        "password": "u280ncdyx0far",
        "phone": "418-143-8547 x52689",
        "userStatus": 0
    },
    {
        "id": 3234,
        "username": "page.howe",
        "firstName": "Gregorio",
        "lastName": "Schuster",
        "email": "william.huel@yahoo.com",
        "password": "bswfljdf6xwd9g",
        "phone": "696-350-6053 x0683",
        "userStatus": 0
    },
    {
        "id": 15670881,
        "username": "refugio.ritchie",
        "firstName": "Latoyia",
        "lastName": "Metz",
        "email": "geoffrey.bayer@gmail.com",
        "password": "bsxuu7ov2ovqze",
        "phone": "819-038-5503",
        "userStatus": 0
    },
    {
        "id": 7817913,
        "username": "scott.feil",
        "firstName": "Dominica",
        "lastName": "VonRueden",
        "email": "oswaldo.beatty@gmail.com",
        "password": "f2hcrd5yjhu8",
        "phone": "640.999.8036 x944",
        "userStatus": 0
    },
    {
        "id": 7993,
        "username": "violet.fadel",
        "firstName": "Demarcus",
        "lastName": "Hessel",
        "email": "rich.murray@gmail.com",
        "password": "jmry26nd0cx",
        "phone": "1-896-515-5305 x22574",
        "userStatus": 0
    },
    {
        "id": 2975697,
        "username": "michele.friesen",
        "firstName": "Sadie",
        "lastName": "Schmeler",
        "email": "logan.fadel@yahoo.com",
        "password": "xqm03g2g",
        "phone": "(320) 867-3326 x471",
        "userStatus": 0
    },
    {
        "id": 2315082,
        "username": "david.quitzon",
        "firstName": "Emil",
        "lastName": "Gerhold",
        "email": "calista.beatty@yahoo.com",
        "password": "5yqlqfj4k",
        "phone": "1-368-197-3035",
        "userStatus": 0
    },
    {
        "id": 317683438,
        "username": "jackson.wehner",
        "firstName": "Patrica",
        "lastName": "Hoppe",
        "email": "donnetta.will@hotmail.com",
        "password": "iyb6v2ksd",
        "phone": "1-405-679-8988 x0654",
        "userStatus": 0
    },
    {
        "id": 64045,
        "username": "gertrud.schuster",
        "firstName": "Raymon",
        "lastName": "Heller",
        "email": "cornell.larkin@gmail.com",
        "password": "ek335xsvo",
        "phone": "861.898.0571 x859",
        "userStatus": 0
    },
    {
        "id": 83365557,
        "username": "annice.bergstrom",
        "firstName": "Eddie",
        "lastName": "Mosciski",
        "email": "sondra.windler@gmail.com",
        "password": "zpfkb8bpjdgb",
        "phone": "886.258.5945 x1179",
        "userStatus": 0
    },
    {
        "id": 622,
        "username": "johnie.jacobi",
        "firstName": "Amira",
        "lastName": "Jacobson",
        "email": "eli.wisozk@gmail.com",
        "password": "2j0o3iueg5",
        "phone": "985.232.0108 x397",
        "userStatus": 0
    },
    {
        "id": 6,
        "username": "claudio.miller",
        "firstName": "Millie",
        "lastName": "Ondricka",
        "email": "marilou.wisoky@hotmail.com",
        "password": "2p68nx3frtvxg",
        "phone": "361-518-9246 x5189",
        "userStatus": 0
    },
    {
        "id": 46962288,
        "username": "josie.windler",
        "firstName": "Trenton",
        "lastName": "Leuschke",
        "email": "daisey.nikolaus@hotmail.com",
        "password": "lca4uvkm16h",
        "phone": "021-049-8698",
        "userStatus": 0
    },
    {
        "id": 917241,
        "username": "ned.dare",
        "firstName": "Jackie",
        "lastName": "Feil",
        "email": "errol.ankunding@yahoo.com",
        "password": "9f8sv9gc",
        "phone": "(169) 146-7594 x19071",
        "userStatus": 0
    },
    {
        "id": 50876,
        "username": "lucien.brakus",
        "firstName": "Artie",
        "lastName": "Skiles",
        "email": "stewart.howell@yahoo.com",
        "password": "vqc29un5",
        "phone": "1-480-179-2172",
        "userStatus": 0
    },
    {
        "id": 8871,
        "username": "lurlene.bayer",
        "firstName": "Ashley",
        "lastName": "Reichel",
        "email": "melvin.hoeger@gmail.com",
        "password": "xwcow4xd0j",
        "phone": "177-339-8565 x4524",
        "userStatus": 0
    },
    {
        "id": 3,
        "username": "weston.considine",
        "firstName": "Nestor",
        "lastName": "Heller",
        "email": "luciano.blick@yahoo.com",
        "password": "ojdlzju04bdgu",
        "phone": "736.019.5901 x82488",
        "userStatus": 0
    },
    {
        "id": 18695,
        "username": "wilfred.senger",
        "firstName": "Ramiro",
        "lastName": "Medhurst",
        "email": "broderick.brekke@gmail.com",
        "password": "a4a7i15s60z",
        "phone": "298.072.3065 x10129",
        "userStatus": 0
    },
    {
        "id": 6833189,
        "username": "ehtel.walker",
        "firstName": "Herman",
        "lastName": "Kertzmann",
        "email": "galen.hand@gmail.com",
        "password": "5rm8950f5k",
        "phone": "(803) 016-2157",
        "userStatus": 0
    },
    {
        "id": 7091,
        "username": "renato.marvin",
        "firstName": "Clinton",
        "lastName": "O'Hara",
        "email": "tracy.will@hotmail.com",
        "password": "me4hdk80yfb7h",
        "phone": "722.472.6061 x41148",
        "userStatus": 0
    },
    {
        "id": 78181192,
        "username": "forrest.mertz",
        "firstName": "Arlen",
        "lastName": "Streich",
        "email": "tena.miller@hotmail.com",
        "password": "r2wbx7b8so",
        "phone": "(377) 686-7326",
        "userStatus": 0
    },
    {
        "id": 63866582,
        "username": "rachelle.russel",
        "firstName": "Kristen",
        "lastName": "Satterfield",
        "email": "lajuana.jast@hotmail.com",
        "password": "2gakcea04a7e",
        "phone": "969-761-9048",
        "userStatus": 0
    },
    {
        "id": 47867,
        "username": "joanne.runolfsson",
        "firstName": "Treena",
        "lastName": "Christiansen",
        "email": "herbert.mertz@gmail.com",
        "password": "h20atkcv9c0y4",
        "phone": "692-844-5953 x31762",
        "userStatus": 0
    },
    {
        "id": 366665,
        "username": "joy.abbott",
        "firstName": "Retha",
        "lastName": "Hackett",
        "email": "mariette.kovacek@hotmail.com",
        "password": "qwva9qzdl",
        "phone": "(675) 512-4356",
        "userStatus": 0
    },
    {
        "id": 990916,
        "username": "joseph.hermiston",
        "firstName": "Guy",
        "lastName": "Powlowski",
        "email": "hayden.robel@gmail.com",
        "password": "hkuo8ye7",
        "phone": "1-427-870-7731",
        "userStatus": 0
    },
    {
        "id": 26,
        "username": "jeffie.labadie",
        "firstName": "Chanelle",
        "lastName": "Rice",
        "email": "jacinto.braun@yahoo.com",
        "password": "v4456nhkb2it",
        "phone": "205-076-1157 x3724",
        "userStatus": 0
    },
    {
        "id": 52822415,
        "username": "victor.bode",
        "firstName": "Jamie",
        "lastName": "Kshlerin",
        "email": "dania.bosco@yahoo.com",
        "password": "wld4ayxsgyk33h7",
        "phone": "(526) 549-7492 x8710",
        "userStatus": 0
    },
    {
        "id": 10106,
        "username": "mavis.denesik",
        "firstName": "Ling",
        "lastName": "Quitzon",
        "email": "ward.flatley@hotmail.com",
        "password": "v8w8uhbf8e1xhf",
        "phone": "021-161-2626 x5053",
        "userStatus": 0
    },
    {
        "id": 953,
        "username": "bobby.heathcote",
        "firstName": "Bret",
        "lastName": "Feest",
        "email": "malorie.spinka@gmail.com",
        "password": "zknkvr2fx",
        "phone": "746-059-1401 x170",
        "userStatus": 0
    },
    {
        "id": 3486816,
        "username": "elisha.jerde",
        "firstName": "Delinda",
        "lastName": "Deckow",
        "email": "lurline.mcclure@hotmail.com",
        "password": "9xzjad4gfu",
        "phone": "147.290.5379",
        "userStatus": 0
    },
    {
        "id": 39738,
        "username": "kate.reilly",
        "firstName": "Abbey",
        "lastName": "Ferry",
        "email": "venus.maggio@hotmail.com",
        "password": "6mad1m81gtl76",
        "phone": "(570) 683-7292 x557",
        "userStatus": 0
    },
    {
        "id": 70945724,
        "username": "issac.spencer",
        "firstName": "Everette",
        "lastName": "Conn",
        "email": "emmett.ryan@gmail.com",
        "password": "ziuh3oho6p0k3s2",
        "phone": "898.634.3262 x4163",
        "userStatus": 0
    },
    {
        "id": 7,
        "username": "marlena.wolff",
        "firstName": "Alexander",
        "lastName": "Lynch",
        "email": "jonah.thompson@yahoo.com",
        "password": "kbiao1zi4",
        "phone": "946.396.3865 x002",
        "userStatus": 0
    },
    {
        "id": 7122,
        "username": "concetta.schmidt",
        "firstName": "Noella",
        "lastName": "Barton",
        "email": "lennie.considine@yahoo.com",
        "password": "73vc06nzx",
        "phone": "853.758.5118 x685",
        "userStatus": 0
    },
    {
        "id": 3891410,
        "username": "clinton.greenholt",
        "firstName": "Rolland",
        "lastName": "Torphy",
        "email": "gerry.ritchie@hotmail.com",
        "password": "ip2c57yv78",
        "phone": "463.177.1925 x01779",
        "userStatus": 0
    },
    {
        "id": 23,
        "username": "lorretta.keeling",
        "firstName": "Victor",
        "lastName": "Howell",
        "email": "mireya.leffler@hotmail.com",
        "password": "698nn9g2i3b9",
        "phone": "187.974.9764 x746",
        "userStatus": 0
    },
    {
        "id": 19,
        "username": "geraldo.larkin",
        "firstName": "Alessandra",
        "lastName": "Dach",
        "email": "rogelio.pagac@gmail.com",
        "password": "tdz2mha10meos",
        "phone": "(263) 137-4737",
        "userStatus": 0
    },
    {
        "id": 319628561,
        "username": "patricia.okeefe",
        "firstName": "Karren",
        "lastName": "Stark",
        "email": "kevin.kutch@gmail.com",
        "password": "g23w7zgzml",
        "phone": "1-552-895-3326 x213",
        "userStatus": 0
    },
    {
        "id": 18638,
        "username": "in.feeney",
        "firstName": "Kenny",
        "lastName": "Zieme",
        "email": "lorrine.larkin@gmail.com",
        "password": "3mwrp0lv",
        "phone": "583.510.5662",
        "userStatus": 0
    },
    {
        "id": 5811044,
        "username": "evelina.morissette",
        "firstName": "Donn",
        "lastName": "Cronin",
        "email": "young.runte@gmail.com",
        "password": "3uzl0tkrez8",
        "phone": "(330) 764-7996 x06939",
        "userStatus": 0
    },
    {
        "id": 75972,
        "username": "jina.turner",
        "firstName": "George",
        "lastName": "Medhurst",
        "email": "neal.cole@gmail.com",
        "password": "9x9lfds5195m",
        "phone": "1-361-323-1005 x1197",
        "userStatus": 0
    },
    {
        "id": 263329,
        "username": "fransisca.towne",
        "firstName": "Tanner",
        "lastName": "Gorczany",
        "email": "tara.hilll@gmail.com",
        "password": "z09entll8s",
        "phone": "1-872-303-2521 x5102",
        "userStatus": 0
    },
    {
        "id": 33,
        "username": "rosemary.champlin",
        "firstName": "Asa",
        "lastName": "Hermiston",
        "email": "evelina.johns@yahoo.com",
        "password": "pvq1vcrv15j94",
        "phone": "787.328.9491 x86024",
        "userStatus": 0
    },
    {
        "id": 14544,
        "username": "micheal.stehr",
        "firstName": "Teresa",
        "lastName": "Simonis",
        "email": "staci.strosin@yahoo.com",
        "password": "bqo3atwagy7hc",
        "phone": "1-098-204-6053 x014",
        "userStatus": 0
    },
    {
        "id": 7,
        "username": "sal.gaylord",
        "firstName": "Nelida",
        "lastName": "Beier",
        "email": "karma.schmeler@yahoo.com",
        "password": "tp8vgxnoo",
        "phone": "1-808-269-4055 x420",
        "userStatus": 0
    },
    {
        "id": 1283504,
        "username": "ron.gleichner",
        "firstName": "Delora",
        "lastName": "Treutel",
        "email": "vern.reichel@hotmail.com",
        "password": "qy0y68ygaxmvq",
        "phone": "1-998-808-1620 x4793",
        "userStatus": 0
    },
    {
        "id": 59707,
        "username": "guy.huel",
        "firstName": "Jestine",
        "lastName": "Dooley",
        "email": "lloyd.kuhn@gmail.com",
        "password": "039ao2u1hzmhpow",
        "phone": "(849) 619-0448",
        "userStatus": 0
    },
    {
        "id": 2497322,
        "username": "tien.mayer",
        "firstName": "Dusty",
        "lastName": "Carroll",
        "email": "benton.schroeder@hotmail.com",
        "password": "ehieoas2fi",
        "phone": "(872) 804-2246 x6287",
        "userStatus": 0
    },
    {
        "id": 55,
        "username": "missy.brakus",
        "firstName": "Andre",
        "lastName": "Kirlin",
        "email": "pok.gerlach@gmail.com",
        "password": "ztw5s8winaytg",
        "phone": "356.414.4684 x8488",
        "userStatus": 0
    },
    {
        "id": 2144,
        "username": "tenisha.kilback",
        "firstName": "Florencio",
        "lastName": "Brakus",
        "email": "ardell.stamm@gmail.com",
        "password": "8ggrfqrq",
        "phone": "096-516-3543",
        "userStatus": 0
    },
    {
        "id": 44207599,
        "username": "myles.zemlak",
        "firstName": "Herschel",
        "lastName": "Reinger",
        "email": "rico.sporer@yahoo.com",
        "password": "9he599eraun34",
        "phone": "1-327-386-8561",
        "userStatus": 0
    },
    {
        "id": 9,
        "username": "deangelo.ondricka",
        "firstName": "Charity",
        "lastName": "Kessler",
        "email": "james.davis@yahoo.com",
        "password": "ye7yyipo0i1g5",
        "phone": "(184) 016-2527",
        "userStatus": 0
    },
    {
        "id": 534,
        "username": "terrence.crooks",
        "firstName": "Willena",
        "lastName": "Kling",
        "email": "margareta.quigley@hotmail.com",
        "password": "csbzcvx7o",
        "phone": "1-693-504-7509 x725",
        "userStatus": 0
    },
    {
        "id": 171,
        "username": "brendon.goodwin",
        "firstName": "Vella",
        "lastName": "Considine",
        "email": "syble.ferry@yahoo.com",
        "password": "aiu6wamej98nvm",
        "phone": "291.412.8215 x9193",
        "userStatus": 0
    },
    {
        "id": 5,
        "username": "terence.kirlin",
        "firstName": "Ethelene",
        "lastName": "Wunsch",
        "email": "dovie.abernathy@yahoo.com",
        "password": "v86cr2chjv0d58",
        "phone": "971.218.2719",
        "userStatus": 0
    },
    {
        "id": 12,
        "username": "sung.considine",
        "firstName": "Arron",
        "lastName": "Terry",
        "email": "florencio.terry@yahoo.com",
        "password": "ve5axe1mvrv4y3",
        "phone": "248.997.3351 x2638",
        "userStatus": 0
    },
    {
        "id": 1489,
        "username": "aura.botsford",
        "firstName": "Laveta",
        "lastName": "Schmitt",
        "email": "avery.wolf@yahoo.com",
        "password": "wxb3cbwoi5s",
        "phone": "154.222.6581 x02988",
        "userStatus": 0
    },
    {
        "id": 85779749,
        "username": "karon.kirlin",
        "firstName": "Riley",
        "lastName": "Davis",
        "email": "liberty.hagenes@hotmail.com",
        "password": "4gjcf9nriuba2sq",
        "phone": "(467) 278-1091 x6241",
        "userStatus": 0
    },
    {
        "id": 422792,
        "username": "rutha.welch",
        "firstName": "Bennett",
        "lastName": "Schultz",
        "email": "doreen.murphy@hotmail.com",
        "password": "zg68vsla88q6",
        "phone": "(879) 407-7176 x664",
        "userStatus": 0
    },
    {
        "id": 220018,
        "username": "zachery.raynor",
        "firstName": "Filiberto",
        "lastName": "Gerlach",
        "email": "robin.mitchell@yahoo.com",
        "password": "2g2enc5chb7q",
        "phone": "1-773-976-0423 x666",
        "userStatus": 0
    },
    {
        "id": 66999,
        "username": "walton.stokes",
        "firstName": "Madelaine",
        "lastName": "Harvey",
        "email": "annetta.auer@hotmail.com",
        "password": "tm8jy6x7ytc",
        "phone": "666.633.2474",
        "userStatus": 0
    },
    {
        "id": 21540176,
        "username": "shasta.klein",
        "firstName": "Norris",
        "lastName": "Gaylord",
        "email": "caron.swaniawski@yahoo.com",
        "password": "ryebcy6920b",
        "phone": "820.977.3131 x756",
        "userStatus": 0
    },
    {
        "id": 382296,
        "username": "marcy.corkery",
        "firstName": "Louetta",
        "lastName": "Schuppe",
        "email": "andre.king@yahoo.com",
        "password": "qn2fpek6vp9gtm",
        "phone": "(389) 549-4660 x687",
        "userStatus": 0
    },
    {
        "id": 879,
        "username": "dominica.kirlin",
        "firstName": "Neely",
        "lastName": "Russel",
        "email": "ramon.howell@hotmail.com",
        "password": "ahr5nuxxqgi4r",
        "phone": "1-144-541-1959 x97886",
        "userStatus": 0
    },
    {
        "id": 6200,
        "username": "terence.fahey",
        "firstName": "Arden",
        "lastName": "VonRueden",
        "email": "joyce.hirthe@gmail.com",
        "password": "cdq1d4oa4",
        "phone": "136-868-5343 x6726",
        "userStatus": 0
    },
    {
        "id": 325487,
        "username": "gilberto.gulgowski",
        "firstName": "Toney",
        "lastName": "Roberts",
        "email": "leopoldo.bins@hotmail.com",
        "password": "wgacv5tqjc969aw",
        "phone": "1-475-172-7935",
        "userStatus": 0
    },
    {
        "id": 7911,
        "username": "leonie.tremblay",
        "firstName": "Rickie",
        "lastName": "Champlin",
        "email": "danna.goyette@gmail.com",
        "password": "s9ggyh2ixo1w",
        "phone": "614.048.3045",
        "userStatus": 0
    },
    {
        "id": 98650,
        "username": "will.kuhlman",
        "firstName": "Eden",
        "lastName": "Gutmann",
        "email": "meryl.gerlach@yahoo.com",
        "password": "gwtni8h58ipy",
        "phone": "(889) 528-1664",
        "userStatus": 0
    },
    {
        "id": 3458733,
        "username": "haley.brown",
        "firstName": "August",
        "lastName": "Borer",
        "email": "bob.boehm@yahoo.com",
        "password": "x89hlovo5",
        "phone": "(121) 549-2747",
        "userStatus": 0
    },
    {
        "id": 4039548,
        "username": "kay.brekke",
        "firstName": "Sparkle",
        "lastName": "Huel",
        "email": "quintin.predovic@gmail.com",
        "password": "fx67hwte8",
        "phone": "430.258.9396 x67893",
        "userStatus": 0
    },
    {
        "id": 626,
        "username": "ricky.mitchell",
        "firstName": "Macy",
        "lastName": "Veum",
        "email": "luci.johnson@yahoo.com",
        "password": "mt27e545",
        "phone": "710.230.1106 x680",
        "userStatus": 0
    },
    {
        "id": 713,
        "username": "shawn.stracke",
        "firstName": "Zona",
        "lastName": "Blick",
        "email": "newton.corkery@yahoo.com",
        "password": "xid6lt5qr",
        "phone": "1-538-980-3584 x2783",
        "userStatus": 0
    },
    {
        "id": 787318401,
        "username": "philomena.fay",
        "firstName": "Chauncey",
        "lastName": "Streich",
        "email": "jude.hoeger@yahoo.com",
        "password": "dd7x30a798vnhxa",
        "phone": "1-531-158-6224 x38664",
        "userStatus": 0
    },
    {
        "id": 4,
        "username": "rene.hand",
        "firstName": "Eufemia",
        "lastName": "Feeney",
        "email": "angel.rice@hotmail.com",
        "password": "0tkc43w2wpz",
        "phone": "800.360.7051",
        "userStatus": 0
    },
    {
        "id": 503643498,
        "username": "arnulfo.gorczany",
        "firstName": "Ryan",
        "lastName": "Turcotte",
        "email": "lai.rau@yahoo.com",
        "password": "3qo1he6pwtffhqd",
        "phone": "1-628-263-4660 x756",
        "userStatus": 0
    },
    {
        "id": 834457620,
        "username": "victor.damore",
        "firstName": "Porfirio",
        "lastName": "Johnson",
        "email": "erich.rogahn@gmail.com",
        "password": "b65ooeh9m0yi18",
        "phone": "1-773-554-6319",
        "userStatus": 0
    },
    {
        "id": 30312271,
        "username": "jame.robel",
        "firstName": "Wendell",
        "lastName": "Heathcote",
        "email": "dorris.hettinger@hotmail.com",
        "password": "gnbzo6spf",
        "phone": "1-571-667-2976 x16764",
        "userStatus": 0
    },
    {
        "id": 825,
        "username": "raymond.reilly",
        "firstName": "Roselia",
        "lastName": "DuBuque",
        "email": "brant.kirlin@gmail.com",
        "password": "eporjlky",
        "phone": "(312) 531-2621",
        "userStatus": 0
    },
    {
        "id": 13,
        "username": "thora.hickle",
        "firstName": "Gordon",
        "lastName": "Rohan",
        "email": "emile.ferry@hotmail.com",
        "password": "w2bwf5ce86kc61",
        "phone": "980.510.4460",
        "userStatus": 0
    },
    {
        "id": 617303,
        "username": "andrew.zemlak",
        "firstName": "Eleanore",
        "lastName": "Bradtke",
        "email": "elisa.barrows@gmail.com",
        "password": "qez5qel653vuupe",
        "phone": "967-225-3861 x06968",
        "userStatus": 0
    },
    {
        "id": 3932,
        "username": "jonas.dickens",
        "firstName": "Robbin",
        "lastName": "Corwin",
        "email": "alden.leannon@yahoo.com",
        "password": "3uudp5edqceob6b",
        "phone": "(523) 341-8343 x691",
        "userStatus": 0
    },
    {
        "id": 182,
        "username": "glendora.lakin",
        "firstName": "Rolland",
        "lastName": "Morar",
        "email": "letha.gerlach@yahoo.com",
        "password": "83zx6dka",
        "phone": "1-103-530-1972",
        "userStatus": 0
    },
    {
        "id": 5,
        "username": "blanch.bradtke",
        "firstName": "Lemuel",
        "lastName": "Romaguera",
        "email": "freida.hyatt@gmail.com",
        "password": "tuwdrs0nmimw",
        "phone": "1-155-801-0151",
        "userStatus": 0
    },
    {
        "id": 7983,
        "username": "darrick.friesen",
        "firstName": "Theola",
        "lastName": "Schinner",
        "email": "renata.sawayn@hotmail.com",
        "password": "vutw03tqo9w",
        "phone": "(922) 817-1845",
        "userStatus": 0
    },
    {
        "id": 7210769,
        "username": "lilian.harvey",
        "firstName": "Miquel",
        "lastName": "Gottlieb",
        "email": "nannie.rau@gmail.com",
        "password": "l97vprtuw",
        "phone": "406-043-2332 x271",
        "userStatus": 0
    },
    {
        "id": 27369841,
        "username": "abraham.gottlieb",
        "firstName": "Thuy",
        "lastName": "Graham",
        "email": "queenie.haley@yahoo.com",
        "password": "8ywo1ntar",
        "phone": "349-408-2408",
        "userStatus": 0
    },
    {
        "id": 31,
        "username": "victor.hamill",
        "firstName": "Meredith",
        "lastName": "Simonis",
        "email": "angella.denesik@hotmail.com",
        "password": "fffolv7qf35yq",
        "phone": "(989) 404-3046 x11319",
        "userStatus": 0
    },
    {
        "id": 642007,
        "username": "nathanial.hahn",
        "firstName": "Wilfred",
        "lastName": "Abbott",
        "email": "marilyn.gerhold@yahoo.com",
        "password": "1lljxafl",
        "phone": "1-097-498-3577",
        "userStatus": 0
    },
    {
        "id": 0,
        "username": "val.cruickshank",
        "firstName": "Bill",
        "lastName": "Kihn",
        "email": "alma.prosacco@yahoo.com",
        "password": "l2ucnjac",
        "phone": "1-986-007-5613",
        "userStatus": 0
    },
    {
        "id": 6,
        "username": "garret.mertz",
        "firstName": "Reggie",
        "lastName": "Friesen",
        "email": "lindsey.gusikowski@yahoo.com",
        "password": "mm0kv1lo22",
        "phone": "(590) 182-4772 x1397",
        "userStatus": 0
    },
    {
        "id": 87822,
        "username": "maire.kihn",
        "firstName": "Casie",
        "lastName": "Gutkowski",
        "email": "stefan.zemlak@yahoo.com",
        "password": "z3byt5eb",
        "phone": "647.028.2672",
        "userStatus": 0
    },
    {
        "id": 8890966,
        "username": "ollie.quitzon",
        "firstName": "Tamekia",
        "lastName": "Rice",
        "email": "bell.wehner@yahoo.com",
        "password": "qrk5idlopzj",
        "phone": "(953) 618-5522 x60745",
        "userStatus": 0
    },
    {
        "id": 90001969,
        "username": "adalberto.roberts",
        "firstName": "Al",
        "lastName": "Hartmann",
        "email": "talitha.wiza@hotmail.com",
        "password": "fe9dptifhzyw",
        "phone": "1-964-628-4599 x782",
        "userStatus": 0
    },
    {
        "id": 8310691,
        "username": "emile.crist",
        "firstName": "Mac",
        "lastName": "Heaney",
        "email": "sheron.gleichner@gmail.com",
        "password": "o6ssu52u",
        "phone": "1-540-624-0924 x436",
        "userStatus": 0
    },
    {
        "id": 1181,
        "username": "louis.stoltenberg",
        "firstName": "Julieta",
        "lastName": "Kutch",
        "email": "thomasina.armstrong@hotmail.com",
        "password": "1n1d54meq6g",
        "phone": "1-183-757-8451 x814",
        "userStatus": 0
    },
    {
        "id": 20483,
        "username": "federico.abernathy",
        "firstName": "Rigoberto",
        "lastName": "Wolf",
        "email": "rhett.stamm@yahoo.com",
        "password": "bxyi6ukc8api",
        "phone": "920.022.0590 x12502",
        "userStatus": 0
    },
    {
        "id": 80545072,
        "username": "rosalinda.strosin",
        "firstName": "Alverta",
        "lastName": "Carroll",
        "email": "darren.bechtelar@hotmail.com",
        "password": "yh1i3ft2q0nlf",
        "phone": "138.742.2801",
        "userStatus": 0
    },
    {
        "id": 418661,
        "username": "clifford.mueller",
        "firstName": "Johnie",
        "lastName": "Prosacco",
        "email": "yung.wilderman@hotmail.com",
        "password": "zuazlfhr",
        "phone": "487-667-4642 x187",
        "userStatus": 0
    },
    {
        "id": 548216858,
        "username": "zada.ortiz",
        "firstName": "Brooks",
        "lastName": "Gibson",
        "email": "rena.johns@yahoo.com",
        "password": "2jzn7gwk",
        "phone": "852-002-9365 x04852",
        "userStatus": 0
    },
    {
        "id": 1439785,
        "username": "deshawn.braun",
        "firstName": "Kristle",
        "lastName": "D'Amore",
        "email": "dodie.daugherty@yahoo.com",
        "password": "cy6z3vbl2pkb",
        "phone": "1-493-969-9879 x18610",
        "userStatus": 0
    },
    {
        "id": 380206886,
        "username": "napoleon.rohan",
        "firstName": "Demetria",
        "lastName": "Nicolas",
        "email": "lonny.parker@gmail.com",
        "password": "zz55epq7n",
        "phone": "737-067-8058 x562",
        "userStatus": 0
    },
    {
        "id": 148,
        "username": "micheal.daugherty",
        "firstName": "Mellisa",
        "lastName": "Kub",
        "email": "yvonne.williamson@hotmail.com",
        "password": "fvf2ydi3y8",
        "phone": "876-780-4852",
        "userStatus": 0
    },
    {
        "id": 9531412,
        "username": "kim.rodriguez",
        "firstName": "Brianna",
        "lastName": "Goldner",
        "email": "candyce.johns@yahoo.com",
        "password": "lxj64xxcjm",
        "phone": "1-374-388-2798",
        "userStatus": 0
    },
    {
        "id": 63688831,
        "username": "arthur.weissnat",
        "firstName": "Inger",
        "lastName": "Effertz",
        "email": "jarod.schumm@gmail.com",
        "password": "1yrkiurhxp74",
        "phone": "1-382-257-1640",
        "userStatus": 0
    },
    {
        "id": 98964649,
        "username": "delmer.bartell",
        "firstName": "Ilana",
        "lastName": "Hilll",
        "email": "mariano.orn@hotmail.com",
        "password": "l33ocf9f0ya",
        "phone": "665.101.3679",
        "userStatus": 0
    },
    {
        "id": 291270,
        "username": "marlin.keeling",
        "firstName": "Anthony",
        "lastName": "Trantow",
        "email": "tommy.abbott@hotmail.com",
        "password": "7yaof7s4119xm4",
        "phone": "1-826-013-0614 x898",
        "userStatus": 0
    },
    {
        "id": 7290426,
        "username": "dewey.cronin",
        "firstName": "Jackeline",
        "lastName": "Wolf",
        "email": "hobert.okon@yahoo.com",
        "password": "b4271wlwy4mgz9t",
        "phone": "838.149.7475",
        "userStatus": 0
    },
    {
        "id": 889750358,
        "username": "nichol.schamberger",
        "firstName": "Brenna",
        "lastName": "Labadie",
        "email": "napoleon.becker@hotmail.com",
        "password": "pfxynk2tlp",
        "phone": "1-865-852-2230",
        "userStatus": 0
    },
    {
        "id": 934,
        "username": "johnson.stoltenberg",
        "firstName": "Johnie",
        "lastName": "Blanda",
        "email": "daniel.spinka@hotmail.com",
        "password": "opj7mmjxx",
        "phone": "195.823.5748 x69818",
        "userStatus": 0
    },
    {
        "id": 98,
        "username": "kittie.beatty",
        "firstName": "Tula",
        "lastName": "Morissette",
        "email": "kimbery.gleichner@yahoo.com",
        "password": "fsiqznse6ikyeb",
        "phone": "277.892.7567",
        "userStatus": 0
    },
    {
        "id": 159,
        "username": "lizzie.schimmel",
        "firstName": "Johnie",
        "lastName": "Walker",
        "email": "oliver.rodriguez@yahoo.com",
        "password": "i5k3mzni",
        "phone": "697-499-2286 x539",
        "userStatus": 0
    },
    {
        "id": 861412,
        "username": "terese.willms",
        "firstName": "Shemeka",
        "lastName": "Parker",
        "email": "donnie.conn@yahoo.com",
        "password": "xkiefupl4s5en",
        "phone": "568.252.7144",
        "userStatus": 0
    },
    {
        "id": 2639115,
        "username": "carolynn.toy",
        "firstName": "Royal",
        "lastName": "Padberg",
        "email": "devon.spencer@hotmail.com",
        "password": "fw246zax",
        "phone": "(253) 782-3403 x479",
        "userStatus": 0
    },
    {
        "id": 374076,
        "username": "courtney.hartmann",
        "firstName": "Caleb",
        "lastName": "Renner",
        "email": "roxanna.moore@yahoo.com",
        "password": "ks18nstjgihf61",
        "phone": "(331) 456-9297 x3811",
        "userStatus": 0
    },
    {
        "id": 1750623,
        "username": "epifania.west",
        "firstName": "Booker",
        "lastName": "Walsh",
        "email": "mazie.wisozk@yahoo.com",
        "password": "kjs9rhu6pxx",
        "phone": "813.857.1470 x52017",
        "userStatus": 0
    },
    {
        "id": 99,
        "username": "micheal.carter",
        "firstName": "Mari",
        "lastName": "Erdman",
        "email": "phillip.mclaughlin@hotmail.com",
        "password": "wusl5c26b6j5ae9",
        "phone": "(584) 509-0000 x59982",
        "userStatus": 0
    },
    {
        "id": 7068738,
        "username": "ronnie.gutmann",
        "firstName": "Thaddeus",
        "lastName": "Wisozk",
        "email": "rolland.schoen@yahoo.com",
        "password": "gl6yze8u3o",
        "phone": "(431) 276-4076 x43664",
        "userStatus": 0
    },
    {
        "id": 461193,
        "username": "kenyetta.casper",
        "firstName": "Clemente",
        "lastName": "Mann",
        "email": "phoebe.lang@gmail.com",
        "password": "s1wokfng1ox4",
        "phone": "134-586-8386",
        "userStatus": 0
    },
    {
        "id": 87492,
        "username": "buena.luettgen",
        "firstName": "Shaneka",
        "lastName": "Reichert",
        "email": "suzette.veum@hotmail.com",
        "password": "h6go0rkk9g08r",
        "phone": "743-971-9839",
        "userStatus": 0
    },
    {
        "id": 86956502,
        "username": "dominique.murphy",
        "firstName": "Dexter",
        "lastName": "Hartmann",
        "email": "allen.leffler@yahoo.com",
        "password": "1i5i9hu2n3",
        "phone": "162.271.2879 x67149",
        "userStatus": 0
    },
    {
        "id": 8425,
        "username": "stacey.dare",
        "firstName": "Leatrice",
        "lastName": "Koepp",
        "email": "micheal.ward@gmail.com",
        "password": "i72jiayemjl34vv",
        "phone": "(788) 804-6013 x274",
        "userStatus": 0
    },
    {
        "id": 12321,
        "username": "betty.kertzmann",
        "firstName": "Adriana",
        "lastName": "Daniel",
        "email": "joan.luettgen@hotmail.com",
        "password": "vis74avd03tu8",
        "phone": "292-404-8281 x58938",
        "userStatus": 0
    },
    {
        "id": 9034842,
        "username": "frederick.goyette",
        "firstName": "Josue",
        "lastName": "Deckow",
        "email": "denae.farrell@hotmail.com",
        "password": "t0r5l9ycxs5bza",
        "phone": "1-753-444-0904 x312",
        "userStatus": 0
    },
    {
        "id": 9370882,
        "username": "britany.collier",
        "firstName": "Rosie",
        "lastName": "Huels",
        "email": "adena.kassulke@yahoo.com",
        "password": "ka7uzrxahsjr",
        "phone": "(820) 000-6049",
        "userStatus": 0
    },
    {
        "id": 911,
        "username": "stephan.wiegand",
        "firstName": "Laurence",
        "lastName": "Welch",
        "email": "christena.ebert@hotmail.com",
        "password": "f2gwjz6aq",
        "phone": "533-019-7252 x5655",
        "userStatus": 0
    },
    {
        "id": 17504742,
        "username": "laree.mayert",
        "firstName": "Dakota",
        "lastName": "Bayer",
        "email": "randall.jones@yahoo.com",
        "password": "psuyh6izo",
        "phone": "(483) 336-6522",
        "userStatus": 0
    },
    {
        "id": 6966656,
        "username": "orval.kshlerin",
        "firstName": "Shayla",
        "lastName": "Leffler",
        "email": "lashaunda.wisoky@yahoo.com",
        "password": "lx5i53m49l5pfv",
        "phone": "(315) 780-3157 x878",
        "userStatus": 0
    },
    {
        "id": 3359,
        "username": "cole.rosenbaum",
        "firstName": "Van",
        "lastName": "Lebsack",
        "email": "andre.casper@yahoo.com",
        "password": "2b80o0raoqpu",
        "phone": "777.540.0500",
        "userStatus": 0
    },
    {
        "id": 2,
        "username": "donny.hudson",
        "firstName": "Shon",
        "lastName": "Bogisich",
        "email": "pauletta.koepp@yahoo.com",
        "password": "j9sf5l1d68qsiup",
        "phone": "(108) 588-1703 x32545",
        "userStatus": 0
    },
    {
        "id": 79271918,
        "username": "garry.schuster",
        "firstName": "Eda",
        "lastName": "Romaguera",
        "email": "vicky.lubowitz@gmail.com",
        "password": "wo55qu3ky",
        "phone": "1-844-375-6740 x23959",
        "userStatus": 0
    },
    {
        "id": 40697551,
        "username": "javier.marvin",
        "firstName": "Verlene",
        "lastName": "Hoeger",
        "email": "harriett.turcotte@yahoo.com",
        "password": "rkch3169",
        "phone": "818.356.4144",
        "userStatus": 0
    },
    {
        "id": 534913,
        "username": "carroll.grimes",
        "firstName": "Stephen",
        "lastName": "Streich",
        "email": "deanne.watsica@hotmail.com",
        "password": "02cj9so7sv4b9",
        "phone": "870-360-6765",
        "userStatus": 0
    },
    {
        "id": 9167925,
        "username": "mervin.lebsack",
        "firstName": "Rocio",
        "lastName": "Rogahn",
        "email": "catalina.glover@yahoo.com",
        "password": "klqpl65rtf7xu",
        "phone": "873-358-1407 x4732",
        "userStatus": 0
    },
    {
        "id": 13,
        "username": "dwight.murphy",
        "firstName": "Debera",
        "lastName": "McClure",
        "email": "donetta.willms@yahoo.com",
        "password": "o3qx6fjh67o5zx",
        "phone": "(777) 319-6447 x76129",
        "userStatus": 0
    },
    {
        "id": 473732999,
        "username": "howard.ryan",
        "firstName": "Forrest",
        "lastName": "Robel",
        "email": "letty.hartmann@yahoo.com",
        "password": "1ay4q06f",
        "phone": "1-354-840-4657 x7228",
        "userStatus": 0
    },
    {
        "id": 9639108,
        "username": "alton.mitchell",
        "firstName": "Federico",
        "lastName": "Beier",
        "email": "stacy.friesen@hotmail.com",
        "password": "o5yorlirfkb6zbr",
        "phone": "(577) 228-8045 x195",
        "userStatus": 0
    },
    {
        "id": 934060,
        "username": "jong.kilback",
        "firstName": "Orval",
        "lastName": "Ullrich",
        "email": "duane.stiedemann@hotmail.com",
        "password": "gftvd91udos",
        "phone": "268.085.5046 x033",
        "userStatus": 0
    },
    {
        "id": 34338907,
        "username": "jacob.klein",
        "firstName": "Deetta",
        "lastName": "Armstrong",
        "email": "lynetta.maggio@yahoo.com",
        "password": "ea9chfprzg9v",
        "phone": "396.808.8331",
        "userStatus": 0
    },
    {
        "id": 4732,
        "username": "isaiah.wolf",
        "firstName": "Perla",
        "lastName": "Deckow",
        "email": "jae.erdman@yahoo.com",
        "password": "f1rvvpebxh6f",
        "phone": "658.475.3420",
        "userStatus": 0
    },
    {
        "id": 6,
        "username": "libby.bartell",
        "firstName": "Darren",
        "lastName": "Stracke",
        "email": "catheryn.hickle@gmail.com",
        "password": "renjeklkryokx",
        "phone": "(116) 143-2497 x9050",
        "userStatus": 0
    },
    {
        "id": 7,
        "username": "marcene.ritchie",
        "firstName": "Aiko",
        "lastName": "Borer",
        "email": "dean.doyle@hotmail.com",
        "password": "ctus9xxd",
        "phone": "587.496.5482 x2975",
        "userStatus": 0
    },
    {
        "id": 89634440,
        "username": "emile.bednar",
        "firstName": "Gerald",
        "lastName": "Cassin",
        "email": "keith.kunze@hotmail.com",
        "password": "52vn1ktzbzu",
        "phone": "(631) 856-4895",
        "userStatus": 0
    },
    {
        "id": 9,
        "username": "svetlana.zieme",
        "firstName": "Monroe",
        "lastName": "Zieme",
        "email": "leslie.schmitt@gmail.com",
        "password": "htb093cdzgvp5",
        "phone": "1-214-513-1653 x27823",
        "userStatus": 0
    },
    {
        "id": 2613216,
        "username": "jefferey.zemlak",
        "firstName": "Britany",
        "lastName": "Lockman",
        "email": "anderson.bayer@hotmail.com",
        "password": "4t4st4rm1",
        "phone": "556-318-8713",
        "userStatus": 0
    },
    {
        "id": 2314373,
        "username": "leann.breitenberg",
        "firstName": "Bess",
        "lastName": "Buckridge",
        "email": "freddie.jacobson@yahoo.com",
        "password": "7eyhbyoit",
        "phone": "(559) 702-4833",
        "userStatus": 0
    },
    {
        "id": 785,
        "username": "mikel.mayert",
        "firstName": "Vernell",
        "lastName": "Metz",
        "email": "jamika.stehr@hotmail.com",
        "password": "o7blx08uve8mgqh",
        "phone": "094-752-8968",
        "userStatus": 0
    }
]
CHECK USER 0
Request method:	GET
Request URI:	https://petstore.swagger.io/v2/user/yanira.huels
Proxy:			<none>
Request params:	<none>
Query params:	<none>
Form params:	<none>
Path params:	<none>
Headers:		X-Traicing-Id=b83de3a0-101e-4302-809f-ca876a14287e
				Accept=*/*
				Content-Type=application/json
Cookies:		<none>
Multiparts:		<none>
Body:			<none>
Request method:	GET
Request URI:	https://petstore.swagger.io/v2/user/yanira.huels
Proxy:			<none>
Request params:	<none>
Query params:	<none>
Form params:	<none>
Path params:	<none>
Headers:		X-Traicing-Id=b83de3a0-101e-4302-809f-ca876a14287e
				Accept=*/*
				Content-Type=application/json
Cookies:		<none>
Multiparts:		<none>
Body:			<none>
RESPONSE searchUserByUsername: HTTP/1.1 200 OK
Request method:	DELETE
Request URI:	https://petstore.swagger.io/v2/user/yanira.huels
Proxy:			<none>
Request params:	<none>
Query params:	<none>
Form params:	<none>
Path params:	<none>
Headers:		X-Traicing-Id=b83de3a0-101e-4302-809f-ca876a14287e
				Accept=*/*
				Content-Type=application/json
Cookies:		<none>
Multiparts:		<none>
Body:			<none>
Request method:	DELETE
Request URI:	https://petstore.swagger.io/v2/user/yanira.huels
Proxy:			<none>
Request params:	<none>
Query params:	<none>
Form params:	<none>
Path params:	<none>
Headers:		X-Traicing-Id=b83de3a0-101e-4302-809f-ca876a14287e
				Accept=*/*
				Content-Type=application/json
Cookies:		<none>
Multiparts:		<none>
Body:			<none>
RESPONSE deleteUserByUsername: HTTP/1.1 200 OK
CHECK USER 1
Request method:	GET
Request URI:	https://petstore.swagger.io/v2/user/latanya.runolfsson
Proxy:			<none>
Request params:	<none>
Query params:	<none>
Form params:	<none>
Path params:	<none>
Headers:		X-Traicing-Id=b83de3a0-101e-4302-809f-ca876a14287e
				Accept=*/*
				Content-Type=application/json
Cookies:		<none>
Multiparts:		<none>
Body:			<none>
Request method:	GET
Request URI:	https://petstore.swagger.io/v2/user/latanya.runolfsson
Proxy:			<none>
Request params:	<none>
Query params:	<none>
Form params:	<none>
Path params:	<none>
Headers:		X-Traicing-Id=b83de3a0-101e-4302-809f-ca876a14287e
				Accept=*/*
				Content-Type=application/json
Cookies:		<none>
Multiparts:		<none>
Body:			<none>
RESPONSE searchUserByUsername: HTTP/1.1 200 OK
Request method:	DELETE
Request URI:	https://petstore.swagger.io/v2/user/latanya.runolfsson
Proxy:			<none>
Request params:	<none>
Query params:	<none>
Form params:	<none>
Path params:	<none>
Headers:		X-Traicing-Id=b83de3a0-101e-4302-809f-ca876a14287e
				Accept=*/*
				Content-Type=application/json
Cookies:		<none>
Multiparts:		<none>
Body:			<none>
Request method:	DELETE
Request URI:	https://petstore.swagger.io/v2/user/latanya.runolfsson
Proxy:			<none>
Request params:	<none>
Query params:	<none>
Form params:	<none>
Path params:	<none>
Headers:		X-Traicing-Id=b83de3a0-101e-4302-809f-ca876a14287e
				Accept=*/*
				Content-Type=application/json
Cookies:		<none>
Multiparts:		<none>
Body:			<none>
RESPONSE deleteUserByUsername: HTTP/1.1 200 OK
CHECK USER 2
Request method:	GET
Request URI:	https://petstore.swagger.io/v2/user/dreama.jerde
Proxy:			<none>
Request params:	<none>
Query params:	<none>
Form params:	<none>
Path params:	<none>
Headers:		X-Traicing-Id=b83de3a0-101e-4302-809f-ca876a14287e
				Accept=*/*
				Content-Type=application/json
Cookies:		<none>
Multiparts:		<none>
Body:			<none>
Request method:	GET
Request URI:	https://petstore.swagger.io/v2/user/dreama.jerde
Proxy:			<none>
Request params:	<none>
Query params:	<none>
Form params:	<none>
Path params:	<none>
Headers:		X-Traicing-Id=b83de3a0-101e-4302-809f-ca876a14287e
				Accept=*/*
				Content-Type=application/json
Cookies:		<none>
Multiparts:		<none>
Body:			<none>
RESPONSE searchUserByUsername: HTTP/1.1 200 OK
Request method:	DELETE
Request URI:	https://petstore.swagger.io/v2/user/dreama.jerde
Proxy:			<none>
Request params:	<none>
Query params:	<none>
Form params:	<none>
Path params:	<none>
Headers:		X-Traicing-Id=b83de3a0-101e-4302-809f-ca876a14287e
				Accept=*/*
				Content-Type=application/json
Cookies:		<none>
Multiparts:		<none>
Body:			<none>
Request method:	DELETE
Request URI:	https://petstore.swagger.io/v2/user/dreama.jerde
Proxy:			<none>
Request params:	<none>
Query params:	<none>
Form params:	<none>
Path params:	<none>
Headers:		X-Traicing-Id=b83de3a0-101e-4302-809f-ca876a14287e
				Accept=*/*
				Content-Type=application/json
Cookies:		<none>
Multiparts:		<none>
Body:			<none>
RESPONSE deleteUserByUsername: HTTP/1.1 200 OK
CHECK USER 3
Request method:	GET
Request URI:	https://petstore.swagger.io/v2/user/willie.ohara
Proxy:			<none>
Request params:	<none>
Query params:	<none>
Form params:	<none>
Path params:	<none>
Headers:		X-Traicing-Id=b83de3a0-101e-4302-809f-ca876a14287e
				Accept=*/*
				Content-Type=application/json
Cookies:		<none>
Multiparts:		<none>
Body:			<none>
Request method:	GET
Request URI:	https://petstore.swagger.io/v2/user/willie.ohara
Proxy:			<none>
Request params:	<none>
Query params:	<none>
Form params:	<none>
Path params:	<none>
Headers:		X-Traicing-Id=b83de3a0-101e-4302-809f-ca876a14287e
				Accept=*/*
				Content-Type=application/json
Cookies:		<none>
Multiparts:		<none>
Body:			<none>
RESPONSE searchUserByUsername: HTTP/1.1 200 OK
Request method:	DELETE
Request URI:	https://petstore.swagger.io/v2/user/willie.ohara
Proxy:			<none>
Request params:	<none>
Query params:	<none>
Form params:	<none>
Path params:	<none>
Headers:		X-Traicing-Id=b83de3a0-101e-4302-809f-ca876a14287e
				Accept=*/*
				Content-Type=application/json
Cookies:		<none>
Multiparts:		<none>
Body:			<none>
Request method:	DELETE
Request URI:	https://petstore.swagger.io/v2/user/willie.ohara
Proxy:			<none>
Request params:	<none>
Query params:	<none>
Form params:	<none>
Path params:	<none>
Headers:		X-Traicing-Id=b83de3a0-101e-4302-809f-ca876a14287e
				Accept=*/*
				Content-Type=application/json
Cookies:		<none>
Multiparts:		<none>
Body:			<none>
RESPONSE deleteUserByUsername: HTTP/1.1 200 OK
CHECK USER 4
Request method:	GET
Request URI:	https://petstore.swagger.io/v2/user/jules.marquardt
Proxy:			<none>
Request params:	<none>
Query params:	<none>
Form params:	<none>
Path params:	<none>
Headers:		X-Traicing-Id=b83de3a0-101e-4302-809f-ca876a14287e
				Accept=*/*
				Content-Type=application/json
Cookies:		<none>
Multiparts:		<none>
Body:			<none>
Request method:	GET
Request URI:	https://petstore.swagger.io/v2/user/jules.marquardt
Proxy:			<none>
Request params:	<none>
Query params:	<none>
Form params:	<none>
Path params:	<none>
Headers:		X-Traicing-Id=b83de3a0-101e-4302-809f-ca876a14287e
				Accept=*/*
				Content-Type=application/json
Cookies:		<none>
Multiparts:		<none>
Body:			<none>
RESPONSE searchUserByUsername: HTTP/1.1 404 Not Found
]]></system-out>
  <system-err><![CDATA[[Test worker] INFO com.epam.reportportal.service.Launch - Rerun: false
[rp-io-7] ERROR com.epam.reportportal.utils.SubscriptionUtils - Start test item completed with error 
retrofit2.adapter.rxjava2.HttpException: HTTP 406 Not Acceptable
	at retrofit2.adapter.rxjava2.BodyObservable$BodyObserver.onNext(BodyObservable.java:57)
	at retrofit2.adapter.rxjava2.BodyObservable$BodyObserver.onNext(BodyObservable.java:38)
	at retrofit2.adapter.rxjava2.CallExecuteObservable.subscribeActual(CallExecuteObservable.java:48)
	at io.reactivex.Observable.subscribe(Observable.java:12267)
	at retrofit2.adapter.rxjava2.BodyObservable.subscribeActual(BodyObservable.java:35)
	at io.reactivex.Observable.subscribe(Observable.java:12267)
	at io.reactivex.internal.operators.observable.ObservableSubscribeOn$SubscribeTask.run(ObservableSubscribeOn.java:96)
	at io.reactivex.internal.schedulers.ScheduledDirectTask.call(ScheduledDirectTask.java:38)
	at io.reactivex.internal.schedulers.ScheduledDirectTask.call(ScheduledDirectTask.java:26)
	at java.base/java.util.concurrent.FutureTask.run(FutureTask.java:264)
	at java.base/java.util.concurrent.ThreadPoolExecutor.runWorker(ThreadPoolExecutor.java:1130)
	at java.base/java.util.concurrent.ThreadPoolExecutor$Worker.run(ThreadPoolExecutor.java:630)
	at java.base/java.lang.Thread.run(Thread.java:832)
[rp-io-7] ERROR com.epam.reportportal.utils.SubscriptionUtils - Start test item completed with error 
retrofit2.adapter.rxjava2.HttpException: HTTP 406 Not Acceptable
	at retrofit2.adapter.rxjava2.BodyObservable$BodyObserver.onNext(BodyObservable.java:57)
	at retrofit2.adapter.rxjava2.BodyObservable$BodyObserver.onNext(BodyObservable.java:38)
	at retrofit2.adapter.rxjava2.CallExecuteObservable.subscribeActual(CallExecuteObservable.java:48)
	at io.reactivex.Observable.subscribe(Observable.java:12267)
	at retrofit2.adapter.rxjava2.BodyObservable.subscribeActual(BodyObservable.java:35)
	at io.reactivex.Observable.subscribe(Observable.java:12267)
	at io.reactivex.internal.operators.observable.ObservableSubscribeOn$SubscribeTask.run(ObservableSubscribeOn.java:96)
	at io.reactivex.internal.schedulers.ScheduledDirectTask.call(ScheduledDirectTask.java:38)
	at io.reactivex.internal.schedulers.ScheduledDirectTask.call(ScheduledDirectTask.java:26)
	at java.base/java.util.concurrent.FutureTask.run(FutureTask.java:264)
	at java.base/java.util.concurrent.ThreadPoolExecutor.runWorker(ThreadPoolExecutor.java:1130)
	at java.base/java.util.concurrent.ThreadPoolExecutor$Worker.run(ThreadPoolExecutor.java:630)
	at java.base/java.lang.Thread.run(Thread.java:832)
[rp-io-8] ERROR com.epam.reportportal.utils.SubscriptionUtils - Start test item completed with error 
retrofit2.adapter.rxjava2.HttpException: HTTP 406 Not Acceptable
	at retrofit2.adapter.rxjava2.BodyObservable$BodyObserver.onNext(BodyObservable.java:57)
	at retrofit2.adapter.rxjava2.BodyObservable$BodyObserver.onNext(BodyObservable.java:38)
	at retrofit2.adapter.rxjava2.CallExecuteObservable.subscribeActual(CallExecuteObservable.java:48)
	at io.reactivex.Observable.subscribe(Observable.java:12267)
	at retrofit2.adapter.rxjava2.BodyObservable.subscribeActual(BodyObservable.java:35)
	at io.reactivex.Observable.subscribe(Observable.java:12267)
	at io.reactivex.internal.operators.observable.ObservableSubscribeOn$SubscribeTask.run(ObservableSubscribeOn.java:96)
	at io.reactivex.internal.schedulers.ScheduledDirectTask.call(ScheduledDirectTask.java:38)
	at io.reactivex.internal.schedulers.ScheduledDirectTask.call(ScheduledDirectTask.java:26)
	at java.base/java.util.concurrent.FutureTask.run(FutureTask.java:264)
	at java.base/java.util.concurrent.ThreadPoolExecutor.runWorker(ThreadPoolExecutor.java:1130)
	at java.base/java.util.concurrent.ThreadPoolExecutor$Worker.run(ThreadPoolExecutor.java:630)
	at java.base/java.lang.Thread.run(Thread.java:832)
log4j:WARN No appenders could be found for logger (org.apache.http.impl.conn.BasicClientConnectionManager).
log4j:WARN Please initialize the log4j system properly.
log4j:WARN See http://logging.apache.org/log4j/1.2/faq.html#noconfig for more info.
[rp-io-12] ERROR com.epam.reportportal.utils.SubscriptionUtils - Start test item completed with error 
retrofit2.adapter.rxjava2.HttpException: HTTP 406 Not Acceptable
	at retrofit2.adapter.rxjava2.BodyObservable$BodyObserver.onNext(BodyObservable.java:57)
	at retrofit2.adapter.rxjava2.BodyObservable$BodyObserver.onNext(BodyObservable.java:38)
	at retrofit2.adapter.rxjava2.CallExecuteObservable.subscribeActual(CallExecuteObservable.java:48)
	at io.reactivex.Observable.subscribe(Observable.java:12267)
	at retrofit2.adapter.rxjava2.BodyObservable.subscribeActual(BodyObservable.java:35)
	at io.reactivex.Observable.subscribe(Observable.java:12267)
	at io.reactivex.internal.operators.observable.ObservableSubscribeOn$SubscribeTask.run(ObservableSubscribeOn.java:96)
	at io.reactivex.internal.schedulers.ScheduledDirectTask.call(ScheduledDirectTask.java:38)
	at io.reactivex.internal.schedulers.ScheduledDirectTask.call(ScheduledDirectTask.java:26)
	at java.base/java.util.concurrent.FutureTask.run(FutureTask.java:264)
	at java.base/java.util.concurrent.ThreadPoolExecutor.runWorker(ThreadPoolExecutor.java:1130)
	at java.base/java.util.concurrent.ThreadPoolExecutor$Worker.run(ThreadPoolExecutor.java:630)
	at java.base/java.lang.Thread.run(Thread.java:832)
[rp-io-11] ERROR com.epam.reportportal.utils.SubscriptionUtils - [42] ReportPortal Finish test item execution error
retrofit2.adapter.rxjava2.HttpException: HTTP 406 Not Acceptable
	at retrofit2.adapter.rxjava2.BodyObservable$BodyObserver.onNext(BodyObservable.java:57)
	at retrofit2.adapter.rxjava2.BodyObservable$BodyObserver.onNext(BodyObservable.java:38)
	at retrofit2.adapter.rxjava2.CallExecuteObservable.subscribeActual(CallExecuteObservable.java:48)
	at io.reactivex.Observable.subscribe(Observable.java:12267)
	at retrofit2.adapter.rxjava2.BodyObservable.subscribeActual(BodyObservable.java:35)
	at io.reactivex.Observable.subscribe(Observable.java:12267)
	at io.reactivex.internal.operators.observable.ObservableSubscribeOn$SubscribeTask.run(ObservableSubscribeOn.java:96)
	at io.reactivex.internal.schedulers.ScheduledDirectTask.call(ScheduledDirectTask.java:38)
	at io.reactivex.internal.schedulers.ScheduledDirectTask.call(ScheduledDirectTask.java:26)
	at java.base/java.util.concurrent.FutureTask.run(FutureTask.java:264)
	at java.base/java.util.concurrent.ThreadPoolExecutor.runWorker(ThreadPoolExecutor.java:1130)
	at java.base/java.util.concurrent.ThreadPoolExecutor$Worker.run(ThreadPoolExecutor.java:630)
	at java.base/java.lang.Thread.run(Thread.java:832)
[rp-io-15] ERROR com.epam.reportportal.utils.SubscriptionUtils - [46] ReportPortal Finish test item execution error
retrofit2.adapter.rxjava2.HttpException: HTTP 406 Not Acceptable
	at retrofit2.adapter.rxjava2.BodyObservable$BodyObserver.onNext(BodyObservable.java:57)
	at retrofit2.adapter.rxjava2.BodyObservable$BodyObserver.onNext(BodyObservable.java:38)
	at retrofit2.adapter.rxjava2.CallExecuteObservable.subscribeActual(CallExecuteObservable.java:48)
	at io.reactivex.Observable.subscribe(Observable.java:12267)
	at retrofit2.adapter.rxjava2.BodyObservable.subscribeActual(BodyObservable.java:35)
	at io.reactivex.Observable.subscribe(Observable.java:12267)
	at io.reactivex.internal.operators.observable.ObservableSubscribeOn$SubscribeTask.run(ObservableSubscribeOn.java:96)
	at io.reactivex.internal.schedulers.ScheduledDirectTask.call(ScheduledDirectTask.java:38)
	at io.reactivex.internal.schedulers.ScheduledDirectTask.call(ScheduledDirectTask.java:26)
	at java.base/java.util.concurrent.FutureTask.run(FutureTask.java:264)
	at java.base/java.util.concurrent.ThreadPoolExecutor.runWorker(ThreadPoolExecutor.java:1130)
	at java.base/java.util.concurrent.ThreadPoolExecutor$Worker.run(ThreadPoolExecutor.java:630)
	at java.base/java.lang.Thread.run(Thread.java:832)
[rp-io-16] ERROR com.epam.reportportal.utils.SubscriptionUtils - Start test item completed with error 
retrofit2.adapter.rxjava2.HttpException: HTTP 406 Not Acceptable
	at retrofit2.adapter.rxjava2.BodyObservable$BodyObserver.onNext(BodyObservable.java:57)
	at retrofit2.adapter.rxjava2.BodyObservable$BodyObserver.onNext(BodyObservable.java:38)
	at retrofit2.adapter.rxjava2.CallExecuteObservable.subscribeActual(CallExecuteObservable.java:48)
	at io.reactivex.Observable.subscribe(Observable.java:12267)
	at retrofit2.adapter.rxjava2.BodyObservable.subscribeActual(BodyObservable.java:35)
	at io.reactivex.Observable.subscribe(Observable.java:12267)
	at io.reactivex.internal.operators.observable.ObservableSubscribeOn$SubscribeTask.run(ObservableSubscribeOn.java:96)
	at io.reactivex.internal.schedulers.ScheduledDirectTask.call(ScheduledDirectTask.java:38)
	at io.reactivex.internal.schedulers.ScheduledDirectTask.call(ScheduledDirectTask.java:26)
	at java.base/java.util.concurrent.FutureTask.run(FutureTask.java:264)
	at java.base/java.util.concurrent.ThreadPoolExecutor.runWorker(ThreadPoolExecutor.java:1130)
	at java.base/java.util.concurrent.ThreadPoolExecutor$Worker.run(ThreadPoolExecutor.java:630)
	at java.base/java.lang.Thread.run(Thread.java:832)
[rp-io-19] ERROR com.epam.reportportal.utils.SubscriptionUtils - [50] ReportPortal Finish test item execution error
retrofit2.adapter.rxjava2.HttpException: HTTP 406 Not Acceptable
	at retrofit2.adapter.rxjava2.BodyObservable$BodyObserver.onNext(BodyObservable.java:57)
	at retrofit2.adapter.rxjava2.BodyObservable$BodyObserver.onNext(BodyObservable.java:38)
	at retrofit2.adapter.rxjava2.CallExecuteObservable.subscribeActual(CallExecuteObservable.java:48)
	at io.reactivex.Observable.subscribe(Observable.java:12267)
	at retrofit2.adapter.rxjava2.BodyObservable.subscribeActual(BodyObservable.java:35)
	at io.reactivex.Observable.subscribe(Observable.java:12267)
	at io.reactivex.internal.operators.observable.ObservableSubscribeOn$SubscribeTask.run(ObservableSubscribeOn.java:96)
	at io.reactivex.internal.schedulers.ScheduledDirectTask.call(ScheduledDirectTask.java:38)
	at io.reactivex.internal.schedulers.ScheduledDirectTask.call(ScheduledDirectTask.java:26)
	at java.base/java.util.concurrent.FutureTask.run(FutureTask.java:264)
	at java.base/java.util.concurrent.ThreadPoolExecutor.runWorker(ThreadPoolExecutor.java:1130)
	at java.base/java.util.concurrent.ThreadPoolExecutor$Worker.run(ThreadPoolExecutor.java:630)
	at java.base/java.lang.Thread.run(Thread.java:832)
[rp-io-20] ERROR com.epam.reportportal.utils.SubscriptionUtils - Start test item completed with error 
retrofit2.adapter.rxjava2.HttpException: HTTP 406 Not Acceptable
	at retrofit2.adapter.rxjava2.BodyObservable$BodyObserver.onNext(BodyObservable.java:57)
	at retrofit2.adapter.rxjava2.BodyObservable$BodyObserver.onNext(BodyObservable.java:38)
	at retrofit2.adapter.rxjava2.CallExecuteObservable.subscribeActual(CallExecuteObservable.java:48)
	at io.reactivex.Observable.subscribe(Observable.java:12267)
	at retrofit2.adapter.rxjava2.BodyObservable.subscribeActual(BodyObservable.java:35)
	at io.reactivex.Observable.subscribe(Observable.java:12267)
	at io.reactivex.internal.operators.observable.ObservableSubscribeOn$SubscribeTask.run(ObservableSubscribeOn.java:96)
	at io.reactivex.internal.schedulers.ScheduledDirectTask.call(ScheduledDirectTask.java:38)
	at io.reactivex.internal.schedulers.ScheduledDirectTask.call(ScheduledDirectTask.java:26)
	at java.base/java.util.concurrent.FutureTask.run(FutureTask.java:264)
	at java.base/java.util.concurrent.ThreadPoolExecutor.runWorker(ThreadPoolExecutor.java:1130)
	at java.base/java.util.concurrent.ThreadPoolExecutor$Worker.run(ThreadPoolExecutor.java:630)
	at java.base/java.lang.Thread.run(Thread.java:832)
[rp-io-23] ERROR com.epam.reportportal.utils.SubscriptionUtils - [54] ReportPortal Finish test item execution error
retrofit2.adapter.rxjava2.HttpException: HTTP 406 Not Acceptable
	at retrofit2.adapter.rxjava2.BodyObservable$BodyObserver.onNext(BodyObservable.java:57)
	at retrofit2.adapter.rxjava2.BodyObservable$BodyObserver.onNext(BodyObservable.java:38)
	at retrofit2.adapter.rxjava2.CallExecuteObservable.subscribeActual(CallExecuteObservable.java:48)
	at io.reactivex.Observable.subscribe(Observable.java:12267)
	at retrofit2.adapter.rxjava2.BodyObservable.subscribeActual(BodyObservable.java:35)
	at io.reactivex.Observable.subscribe(Observable.java:12267)
	at io.reactivex.internal.operators.observable.ObservableSubscribeOn$SubscribeTask.run(ObservableSubscribeOn.java:96)
	at io.reactivex.internal.schedulers.ScheduledDirectTask.call(ScheduledDirectTask.java:38)
	at io.reactivex.internal.schedulers.ScheduledDirectTask.call(ScheduledDirectTask.java:26)
	at java.base/java.util.concurrent.FutureTask.run(FutureTask.java:264)
	at java.base/java.util.concurrent.ThreadPoolExecutor.runWorker(ThreadPoolExecutor.java:1130)
	at java.base/java.util.concurrent.ThreadPoolExecutor$Worker.run(ThreadPoolExecutor.java:630)
	at java.base/java.lang.Thread.run(Thread.java:832)
[rp-io-24] ERROR com.epam.reportportal.utils.SubscriptionUtils - Start test item completed with error 
retrofit2.adapter.rxjava2.HttpException: HTTP 406 Not Acceptable
	at retrofit2.adapter.rxjava2.BodyObservable$BodyObserver.onNext(BodyObservable.java:57)
	at retrofit2.adapter.rxjava2.BodyObservable$BodyObserver.onNext(BodyObservable.java:38)
	at retrofit2.adapter.rxjava2.CallExecuteObservable.subscribeActual(CallExecuteObservable.java:48)
	at io.reactivex.Observable.subscribe(Observable.java:12267)
	at retrofit2.adapter.rxjava2.BodyObservable.subscribeActual(BodyObservable.java:35)
	at io.reactivex.Observable.subscribe(Observable.java:12267)
	at io.reactivex.internal.operators.observable.ObservableSubscribeOn$SubscribeTask.run(ObservableSubscribeOn.java:96)
	at io.reactivex.internal.schedulers.ScheduledDirectTask.call(ScheduledDirectTask.java:38)
	at io.reactivex.internal.schedulers.ScheduledDirectTask.call(ScheduledDirectTask.java:26)
	at java.base/java.util.concurrent.FutureTask.run(FutureTask.java:264)
	at java.base/java.util.concurrent.ThreadPoolExecutor.runWorker(ThreadPoolExecutor.java:1130)
	at java.base/java.util.concurrent.ThreadPoolExecutor$Worker.run(ThreadPoolExecutor.java:630)
	at java.base/java.lang.Thread.run(Thread.java:832)
[rp-io-27] ERROR com.epam.reportportal.utils.SubscriptionUtils - [58] ReportPortal Finish test item execution error
retrofit2.adapter.rxjava2.HttpException: HTTP 406 Not Acceptable
	at retrofit2.adapter.rxjava2.BodyObservable$BodyObserver.onNext(BodyObservable.java:57)
	at retrofit2.adapter.rxjava2.BodyObservable$BodyObserver.onNext(BodyObservable.java:38)
	at retrofit2.adapter.rxjava2.CallExecuteObservable.subscribeActual(CallExecuteObservable.java:48)
	at io.reactivex.Observable.subscribe(Observable.java:12267)
	at retrofit2.adapter.rxjava2.BodyObservable.subscribeActual(BodyObservable.java:35)
	at io.reactivex.Observable.subscribe(Observable.java:12267)
	at io.reactivex.internal.operators.observable.ObservableSubscribeOn$SubscribeTask.run(ObservableSubscribeOn.java:96)
	at io.reactivex.internal.schedulers.ScheduledDirectTask.call(ScheduledDirectTask.java:38)
	at io.reactivex.internal.schedulers.ScheduledDirectTask.call(ScheduledDirectTask.java:26)
	at java.base/java.util.concurrent.FutureTask.run(FutureTask.java:264)
	at java.base/java.util.concurrent.ThreadPoolExecutor.runWorker(ThreadPoolExecutor.java:1130)
	at java.base/java.util.concurrent.ThreadPoolExecutor$Worker.run(ThreadPoolExecutor.java:630)
	at java.base/java.lang.Thread.run(Thread.java:832)
[rp-io-28] ERROR com.epam.reportportal.utils.SubscriptionUtils - Start test item completed with error 
retrofit2.adapter.rxjava2.HttpException: HTTP 406 Not Acceptable
	at retrofit2.adapter.rxjava2.BodyObservable$BodyObserver.onNext(BodyObservable.java:57)
	at retrofit2.adapter.rxjava2.BodyObservable$BodyObserver.onNext(BodyObservable.java:38)
	at retrofit2.adapter.rxjava2.CallExecuteObservable.subscribeActual(CallExecuteObservable.java:48)
	at io.reactivex.Observable.subscribe(Observable.java:12267)
	at retrofit2.adapter.rxjava2.BodyObservable.subscribeActual(BodyObservable.java:35)
	at io.reactivex.Observable.subscribe(Observable.java:12267)
	at io.reactivex.internal.operators.observable.ObservableSubscribeOn$SubscribeTask.run(ObservableSubscribeOn.java:96)
	at io.reactivex.internal.schedulers.ScheduledDirectTask.call(ScheduledDirectTask.java:38)
	at io.reactivex.internal.schedulers.ScheduledDirectTask.call(ScheduledDirectTask.java:26)
	at java.base/java.util.concurrent.FutureTask.run(FutureTask.java:264)
	at java.base/java.util.concurrent.ThreadPoolExecutor.runWorker(ThreadPoolExecutor.java:1130)
	at java.base/java.util.concurrent.ThreadPoolExecutor$Worker.run(ThreadPoolExecutor.java:630)
	at java.base/java.lang.Thread.run(Thread.java:832)
[rp-io-31] ERROR com.epam.reportportal.utils.SubscriptionUtils - [62] ReportPortal Finish test item execution error
retrofit2.adapter.rxjava2.HttpException: HTTP 406 Not Acceptable
	at retrofit2.adapter.rxjava2.BodyObservable$BodyObserver.onNext(BodyObservable.java:57)
	at retrofit2.adapter.rxjava2.BodyObservable$BodyObserver.onNext(BodyObservable.java:38)
	at retrofit2.adapter.rxjava2.CallExecuteObservable.subscribeActual(CallExecuteObservable.java:48)
	at io.reactivex.Observable.subscribe(Observable.java:12267)
	at retrofit2.adapter.rxjava2.BodyObservable.subscribeActual(BodyObservable.java:35)
	at io.reactivex.Observable.subscribe(Observable.java:12267)
	at io.reactivex.internal.operators.observable.ObservableSubscribeOn$SubscribeTask.run(ObservableSubscribeOn.java:96)
	at io.reactivex.internal.schedulers.ScheduledDirectTask.call(ScheduledDirectTask.java:38)
	at io.reactivex.internal.schedulers.ScheduledDirectTask.call(ScheduledDirectTask.java:26)
	at java.base/java.util.concurrent.FutureTask.run(FutureTask.java:264)
	at java.base/java.util.concurrent.ThreadPoolExecutor.runWorker(ThreadPoolExecutor.java:1130)
	at java.base/java.util.concurrent.ThreadPoolExecutor$Worker.run(ThreadPoolExecutor.java:630)
	at java.base/java.lang.Thread.run(Thread.java:832)
[rp-io-32] ERROR com.epam.reportportal.utils.SubscriptionUtils - Start test item completed with error 
retrofit2.adapter.rxjava2.HttpException: HTTP 406 Not Acceptable
	at retrofit2.adapter.rxjava2.BodyObservable$BodyObserver.onNext(BodyObservable.java:57)
	at retrofit2.adapter.rxjava2.BodyObservable$BodyObserver.onNext(BodyObservable.java:38)
	at retrofit2.adapter.rxjava2.CallExecuteObservable.subscribeActual(CallExecuteObservable.java:48)
	at io.reactivex.Observable.subscribe(Observable.java:12267)
	at retrofit2.adapter.rxjava2.BodyObservable.subscribeActual(BodyObservable.java:35)
	at io.reactivex.Observable.subscribe(Observable.java:12267)
	at io.reactivex.internal.operators.observable.ObservableSubscribeOn$SubscribeTask.run(ObservableSubscribeOn.java:96)
	at io.reactivex.internal.schedulers.ScheduledDirectTask.call(ScheduledDirectTask.java:38)
	at io.reactivex.internal.schedulers.ScheduledDirectTask.call(ScheduledDirectTask.java:26)
	at java.base/java.util.concurrent.FutureTask.run(FutureTask.java:264)
	at java.base/java.util.concurrent.ThreadPoolExecutor.runWorker(ThreadPoolExecutor.java:1130)
	at java.base/java.util.concurrent.ThreadPoolExecutor$Worker.run(ThreadPoolExecutor.java:630)
	at java.base/java.lang.Thread.run(Thread.java:832)
[rp-io-35] ERROR com.epam.reportportal.utils.SubscriptionUtils - [66] ReportPortal Finish test item execution error
retrofit2.adapter.rxjava2.HttpException: HTTP 406 Not Acceptable
	at retrofit2.adapter.rxjava2.BodyObservable$BodyObserver.onNext(BodyObservable.java:57)
	at retrofit2.adapter.rxjava2.BodyObservable$BodyObserver.onNext(BodyObservable.java:38)
	at retrofit2.adapter.rxjava2.CallExecuteObservable.subscribeActual(CallExecuteObservable.java:48)
	at io.reactivex.Observable.subscribe(Observable.java:12267)
	at retrofit2.adapter.rxjava2.BodyObservable.subscribeActual(BodyObservable.java:35)
	at io.reactivex.Observable.subscribe(Observable.java:12267)
	at io.reactivex.internal.operators.observable.ObservableSubscribeOn$SubscribeTask.run(ObservableSubscribeOn.java:96)
	at io.reactivex.internal.schedulers.ScheduledDirectTask.call(ScheduledDirectTask.java:38)
	at io.reactivex.internal.schedulers.ScheduledDirectTask.call(ScheduledDirectTask.java:26)
	at java.base/java.util.concurrent.FutureTask.run(FutureTask.java:264)
	at java.base/java.util.concurrent.ThreadPoolExecutor.runWorker(ThreadPoolExecutor.java:1130)
	at java.base/java.util.concurrent.ThreadPoolExecutor$Worker.run(ThreadPoolExecutor.java:630)
	at java.base/java.lang.Thread.run(Thread.java:832)
[rp-io-36] ERROR com.epam.reportportal.utils.SubscriptionUtils - Start test item completed with error 
retrofit2.adapter.rxjava2.HttpException: HTTP 406 Not Acceptable
	at retrofit2.adapter.rxjava2.BodyObservable$BodyObserver.onNext(BodyObservable.java:57)
	at retrofit2.adapter.rxjava2.BodyObservable$BodyObserver.onNext(BodyObservable.java:38)
	at retrofit2.adapter.rxjava2.CallExecuteObservable.subscribeActual(CallExecuteObservable.java:48)
	at io.reactivex.Observable.subscribe(Observable.java:12267)
	at retrofit2.adapter.rxjava2.BodyObservable.subscribeActual(BodyObservable.java:35)
	at io.reactivex.Observable.subscribe(Observable.java:12267)
	at io.reactivex.internal.operators.observable.ObservableSubscribeOn$SubscribeTask.run(ObservableSubscribeOn.java:96)
	at io.reactivex.internal.schedulers.ScheduledDirectTask.call(ScheduledDirectTask.java:38)
	at io.reactivex.internal.schedulers.ScheduledDirectTask.call(ScheduledDirectTask.java:26)
	at java.base/java.util.concurrent.FutureTask.run(FutureTask.java:264)
	at java.base/java.util.concurrent.ThreadPoolExecutor.runWorker(ThreadPoolExecutor.java:1130)
	at java.base/java.util.concurrent.ThreadPoolExecutor$Worker.run(ThreadPoolExecutor.java:630)
	at java.base/java.lang.Thread.run(Thread.java:832)
[rp-io-39] ERROR com.epam.reportportal.utils.SubscriptionUtils - [70] ReportPortal Finish test item execution error
retrofit2.adapter.rxjava2.HttpException: HTTP 406 Not Acceptable
	at retrofit2.adapter.rxjava2.BodyObservable$BodyObserver.onNext(BodyObservable.java:57)
	at retrofit2.adapter.rxjava2.BodyObservable$BodyObserver.onNext(BodyObservable.java:38)
	at retrofit2.adapter.rxjava2.CallExecuteObservable.subscribeActual(CallExecuteObservable.java:48)
	at io.reactivex.Observable.subscribe(Observable.java:12267)
	at retrofit2.adapter.rxjava2.BodyObservable.subscribeActual(BodyObservable.java:35)
	at io.reactivex.Observable.subscribe(Observable.java:12267)
	at io.reactivex.internal.operators.observable.ObservableSubscribeOn$SubscribeTask.run(ObservableSubscribeOn.java:96)
	at io.reactivex.internal.schedulers.ScheduledDirectTask.call(ScheduledDirectTask.java:38)
	at io.reactivex.internal.schedulers.ScheduledDirectTask.call(ScheduledDirectTask.java:26)
	at java.base/java.util.concurrent.FutureTask.run(FutureTask.java:264)
	at java.base/java.util.concurrent.ThreadPoolExecutor.runWorker(ThreadPoolExecutor.java:1130)
	at java.base/java.util.concurrent.ThreadPoolExecutor$Worker.run(ThreadPoolExecutor.java:630)
	at java.base/java.lang.Thread.run(Thread.java:832)
[rp-io-40] ERROR com.epam.reportportal.utils.SubscriptionUtils - Start test item completed with error 
retrofit2.adapter.rxjava2.HttpException: HTTP 406 Not Acceptable
	at retrofit2.adapter.rxjava2.BodyObservable$BodyObserver.onNext(BodyObservable.java:57)
	at retrofit2.adapter.rxjava2.BodyObservable$BodyObserver.onNext(BodyObservable.java:38)
	at retrofit2.adapter.rxjava2.CallExecuteObservable.subscribeActual(CallExecuteObservable.java:48)
	at io.reactivex.Observable.subscribe(Observable.java:12267)
	at retrofit2.adapter.rxjava2.BodyObservable.subscribeActual(BodyObservable.java:35)
	at io.reactivex.Observable.subscribe(Observable.java:12267)
	at io.reactivex.internal.operators.observable.ObservableSubscribeOn$SubscribeTask.run(ObservableSubscribeOn.java:96)
	at io.reactivex.internal.schedulers.ScheduledDirectTask.call(ScheduledDirectTask.java:38)
	at io.reactivex.internal.schedulers.ScheduledDirectTask.call(ScheduledDirectTask.java:26)
	at java.base/java.util.concurrent.FutureTask.run(FutureTask.java:264)
	at java.base/java.util.concurrent.ThreadPoolExecutor.runWorker(ThreadPoolExecutor.java:1130)
	at java.base/java.util.concurrent.ThreadPoolExecutor$Worker.run(ThreadPoolExecutor.java:630)
	at java.base/java.lang.Thread.run(Thread.java:832)
[rp-io-43] ERROR com.epam.reportportal.utils.SubscriptionUtils - [74] ReportPortal Finish test item execution error
retrofit2.adapter.rxjava2.HttpException: HTTP 406 Not Acceptable
	at retrofit2.adapter.rxjava2.BodyObservable$BodyObserver.onNext(BodyObservable.java:57)
	at retrofit2.adapter.rxjava2.BodyObservable$BodyObserver.onNext(BodyObservable.java:38)
	at retrofit2.adapter.rxjava2.CallExecuteObservable.subscribeActual(CallExecuteObservable.java:48)
	at io.reactivex.Observable.subscribe(Observable.java:12267)
	at retrofit2.adapter.rxjava2.BodyObservable.subscribeActual(BodyObservable.java:35)
	at io.reactivex.Observable.subscribe(Observable.java:12267)
	at io.reactivex.internal.operators.observable.ObservableSubscribeOn$SubscribeTask.run(ObservableSubscribeOn.java:96)
	at io.reactivex.internal.schedulers.ScheduledDirectTask.call(ScheduledDirectTask.java:38)
	at io.reactivex.internal.schedulers.ScheduledDirectTask.call(ScheduledDirectTask.java:26)
	at java.base/java.util.concurrent.FutureTask.run(FutureTask.java:264)
	at java.base/java.util.concurrent.ThreadPoolExecutor.runWorker(ThreadPoolExecutor.java:1130)
	at java.base/java.util.concurrent.ThreadPoolExecutor$Worker.run(ThreadPoolExecutor.java:630)
	at java.base/java.lang.Thread.run(Thread.java:832)
[rp-io-44] ERROR com.epam.reportportal.utils.SubscriptionUtils - Start test item completed with error 
retrofit2.adapter.rxjava2.HttpException: HTTP 406 Not Acceptable
	at retrofit2.adapter.rxjava2.BodyObservable$BodyObserver.onNext(BodyObservable.java:57)
	at retrofit2.adapter.rxjava2.BodyObservable$BodyObserver.onNext(BodyObservable.java:38)
	at retrofit2.adapter.rxjava2.CallExecuteObservable.subscribeActual(CallExecuteObservable.java:48)
	at io.reactivex.Observable.subscribe(Observable.java:12267)
	at retrofit2.adapter.rxjava2.BodyObservable.subscribeActual(BodyObservable.java:35)
	at io.reactivex.Observable.subscribe(Observable.java:12267)
	at io.reactivex.internal.operators.observable.ObservableSubscribeOn$SubscribeTask.run(ObservableSubscribeOn.java:96)
	at io.reactivex.internal.schedulers.ScheduledDirectTask.call(ScheduledDirectTask.java:38)
	at io.reactivex.internal.schedulers.ScheduledDirectTask.call(ScheduledDirectTask.java:26)
	at java.base/java.util.concurrent.FutureTask.run(FutureTask.java:264)
	at java.base/java.util.concurrent.ThreadPoolExecutor.runWorker(ThreadPoolExecutor.java:1130)
	at java.base/java.util.concurrent.ThreadPoolExecutor$Worker.run(ThreadPoolExecutor.java:630)
	at java.base/java.lang.Thread.run(Thread.java:832)
[rp-io-47] ERROR com.epam.reportportal.utils.SubscriptionUtils - [78] ReportPortal Finish test item execution error
retrofit2.adapter.rxjava2.HttpException: HTTP 406 Not Acceptable
	at retrofit2.adapter.rxjava2.BodyObservable$BodyObserver.onNext(BodyObservable.java:57)
	at retrofit2.adapter.rxjava2.BodyObservable$BodyObserver.onNext(BodyObservable.java:38)
	at retrofit2.adapter.rxjava2.CallExecuteObservable.subscribeActual(CallExecuteObservable.java:48)
	at io.reactivex.Observable.subscribe(Observable.java:12267)
	at retrofit2.adapter.rxjava2.BodyObservable.subscribeActual(BodyObservable.java:35)
	at io.reactivex.Observable.subscribe(Observable.java:12267)
	at io.reactivex.internal.operators.observable.ObservableSubscribeOn$SubscribeTask.run(ObservableSubscribeOn.java:96)
	at io.reactivex.internal.schedulers.ScheduledDirectTask.call(ScheduledDirectTask.java:38)
	at io.reactivex.internal.schedulers.ScheduledDirectTask.call(ScheduledDirectTask.java:26)
	at java.base/java.util.concurrent.FutureTask.run(FutureTask.java:264)
	at java.base/java.util.concurrent.ThreadPoolExecutor.runWorker(ThreadPoolExecutor.java:1130)
	at java.base/java.util.concurrent.ThreadPoolExecutor$Worker.run(ThreadPoolExecutor.java:630)
	at java.base/java.lang.Thread.run(Thread.java:832)
[rp-io-48] ERROR com.epam.reportportal.utils.SubscriptionUtils - Start test item completed with error 
retrofit2.adapter.rxjava2.HttpException: HTTP 406 Not Acceptable
	at retrofit2.adapter.rxjava2.BodyObservable$BodyObserver.onNext(BodyObservable.java:57)
	at retrofit2.adapter.rxjava2.BodyObservable$BodyObserver.onNext(BodyObservable.java:38)
	at retrofit2.adapter.rxjava2.CallExecuteObservable.subscribeActual(CallExecuteObservable.java:48)
	at io.reactivex.Observable.subscribe(Observable.java:12267)
	at retrofit2.adapter.rxjava2.BodyObservable.subscribeActual(BodyObservable.java:35)
	at io.reactivex.Observable.subscribe(Observable.java:12267)
	at io.reactivex.internal.operators.observable.ObservableSubscribeOn$SubscribeTask.run(ObservableSubscribeOn.java:96)
	at io.reactivex.internal.schedulers.ScheduledDirectTask.call(ScheduledDirectTask.java:38)
	at io.reactivex.internal.schedulers.ScheduledDirectTask.call(ScheduledDirectTask.java:26)
	at java.base/java.util.concurrent.FutureTask.run(FutureTask.java:264)
	at java.base/java.util.concurrent.ThreadPoolExecutor.runWorker(ThreadPoolExecutor.java:1130)
	at java.base/java.util.concurrent.ThreadPoolExecutor$Worker.run(ThreadPoolExecutor.java:630)
	at java.base/java.lang.Thread.run(Thread.java:832)
[rp-io-51] ERROR com.epam.reportportal.utils.SubscriptionUtils - [82] ReportPortal Finish test item execution error
retrofit2.adapter.rxjava2.HttpException: HTTP 406 Not Acceptable
	at retrofit2.adapter.rxjava2.BodyObservable$BodyObserver.onNext(BodyObservable.java:57)
	at retrofit2.adapter.rxjava2.BodyObservable$BodyObserver.onNext(BodyObservable.java:38)
	at retrofit2.adapter.rxjava2.CallExecuteObservable.subscribeActual(CallExecuteObservable.java:48)
	at io.reactivex.Observable.subscribe(Observable.java:12267)
	at retrofit2.adapter.rxjava2.BodyObservable.subscribeActual(BodyObservable.java:35)
	at io.reactivex.Observable.subscribe(Observable.java:12267)
	at io.reactivex.internal.operators.observable.ObservableSubscribeOn$SubscribeTask.run(ObservableSubscribeOn.java:96)
	at io.reactivex.internal.schedulers.ScheduledDirectTask.call(ScheduledDirectTask.java:38)
	at io.reactivex.internal.schedulers.ScheduledDirectTask.call(ScheduledDirectTask.java:26)
	at java.base/java.util.concurrent.FutureTask.run(FutureTask.java:264)
	at java.base/java.util.concurrent.ThreadPoolExecutor.runWorker(ThreadPoolExecutor.java:1130)
	at java.base/java.util.concurrent.ThreadPoolExecutor$Worker.run(ThreadPoolExecutor.java:630)
	at java.base/java.lang.Thread.run(Thread.java:832)
[rp-io-52] ERROR com.epam.reportportal.utils.SubscriptionUtils - Start test item completed with error 
retrofit2.adapter.rxjava2.HttpException: HTTP 406 Not Acceptable
	at retrofit2.adapter.rxjava2.BodyObservable$BodyObserver.onNext(BodyObservable.java:57)
	at retrofit2.adapter.rxjava2.BodyObservable$BodyObserver.onNext(BodyObservable.java:38)
	at retrofit2.adapter.rxjava2.CallExecuteObservable.subscribeActual(CallExecuteObservable.java:48)
	at io.reactivex.Observable.subscribe(Observable.java:12267)
	at retrofit2.adapter.rxjava2.BodyObservable.subscribeActual(BodyObservable.java:35)
	at io.reactivex.Observable.subscribe(Observable.java:12267)
	at io.reactivex.internal.operators.observable.ObservableSubscribeOn$SubscribeTask.run(ObservableSubscribeOn.java:96)
	at io.reactivex.internal.schedulers.ScheduledDirectTask.call(ScheduledDirectTask.java:38)
	at io.reactivex.internal.schedulers.ScheduledDirectTask.call(ScheduledDirectTask.java:26)
	at java.base/java.util.concurrent.FutureTask.run(FutureTask.java:264)
	at java.base/java.util.concurrent.ThreadPoolExecutor.runWorker(ThreadPoolExecutor.java:1130)
	at java.base/java.util.concurrent.ThreadPoolExecutor$Worker.run(ThreadPoolExecutor.java:630)
	at java.base/java.lang.Thread.run(Thread.java:832)
[rp-io-55] ERROR com.epam.reportportal.utils.SubscriptionUtils - [86] ReportPortal Finish test item execution error
retrofit2.adapter.rxjava2.HttpException: HTTP 406 Not Acceptable
	at retrofit2.adapter.rxjava2.BodyObservable$BodyObserver.onNext(BodyObservable.java:57)
	at retrofit2.adapter.rxjava2.BodyObservable$BodyObserver.onNext(BodyObservable.java:38)
	at retrofit2.adapter.rxjava2.CallExecuteObservable.subscribeActual(CallExecuteObservable.java:48)
	at io.reactivex.Observable.subscribe(Observable.java:12267)
	at retrofit2.adapter.rxjava2.BodyObservable.subscribeActual(BodyObservable.java:35)
	at io.reactivex.Observable.subscribe(Observable.java:12267)
	at io.reactivex.internal.operators.observable.ObservableSubscribeOn$SubscribeTask.run(ObservableSubscribeOn.java:96)
	at io.reactivex.internal.schedulers.ScheduledDirectTask.call(ScheduledDirectTask.java:38)
	at io.reactivex.internal.schedulers.ScheduledDirectTask.call(ScheduledDirectTask.java:26)
	at java.base/java.util.concurrent.FutureTask.run(FutureTask.java:264)
	at java.base/java.util.concurrent.ThreadPoolExecutor.runWorker(ThreadPoolExecutor.java:1130)
	at java.base/java.util.concurrent.ThreadPoolExecutor$Worker.run(ThreadPoolExecutor.java:630)
	at java.base/java.lang.Thread.run(Thread.java:832)
[rp-io-56] ERROR com.epam.reportportal.utils.SubscriptionUtils - Start test item completed with error 
retrofit2.adapter.rxjava2.HttpException: HTTP 406 Not Acceptable
	at retrofit2.adapter.rxjava2.BodyObservable$BodyObserver.onNext(BodyObservable.java:57)
	at retrofit2.adapter.rxjava2.BodyObservable$BodyObserver.onNext(BodyObservable.java:38)
	at retrofit2.adapter.rxjava2.CallExecuteObservable.subscribeActual(CallExecuteObservable.java:48)
	at io.reactivex.Observable.subscribe(Observable.java:12267)
	at retrofit2.adapter.rxjava2.BodyObservable.subscribeActual(BodyObservable.java:35)
	at io.reactivex.Observable.subscribe(Observable.java:12267)
	at io.reactivex.internal.operators.observable.ObservableSubscribeOn$SubscribeTask.run(ObservableSubscribeOn.java:96)
	at io.reactivex.internal.schedulers.ScheduledDirectTask.call(ScheduledDirectTask.java:38)
	at io.reactivex.internal.schedulers.ScheduledDirectTask.call(ScheduledDirectTask.java:26)
	at java.base/java.util.concurrent.FutureTask.run(FutureTask.java:264)
	at java.base/java.util.concurrent.ThreadPoolExecutor.runWorker(ThreadPoolExecutor.java:1130)
	at java.base/java.util.concurrent.ThreadPoolExecutor$Worker.run(ThreadPoolExecutor.java:630)
	at java.base/java.lang.Thread.run(Thread.java:832)
[rp-io-59] ERROR com.epam.reportportal.utils.SubscriptionUtils - [90] ReportPortal Finish test item execution error
retrofit2.adapter.rxjava2.HttpException: HTTP 406 Not Acceptable
	at retrofit2.adapter.rxjava2.BodyObservable$BodyObserver.onNext(BodyObservable.java:57)
	at retrofit2.adapter.rxjava2.BodyObservable$BodyObserver.onNext(BodyObservable.java:38)
	at retrofit2.adapter.rxjava2.CallExecuteObservable.subscribeActual(CallExecuteObservable.java:48)
	at io.reactivex.Observable.subscribe(Observable.java:12267)
	at retrofit2.adapter.rxjava2.BodyObservable.subscribeActual(BodyObservable.java:35)
	at io.reactivex.Observable.subscribe(Observable.java:12267)
	at io.reactivex.internal.operators.observable.ObservableSubscribeOn$SubscribeTask.run(ObservableSubscribeOn.java:96)
	at io.reactivex.internal.schedulers.ScheduledDirectTask.call(ScheduledDirectTask.java:38)
	at io.reactivex.internal.schedulers.ScheduledDirectTask.call(ScheduledDirectTask.java:26)
	at java.base/java.util.concurrent.FutureTask.run(FutureTask.java:264)
	at java.base/java.util.concurrent.ThreadPoolExecutor.runWorker(ThreadPoolExecutor.java:1130)
	at java.base/java.util.concurrent.ThreadPoolExecutor$Worker.run(ThreadPoolExecutor.java:630)
	at java.base/java.lang.Thread.run(Thread.java:832)
[rp-io-60] ERROR com.epam.reportportal.utils.SubscriptionUtils - Start test item completed with error 
retrofit2.adapter.rxjava2.HttpException: HTTP 406 Not Acceptable
	at retrofit2.adapter.rxjava2.BodyObservable$BodyObserver.onNext(BodyObservable.java:57)
	at retrofit2.adapter.rxjava2.BodyObservable$BodyObserver.onNext(BodyObservable.java:38)
	at retrofit2.adapter.rxjava2.CallExecuteObservable.subscribeActual(CallExecuteObservable.java:48)
	at io.reactivex.Observable.subscribe(Observable.java:12267)
	at retrofit2.adapter.rxjava2.BodyObservable.subscribeActual(BodyObservable.java:35)
	at io.reactivex.Observable.subscribe(Observable.java:12267)
	at io.reactivex.internal.operators.observable.ObservableSubscribeOn$SubscribeTask.run(ObservableSubscribeOn.java:96)
	at io.reactivex.internal.schedulers.ScheduledDirectTask.call(ScheduledDirectTask.java:38)
	at io.reactivex.internal.schedulers.ScheduledDirectTask.call(ScheduledDirectTask.java:26)
	at java.base/java.util.concurrent.FutureTask.run(FutureTask.java:264)
	at java.base/java.util.concurrent.ThreadPoolExecutor.runWorker(ThreadPoolExecutor.java:1130)
	at java.base/java.util.concurrent.ThreadPoolExecutor$Worker.run(ThreadPoolExecutor.java:630)
	at java.base/java.lang.Thread.run(Thread.java:832)
[rp-io-63] ERROR com.epam.reportportal.utils.SubscriptionUtils - [94] ReportPortal Finish test item execution error
retrofit2.adapter.rxjava2.HttpException: HTTP 406 Not Acceptable
	at retrofit2.adapter.rxjava2.BodyObservable$BodyObserver.onNext(BodyObservable.java:57)
	at retrofit2.adapter.rxjava2.BodyObservable$BodyObserver.onNext(BodyObservable.java:38)
	at retrofit2.adapter.rxjava2.CallExecuteObservable.subscribeActual(CallExecuteObservable.java:48)
	at io.reactivex.Observable.subscribe(Observable.java:12267)
	at retrofit2.adapter.rxjava2.BodyObservable.subscribeActual(BodyObservable.java:35)
	at io.reactivex.Observable.subscribe(Observable.java:12267)
	at io.reactivex.internal.operators.observable.ObservableSubscribeOn$SubscribeTask.run(ObservableSubscribeOn.java:96)
	at io.reactivex.internal.schedulers.ScheduledDirectTask.call(ScheduledDirectTask.java:38)
	at io.reactivex.internal.schedulers.ScheduledDirectTask.call(ScheduledDirectTask.java:26)
	at java.base/java.util.concurrent.FutureTask.run(FutureTask.java:264)
	at java.base/java.util.concurrent.ThreadPoolExecutor.runWorker(ThreadPoolExecutor.java:1130)
	at java.base/java.util.concurrent.ThreadPoolExecutor$Worker.run(ThreadPoolExecutor.java:630)
	at java.base/java.lang.Thread.run(Thread.java:832)
[rp-io-64] ERROR com.epam.reportportal.utils.SubscriptionUtils - Start test item completed with error 
retrofit2.adapter.rxjava2.HttpException: HTTP 406 Not Acceptable
	at retrofit2.adapter.rxjava2.BodyObservable$BodyObserver.onNext(BodyObservable.java:57)
	at retrofit2.adapter.rxjava2.BodyObservable$BodyObserver.onNext(BodyObservable.java:38)
	at retrofit2.adapter.rxjava2.CallExecuteObservable.subscribeActual(CallExecuteObservable.java:48)
	at io.reactivex.Observable.subscribe(Observable.java:12267)
	at retrofit2.adapter.rxjava2.BodyObservable.subscribeActual(BodyObservable.java:35)
	at io.reactivex.Observable.subscribe(Observable.java:12267)
	at io.reactivex.internal.operators.observable.ObservableSubscribeOn$SubscribeTask.run(ObservableSubscribeOn.java:96)
	at io.reactivex.internal.schedulers.ScheduledDirectTask.call(ScheduledDirectTask.java:38)
	at io.reactivex.internal.schedulers.ScheduledDirectTask.call(ScheduledDirectTask.java:26)
	at java.base/java.util.concurrent.FutureTask.run(FutureTask.java:264)
	at java.base/java.util.concurrent.ThreadPoolExecutor.runWorker(ThreadPoolExecutor.java:1130)
	at java.base/java.util.concurrent.ThreadPoolExecutor$Worker.run(ThreadPoolExecutor.java:630)
	at java.base/java.lang.Thread.run(Thread.java:832)
[rp-io-67] ERROR com.epam.reportportal.utils.SubscriptionUtils - [98] ReportPortal Finish test item execution error
retrofit2.adapter.rxjava2.HttpException: HTTP 406 Not Acceptable
	at retrofit2.adapter.rxjava2.BodyObservable$BodyObserver.onNext(BodyObservable.java:57)
	at retrofit2.adapter.rxjava2.BodyObservable$BodyObserver.onNext(BodyObservable.java:38)
	at retrofit2.adapter.rxjava2.CallExecuteObservable.subscribeActual(CallExecuteObservable.java:48)
	at io.reactivex.Observable.subscribe(Observable.java:12267)
	at retrofit2.adapter.rxjava2.BodyObservable.subscribeActual(BodyObservable.java:35)
	at io.reactivex.Observable.subscribe(Observable.java:12267)
	at io.reactivex.internal.operators.observable.ObservableSubscribeOn$SubscribeTask.run(ObservableSubscribeOn.java:96)
	at io.reactivex.internal.schedulers.ScheduledDirectTask.call(ScheduledDirectTask.java:38)
	at io.reactivex.internal.schedulers.ScheduledDirectTask.call(ScheduledDirectTask.java:26)
	at java.base/java.util.concurrent.FutureTask.run(FutureTask.java:264)
	at java.base/java.util.concurrent.ThreadPoolExecutor.runWorker(ThreadPoolExecutor.java:1130)
	at java.base/java.util.concurrent.ThreadPoolExecutor$Worker.run(ThreadPoolExecutor.java:630)
	at java.base/java.lang.Thread.run(Thread.java:832)
[rp-io-68] ERROR com.epam.reportportal.utils.SubscriptionUtils - Start test item completed with error 
retrofit2.adapter.rxjava2.HttpException: HTTP 406 Not Acceptable
	at retrofit2.adapter.rxjava2.BodyObservable$BodyObserver.onNext(BodyObservable.java:57)
	at retrofit2.adapter.rxjava2.BodyObservable$BodyObserver.onNext(BodyObservable.java:38)
	at retrofit2.adapter.rxjava2.CallExecuteObservable.subscribeActual(CallExecuteObservable.java:48)
	at io.reactivex.Observable.subscribe(Observable.java:12267)
	at retrofit2.adapter.rxjava2.BodyObservable.subscribeActual(BodyObservable.java:35)
	at io.reactivex.Observable.subscribe(Observable.java:12267)
	at io.reactivex.internal.operators.observable.ObservableSubscribeOn$SubscribeTask.run(ObservableSubscribeOn.java:96)
	at io.reactivex.internal.schedulers.ScheduledDirectTask.call(ScheduledDirectTask.java:38)
	at io.reactivex.internal.schedulers.ScheduledDirectTask.call(ScheduledDirectTask.java:26)
	at java.base/java.util.concurrent.FutureTask.run(FutureTask.java:264)
	at java.base/java.util.concurrent.ThreadPoolExecutor.runWorker(ThreadPoolExecutor.java:1130)
	at java.base/java.util.concurrent.ThreadPoolExecutor$Worker.run(ThreadPoolExecutor.java:630)
	at java.base/java.lang.Thread.run(Thread.java:832)
[rp-io-71] ERROR com.epam.reportportal.utils.SubscriptionUtils - [102] ReportPortal Finish test item execution error
retrofit2.adapter.rxjava2.HttpException: HTTP 406 Not Acceptable
	at retrofit2.adapter.rxjava2.BodyObservable$BodyObserver.onNext(BodyObservable.java:57)
	at retrofit2.adapter.rxjava2.BodyObservable$BodyObserver.onNext(BodyObservable.java:38)
	at retrofit2.adapter.rxjava2.CallExecuteObservable.subscribeActual(CallExecuteObservable.java:48)
	at io.reactivex.Observable.subscribe(Observable.java:12267)
	at retrofit2.adapter.rxjava2.BodyObservable.subscribeActual(BodyObservable.java:35)
	at io.reactivex.Observable.subscribe(Observable.java:12267)
	at io.reactivex.internal.operators.observable.ObservableSubscribeOn$SubscribeTask.run(ObservableSubscribeOn.java:96)
	at io.reactivex.internal.schedulers.ScheduledDirectTask.call(ScheduledDirectTask.java:38)
	at io.reactivex.internal.schedulers.ScheduledDirectTask.call(ScheduledDirectTask.java:26)
	at java.base/java.util.concurrent.FutureTask.run(FutureTask.java:264)
	at java.base/java.util.concurrent.ThreadPoolExecutor.runWorker(ThreadPoolExecutor.java:1130)
	at java.base/java.util.concurrent.ThreadPoolExecutor$Worker.run(ThreadPoolExecutor.java:630)
	at java.base/java.lang.Thread.run(Thread.java:832)
[rp-io-72] ERROR com.epam.reportportal.utils.SubscriptionUtils - Start test item completed with error 
retrofit2.adapter.rxjava2.HttpException: HTTP 406 Not Acceptable
	at retrofit2.adapter.rxjava2.BodyObservable$BodyObserver.onNext(BodyObservable.java:57)
	at retrofit2.adapter.rxjava2.BodyObservable$BodyObserver.onNext(BodyObservable.java:38)
	at retrofit2.adapter.rxjava2.CallExecuteObservable.subscribeActual(CallExecuteObservable.java:48)
	at io.reactivex.Observable.subscribe(Observable.java:12267)
	at retrofit2.adapter.rxjava2.BodyObservable.subscribeActual(BodyObservable.java:35)
	at io.reactivex.Observable.subscribe(Observable.java:12267)
	at io.reactivex.internal.operators.observable.ObservableSubscribeOn$SubscribeTask.run(ObservableSubscribeOn.java:96)
	at io.reactivex.internal.schedulers.ScheduledDirectTask.call(ScheduledDirectTask.java:38)
	at io.reactivex.internal.schedulers.ScheduledDirectTask.call(ScheduledDirectTask.java:26)
	at java.base/java.util.concurrent.FutureTask.run(FutureTask.java:264)
	at java.base/java.util.concurrent.ThreadPoolExecutor.runWorker(ThreadPoolExecutor.java:1130)
	at java.base/java.util.concurrent.ThreadPoolExecutor$Worker.run(ThreadPoolExecutor.java:630)
	at java.base/java.lang.Thread.run(Thread.java:832)
[rp-io-75] ERROR com.epam.reportportal.utils.SubscriptionUtils - [106] ReportPortal Finish test item execution error
retrofit2.adapter.rxjava2.HttpException: HTTP 406 Not Acceptable
	at retrofit2.adapter.rxjava2.BodyObservable$BodyObserver.onNext(BodyObservable.java:57)
	at retrofit2.adapter.rxjava2.BodyObservable$BodyObserver.onNext(BodyObservable.java:38)
	at retrofit2.adapter.rxjava2.CallExecuteObservable.subscribeActual(CallExecuteObservable.java:48)
	at io.reactivex.Observable.subscribe(Observable.java:12267)
	at retrofit2.adapter.rxjava2.BodyObservable.subscribeActual(BodyObservable.java:35)
	at io.reactivex.Observable.subscribe(Observable.java:12267)
	at io.reactivex.internal.operators.observable.ObservableSubscribeOn$SubscribeTask.run(ObservableSubscribeOn.java:96)
	at io.reactivex.internal.schedulers.ScheduledDirectTask.call(ScheduledDirectTask.java:38)
	at io.reactivex.internal.schedulers.ScheduledDirectTask.call(ScheduledDirectTask.java:26)
	at java.base/java.util.concurrent.FutureTask.run(FutureTask.java:264)
	at java.base/java.util.concurrent.ThreadPoolExecutor.runWorker(ThreadPoolExecutor.java:1130)
	at java.base/java.util.concurrent.ThreadPoolExecutor$Worker.run(ThreadPoolExecutor.java:630)
	at java.base/java.lang.Thread.run(Thread.java:832)
[rp-io-76] ERROR com.epam.reportportal.utils.SubscriptionUtils - Start test item completed with error 
retrofit2.adapter.rxjava2.HttpException: HTTP 406 Not Acceptable
	at retrofit2.adapter.rxjava2.BodyObservable$BodyObserver.onNext(BodyObservable.java:57)
	at retrofit2.adapter.rxjava2.BodyObservable$BodyObserver.onNext(BodyObservable.java:38)
	at retrofit2.adapter.rxjava2.CallExecuteObservable.subscribeActual(CallExecuteObservable.java:48)
	at io.reactivex.Observable.subscribe(Observable.java:12267)
	at retrofit2.adapter.rxjava2.BodyObservable.subscribeActual(BodyObservable.java:35)
	at io.reactivex.Observable.subscribe(Observable.java:12267)
	at io.reactivex.internal.operators.observable.ObservableSubscribeOn$SubscribeTask.run(ObservableSubscribeOn.java:96)
	at io.reactivex.internal.schedulers.ScheduledDirectTask.call(ScheduledDirectTask.java:38)
	at io.reactivex.internal.schedulers.ScheduledDirectTask.call(ScheduledDirectTask.java:26)
	at java.base/java.util.concurrent.FutureTask.run(FutureTask.java:264)
	at java.base/java.util.concurrent.ThreadPoolExecutor.runWorker(ThreadPoolExecutor.java:1130)
	at java.base/java.util.concurrent.ThreadPoolExecutor$Worker.run(ThreadPoolExecutor.java:630)
	at java.base/java.lang.Thread.run(Thread.java:832)
[rp-io-79] ERROR com.epam.reportportal.utils.SubscriptionUtils - [110] ReportPortal Finish test item execution error
retrofit2.adapter.rxjava2.HttpException: HTTP 406 Not Acceptable
	at retrofit2.adapter.rxjava2.BodyObservable$BodyObserver.onNext(BodyObservable.java:57)
	at retrofit2.adapter.rxjava2.BodyObservable$BodyObserver.onNext(BodyObservable.java:38)
	at retrofit2.adapter.rxjava2.CallExecuteObservable.subscribeActual(CallExecuteObservable.java:48)
	at io.reactivex.Observable.subscribe(Observable.java:12267)
	at retrofit2.adapter.rxjava2.BodyObservable.subscribeActual(BodyObservable.java:35)
	at io.reactivex.Observable.subscribe(Observable.java:12267)
	at io.reactivex.internal.operators.observable.ObservableSubscribeOn$SubscribeTask.run(ObservableSubscribeOn.java:96)
	at io.reactivex.internal.schedulers.ScheduledDirectTask.call(ScheduledDirectTask.java:38)
	at io.reactivex.internal.schedulers.ScheduledDirectTask.call(ScheduledDirectTask.java:26)
	at java.base/java.util.concurrent.FutureTask.run(FutureTask.java:264)
	at java.base/java.util.concurrent.ThreadPoolExecutor.runWorker(ThreadPoolExecutor.java:1130)
	at java.base/java.util.concurrent.ThreadPoolExecutor$Worker.run(ThreadPoolExecutor.java:630)
	at java.base/java.lang.Thread.run(Thread.java:832)
[rp-io-80] ERROR com.epam.reportportal.utils.SubscriptionUtils - Start test item completed with error 
retrofit2.adapter.rxjava2.HttpException: HTTP 406 Not Acceptable
	at retrofit2.adapter.rxjava2.BodyObservable$BodyObserver.onNext(BodyObservable.java:57)
	at retrofit2.adapter.rxjava2.BodyObservable$BodyObserver.onNext(BodyObservable.java:38)
	at retrofit2.adapter.rxjava2.CallExecuteObservable.subscribeActual(CallExecuteObservable.java:48)
	at io.reactivex.Observable.subscribe(Observable.java:12267)
	at retrofit2.adapter.rxjava2.BodyObservable.subscribeActual(BodyObservable.java:35)
	at io.reactivex.Observable.subscribe(Observable.java:12267)
	at io.reactivex.internal.operators.observable.ObservableSubscribeOn$SubscribeTask.run(ObservableSubscribeOn.java:96)
	at io.reactivex.internal.schedulers.ScheduledDirectTask.call(ScheduledDirectTask.java:38)
	at io.reactivex.internal.schedulers.ScheduledDirectTask.call(ScheduledDirectTask.java:26)
	at java.base/java.util.concurrent.FutureTask.run(FutureTask.java:264)
	at java.base/java.util.concurrent.ThreadPoolExecutor.runWorker(ThreadPoolExecutor.java:1130)
	at java.base/java.util.concurrent.ThreadPoolExecutor$Worker.run(ThreadPoolExecutor.java:630)
	at java.base/java.lang.Thread.run(Thread.java:832)
[rp-io-83] ERROR com.epam.reportportal.utils.SubscriptionUtils - [114] ReportPortal Finish test item execution error
retrofit2.adapter.rxjava2.HttpException: HTTP 406 Not Acceptable
	at retrofit2.adapter.rxjava2.BodyObservable$BodyObserver.onNext(BodyObservable.java:57)
	at retrofit2.adapter.rxjava2.BodyObservable$BodyObserver.onNext(BodyObservable.java:38)
	at retrofit2.adapter.rxjava2.CallExecuteObservable.subscribeActual(CallExecuteObservable.java:48)
	at io.reactivex.Observable.subscribe(Observable.java:12267)
	at retrofit2.adapter.rxjava2.BodyObservable.subscribeActual(BodyObservable.java:35)
	at io.reactivex.Observable.subscribe(Observable.java:12267)
	at io.reactivex.internal.operators.observable.ObservableSubscribeOn$SubscribeTask.run(ObservableSubscribeOn.java:96)
	at io.reactivex.internal.schedulers.ScheduledDirectTask.call(ScheduledDirectTask.java:38)
	at io.reactivex.internal.schedulers.ScheduledDirectTask.call(ScheduledDirectTask.java:26)
	at java.base/java.util.concurrent.FutureTask.run(FutureTask.java:264)
	at java.base/java.util.concurrent.ThreadPoolExecutor.runWorker(ThreadPoolExecutor.java:1130)
	at java.base/java.util.concurrent.ThreadPoolExecutor$Worker.run(ThreadPoolExecutor.java:630)
	at java.base/java.lang.Thread.run(Thread.java:832)
[rp-io-84] ERROR com.epam.reportportal.utils.SubscriptionUtils - Start test item completed with error 
retrofit2.adapter.rxjava2.HttpException: HTTP 406 Not Acceptable
	at retrofit2.adapter.rxjava2.BodyObservable$BodyObserver.onNext(BodyObservable.java:57)
	at retrofit2.adapter.rxjava2.BodyObservable$BodyObserver.onNext(BodyObservable.java:38)
	at retrofit2.adapter.rxjava2.CallExecuteObservable.subscribeActual(CallExecuteObservable.java:48)
	at io.reactivex.Observable.subscribe(Observable.java:12267)
	at retrofit2.adapter.rxjava2.BodyObservable.subscribeActual(BodyObservable.java:35)
	at io.reactivex.Observable.subscribe(Observable.java:12267)
	at io.reactivex.internal.operators.observable.ObservableSubscribeOn$SubscribeTask.run(ObservableSubscribeOn.java:96)
	at io.reactivex.internal.schedulers.ScheduledDirectTask.call(ScheduledDirectTask.java:38)
	at io.reactivex.internal.schedulers.ScheduledDirectTask.call(ScheduledDirectTask.java:26)
	at java.base/java.util.concurrent.FutureTask.run(FutureTask.java:264)
	at java.base/java.util.concurrent.ThreadPoolExecutor.runWorker(ThreadPoolExecutor.java:1130)
	at java.base/java.util.concurrent.ThreadPoolExecutor$Worker.run(ThreadPoolExecutor.java:630)
	at java.base/java.lang.Thread.run(Thread.java:832)
[rp-io-87] ERROR com.epam.reportportal.utils.SubscriptionUtils - [118] ReportPortal Finish test item execution error
retrofit2.adapter.rxjava2.HttpException: HTTP 406 Not Acceptable
	at retrofit2.adapter.rxjava2.BodyObservable$BodyObserver.onNext(BodyObservable.java:57)
	at retrofit2.adapter.rxjava2.BodyObservable$BodyObserver.onNext(BodyObservable.java:38)
	at retrofit2.adapter.rxjava2.CallExecuteObservable.subscribeActual(CallExecuteObservable.java:48)
	at io.reactivex.Observable.subscribe(Observable.java:12267)
	at retrofit2.adapter.rxjava2.BodyObservable.subscribeActual(BodyObservable.java:35)
	at io.reactivex.Observable.subscribe(Observable.java:12267)
	at io.reactivex.internal.operators.observable.ObservableSubscribeOn$SubscribeTask.run(ObservableSubscribeOn.java:96)
	at io.reactivex.internal.schedulers.ScheduledDirectTask.call(ScheduledDirectTask.java:38)
	at io.reactivex.internal.schedulers.ScheduledDirectTask.call(ScheduledDirectTask.java:26)
	at java.base/java.util.concurrent.FutureTask.run(FutureTask.java:264)
	at java.base/java.util.concurrent.ThreadPoolExecutor.runWorker(ThreadPoolExecutor.java:1130)
	at java.base/java.util.concurrent.ThreadPoolExecutor$Worker.run(ThreadPoolExecutor.java:630)
	at java.base/java.lang.Thread.run(Thread.java:832)
[rp-io-88] ERROR com.epam.reportportal.utils.SubscriptionUtils - Start test item completed with error 
retrofit2.adapter.rxjava2.HttpException: HTTP 406 Not Acceptable
	at retrofit2.adapter.rxjava2.BodyObservable$BodyObserver.onNext(BodyObservable.java:57)
	at retrofit2.adapter.rxjava2.BodyObservable$BodyObserver.onNext(BodyObservable.java:38)
	at retrofit2.adapter.rxjava2.CallExecuteObservable.subscribeActual(CallExecuteObservable.java:48)
	at io.reactivex.Observable.subscribe(Observable.java:12267)
	at retrofit2.adapter.rxjava2.BodyObservable.subscribeActual(BodyObservable.java:35)
	at io.reactivex.Observable.subscribe(Observable.java:12267)
	at io.reactivex.internal.operators.observable.ObservableSubscribeOn$SubscribeTask.run(ObservableSubscribeOn.java:96)
	at io.reactivex.internal.schedulers.ScheduledDirectTask.call(ScheduledDirectTask.java:38)
	at io.reactivex.internal.schedulers.ScheduledDirectTask.call(ScheduledDirectTask.java:26)
	at java.base/java.util.concurrent.FutureTask.run(FutureTask.java:264)
	at java.base/java.util.concurrent.ThreadPoolExecutor.runWorker(ThreadPoolExecutor.java:1130)
	at java.base/java.util.concurrent.ThreadPoolExecutor$Worker.run(ThreadPoolExecutor.java:630)
	at java.base/java.lang.Thread.run(Thread.java:832)
[rp-io-91] ERROR com.epam.reportportal.utils.SubscriptionUtils - [122] ReportPortal Finish test item execution error
retrofit2.adapter.rxjava2.HttpException: HTTP 406 Not Acceptable
	at retrofit2.adapter.rxjava2.BodyObservable$BodyObserver.onNext(BodyObservable.java:57)
	at retrofit2.adapter.rxjava2.BodyObservable$BodyObserver.onNext(BodyObservable.java:38)
	at retrofit2.adapter.rxjava2.CallExecuteObservable.subscribeActual(CallExecuteObservable.java:48)
	at io.reactivex.Observable.subscribe(Observable.java:12267)
	at retrofit2.adapter.rxjava2.BodyObservable.subscribeActual(BodyObservable.java:35)
	at io.reactivex.Observable.subscribe(Observable.java:12267)
	at io.reactivex.internal.operators.observable.ObservableSubscribeOn$SubscribeTask.run(ObservableSubscribeOn.java:96)
	at io.reactivex.internal.schedulers.ScheduledDirectTask.call(ScheduledDirectTask.java:38)
	at io.reactivex.internal.schedulers.ScheduledDirectTask.call(ScheduledDirectTask.java:26)
	at java.base/java.util.concurrent.FutureTask.run(FutureTask.java:264)
	at java.base/java.util.concurrent.ThreadPoolExecutor.runWorker(ThreadPoolExecutor.java:1130)
	at java.base/java.util.concurrent.ThreadPoolExecutor$Worker.run(ThreadPoolExecutor.java:630)
	at java.base/java.lang.Thread.run(Thread.java:832)
[rp-io-92] ERROR com.epam.reportportal.utils.SubscriptionUtils - Start test item completed with error 
retrofit2.adapter.rxjava2.HttpException: HTTP 406 Not Acceptable
	at retrofit2.adapter.rxjava2.BodyObservable$BodyObserver.onNext(BodyObservable.java:57)
	at retrofit2.adapter.rxjava2.BodyObservable$BodyObserver.onNext(BodyObservable.java:38)
	at retrofit2.adapter.rxjava2.CallExecuteObservable.subscribeActual(CallExecuteObservable.java:48)
	at io.reactivex.Observable.subscribe(Observable.java:12267)
	at retrofit2.adapter.rxjava2.BodyObservable.subscribeActual(BodyObservable.java:35)
	at io.reactivex.Observable.subscribe(Observable.java:12267)
	at io.reactivex.internal.operators.observable.ObservableSubscribeOn$SubscribeTask.run(ObservableSubscribeOn.java:96)
	at io.reactivex.internal.schedulers.ScheduledDirectTask.call(ScheduledDirectTask.java:38)
	at io.reactivex.internal.schedulers.ScheduledDirectTask.call(ScheduledDirectTask.java:26)
	at java.base/java.util.concurrent.FutureTask.run(FutureTask.java:264)
	at java.base/java.util.concurrent.ThreadPoolExecutor.runWorker(ThreadPoolExecutor.java:1130)
	at java.base/java.util.concurrent.ThreadPoolExecutor$Worker.run(ThreadPoolExecutor.java:630)
	at java.base/java.lang.Thread.run(Thread.java:832)
[rp-io-95] ERROR com.epam.reportportal.utils.SubscriptionUtils - [126] ReportPortal Finish test item execution error
retrofit2.adapter.rxjava2.HttpException: HTTP 406 Not Acceptable
	at retrofit2.adapter.rxjava2.BodyObservable$BodyObserver.onNext(BodyObservable.java:57)
	at retrofit2.adapter.rxjava2.BodyObservable$BodyObserver.onNext(BodyObservable.java:38)
	at retrofit2.adapter.rxjava2.CallExecuteObservable.subscribeActual(CallExecuteObservable.java:48)
	at io.reactivex.Observable.subscribe(Observable.java:12267)
	at retrofit2.adapter.rxjava2.BodyObservable.subscribeActual(BodyObservable.java:35)
	at io.reactivex.Observable.subscribe(Observable.java:12267)
	at io.reactivex.internal.operators.observable.ObservableSubscribeOn$SubscribeTask.run(ObservableSubscribeOn.java:96)
	at io.reactivex.internal.schedulers.ScheduledDirectTask.call(ScheduledDirectTask.java:38)
	at io.reactivex.internal.schedulers.ScheduledDirectTask.call(ScheduledDirectTask.java:26)
	at java.base/java.util.concurrent.FutureTask.run(FutureTask.java:264)
	at java.base/java.util.concurrent.ThreadPoolExecutor.runWorker(ThreadPoolExecutor.java:1130)
	at java.base/java.util.concurrent.ThreadPoolExecutor$Worker.run(ThreadPoolExecutor.java:630)
	at java.base/java.lang.Thread.run(Thread.java:832)
[rp-io-96] ERROR com.epam.reportportal.utils.SubscriptionUtils - Start test item completed with error 
retrofit2.adapter.rxjava2.HttpException: HTTP 406 Not Acceptable
	at retrofit2.adapter.rxjava2.BodyObservable$BodyObserver.onNext(BodyObservable.java:57)
	at retrofit2.adapter.rxjava2.BodyObservable$BodyObserver.onNext(BodyObservable.java:38)
	at retrofit2.adapter.rxjava2.CallExecuteObservable.subscribeActual(CallExecuteObservable.java:48)
	at io.reactivex.Observable.subscribe(Observable.java:12267)
	at retrofit2.adapter.rxjava2.BodyObservable.subscribeActual(BodyObservable.java:35)
	at io.reactivex.Observable.subscribe(Observable.java:12267)
	at io.reactivex.internal.operators.observable.ObservableSubscribeOn$SubscribeTask.run(ObservableSubscribeOn.java:96)
	at io.reactivex.internal.schedulers.ScheduledDirectTask.call(ScheduledDirectTask.java:38)
	at io.reactivex.internal.schedulers.ScheduledDirectTask.call(ScheduledDirectTask.java:26)
	at java.base/java.util.concurrent.FutureTask.run(FutureTask.java:264)
	at java.base/java.util.concurrent.ThreadPoolExecutor.runWorker(ThreadPoolExecutor.java:1130)
	at java.base/java.util.concurrent.ThreadPoolExecutor$Worker.run(ThreadPoolExecutor.java:630)
	at java.base/java.lang.Thread.run(Thread.java:832)
[rp-io-99] ERROR com.epam.reportportal.utils.SubscriptionUtils - [130] ReportPortal Finish test item execution error
retrofit2.adapter.rxjava2.HttpException: HTTP 406 Not Acceptable
	at retrofit2.adapter.rxjava2.BodyObservable$BodyObserver.onNext(BodyObservable.java:57)
	at retrofit2.adapter.rxjava2.BodyObservable$BodyObserver.onNext(BodyObservable.java:38)
	at retrofit2.adapter.rxjava2.CallExecuteObservable.subscribeActual(CallExecuteObservable.java:48)
	at io.reactivex.Observable.subscribe(Observable.java:12267)
	at retrofit2.adapter.rxjava2.BodyObservable.subscribeActual(BodyObservable.java:35)
	at io.reactivex.Observable.subscribe(Observable.java:12267)
	at io.reactivex.internal.operators.observable.ObservableSubscribeOn$SubscribeTask.run(ObservableSubscribeOn.java:96)
	at io.reactivex.internal.schedulers.ScheduledDirectTask.call(ScheduledDirectTask.java:38)
	at io.reactivex.internal.schedulers.ScheduledDirectTask.call(ScheduledDirectTask.java:26)
	at java.base/java.util.concurrent.FutureTask.run(FutureTask.java:264)
	at java.base/java.util.concurrent.ThreadPoolExecutor.runWorker(ThreadPoolExecutor.java:1130)
	at java.base/java.util.concurrent.ThreadPoolExecutor$Worker.run(ThreadPoolExecutor.java:630)
	at java.base/java.lang.Thread.run(Thread.java:832)
[rp-io-0] ERROR com.epam.reportportal.service.logs.LoggingSubscriber - [21] ReportPortal logging error
retrofit2.adapter.rxjava2.HttpException: HTTP 406 Not Acceptable
	at retrofit2.adapter.rxjava2.BodyObservable$BodyObserver.onNext(BodyObservable.java:57)
	at retrofit2.adapter.rxjava2.BodyObservable$BodyObserver.onNext(BodyObservable.java:38)
	at retrofit2.adapter.rxjava2.CallExecuteObservable.subscribeActual(CallExecuteObservable.java:48)
	at io.reactivex.Observable.subscribe(Observable.java:12267)
	at retrofit2.adapter.rxjava2.BodyObservable.subscribeActual(BodyObservable.java:35)
	at io.reactivex.Observable.subscribe(Observable.java:12267)
	at io.reactivex.internal.operators.observable.ObservableSubscribeOn$SubscribeTask.run(ObservableSubscribeOn.java:96)
	at io.reactivex.internal.schedulers.ScheduledDirectTask.call(ScheduledDirectTask.java:38)
	at io.reactivex.internal.schedulers.ScheduledDirectTask.call(ScheduledDirectTask.java:26)
	at java.base/java.util.concurrent.FutureTask.run(FutureTask.java:264)
	at java.base/java.util.concurrent.ThreadPoolExecutor.runWorker(ThreadPoolExecutor.java:1130)
	at java.base/java.util.concurrent.ThreadPoolExecutor$Worker.run(ThreadPoolExecutor.java:630)
	at java.base/java.lang.Thread.run(Thread.java:832)
[rp-io-2] ERROR com.epam.reportportal.utils.SubscriptionUtils - [23] ReportPortal Finish test item execution error
retrofit2.adapter.rxjava2.HttpException: HTTP 406 Not Acceptable
	at retrofit2.adapter.rxjava2.BodyObservable$BodyObserver.onNext(BodyObservable.java:57)
	at retrofit2.adapter.rxjava2.BodyObservable$BodyObserver.onNext(BodyObservable.java:38)
	at retrofit2.adapter.rxjava2.CallExecuteObservable.subscribeActual(CallExecuteObservable.java:48)
	at io.reactivex.Observable.subscribe(Observable.java:12267)
	at retrofit2.adapter.rxjava2.BodyObservable.subscribeActual(BodyObservable.java:35)
	at io.reactivex.Observable.subscribe(Observable.java:12267)
	at io.reactivex.internal.operators.observable.ObservableSubscribeOn$SubscribeTask.run(ObservableSubscribeOn.java:96)
	at io.reactivex.internal.schedulers.ScheduledDirectTask.call(ScheduledDirectTask.java:38)
	at io.reactivex.internal.schedulers.ScheduledDirectTask.call(ScheduledDirectTask.java:26)
	at java.base/java.util.concurrent.FutureTask.run(FutureTask.java:264)
	at java.base/java.util.concurrent.ThreadPoolExecutor.runWorker(ThreadPoolExecutor.java:1130)
	at java.base/java.util.concurrent.ThreadPoolExecutor$Worker.run(ThreadPoolExecutor.java:630)
	at java.base/java.lang.Thread.run(Thread.java:832)
]]></system-err>
</testsuite>
