<?xml version="1.0" encoding="UTF-8"?>
<testsuite name="com.swagger.ApiGenPetCreate" tests="1" skipped="0" failures="0" errors="0" timestamp="2023-03-16T12:02:47" hostname="ykononenko-mbp.local" time="2.692">
  <properties/>
  <testcase name="Create pet with API Code gen" classname="com.swagger.ApiGenPetCreate" time="2.692"/>
  <system-out><![CDATA[targetPetName = Ms. Francis Kutch
Request method:	GET
Request URI:	https://petstore.swagger.io/v2/pet/494536
Proxy:			<none>
Request params:	<none>
Query params:	<none>
Form params:	<none>
Path params:	<none>
Headers:		Accept=*/*
				Content-Type=application/json
Cookies:		<none>
Multiparts:		<none>
Body:			<none>
actualPet.getName() = Ms. Francis Kutch
]]></system-out>
  <system-err><![CDATA[]]></system-err>
</testsuite>
