<?xml version="1.0" encoding="UTF-8"?>
<testsuite name="com.swagger.UserCreationTests" tests="1" skipped="0" failures="0" errors="0" timestamp="2023-03-31T13:14:14" hostname="ykononenko-mbp.local" time="1.991">
  <properties/>
  <testcase name="Creation of a new User with required data present" classname="com.swagger.UserCreationTests" time="1.991"/>
  <system-out><![CDATA[Request method:	POST
Request URI:	https://petstore.swagger.io/v2/user
Proxy:			<none>
Request params:	<none>
Query params:	<none>
Form params:	<none>
Path params:	<none>
Headers:		X-Traicing-Id=c6ba0225-3f0e-468a-88dc-b8ef0f385831
				X-Traicing-Id=2c83d971-227b-4d8f-8801-88efc6f9dfbb
				Accept=*/*
				Content-Type=application/json
Cookies:		<none>
Multiparts:		<none>
Body:
{
    "id": 291763272,
    "username": "sammy.leannon",
    "firstName": "Evie",
    "lastName": "Moore",
    "email": "rosemarie.conroy@hotmail.com",
    "password": "kmxg70lqk7o7o",
    "phone": "1-573-097-4409",
    "userStatus": 0
}
Request method:	POST
Request URI:	https://petstore.swagger.io/v2/user
Proxy:			<none>
Request params:	<none>
Query params:	<none>
Form params:	<none>
Path params:	<none>
Headers:		X-Traicing-Id=c6ba0225-3f0e-468a-88dc-b8ef0f385831
				X-Traicing-Id=2c83d971-227b-4d8f-8801-88efc6f9dfbb
				Accept=*/*
				Content-Type=application/json
Cookies:		<none>
Multiparts:		<none>
Body:
{
    "id": 291763272,
    "username": "sammy.leannon",
    "firstName": "Evie",
    "lastName": "Moore",
    "email": "rosemarie.conroy@hotmail.com",
    "password": "kmxg70lqk7o7o",
    "phone": "1-573-097-4409",
    "userStatus": 0
}
Request method:	POST
Request URI:	https://petstore.swagger.io/v2/user
Proxy:			<none>
Request params:	<none>
Query params:	<none>
Form params:	<none>
Path params:	<none>
Headers:		X-Traicing-Id=c6ba0225-3f0e-468a-88dc-b8ef0f385831
				X-Traicing-Id=2c83d971-227b-4d8f-8801-88efc6f9dfbb
				Accept=*/*
				Content-Type=application/json
Cookies:		<none>
Multiparts:		<none>
Body:
{
    "id": 291763272,
    "username": "sammy.leannon",
    "firstName": "Evie",
    "lastName": "Moore",
    "email": "rosemarie.conroy@hotmail.com",
    "password": "kmxg70lqk7o7o",
    "phone": "1-573-097-4409",
    "userStatus": 0
}
Request method:	GET
Request URI:	https://petstore.swagger.io/v2/user/sammy.leannon
Proxy:			<none>
Request params:	<none>
Query params:	<none>
Form params:	<none>
Path params:	<none>
Headers:		X-Traicing-Id=c6ba0225-3f0e-468a-88dc-b8ef0f385831
				X-Traicing-Id=2c83d971-227b-4d8f-8801-88efc6f9dfbb
				Accept=*/*
				Content-Type=application/json
Cookies:		<none>
Multiparts:		<none>
Body:			<none>
Request method:	GET
Request URI:	https://petstore.swagger.io/v2/user/sammy.leannon
Proxy:			<none>
Request params:	<none>
Query params:	<none>
Form params:	<none>
Path params:	<none>
Headers:		X-Traicing-Id=c6ba0225-3f0e-468a-88dc-b8ef0f385831
				X-Traicing-Id=2c83d971-227b-4d8f-8801-88efc6f9dfbb
				Accept=*/*
				Content-Type=application/json
Cookies:		<none>
Multiparts:		<none>
Body:			<none>
Request method:	GET
Request URI:	https://petstore.swagger.io/v2/user/sammy.leannon
Proxy:			<none>
Request params:	<none>
Query params:	<none>
Form params:	<none>
Path params:	<none>
Headers:		X-Traicing-Id=c6ba0225-3f0e-468a-88dc-b8ef0f385831
				X-Traicing-Id=2c83d971-227b-4d8f-8801-88efc6f9dfbb
				Accept=*/*
				Content-Type=application/json
Cookies:		<none>
Multiparts:		<none>
Body:			<none>
Request method:	DELETE
Request URI:	https://petstore.swagger.io/v2/user/sammy.leannon
Proxy:			<none>
Request params:	<none>
Query params:	<none>
Form params:	<none>
Path params:	<none>
Headers:		X-Traicing-Id=c6ba0225-3f0e-468a-88dc-b8ef0f385831
				X-Traicing-Id=2c83d971-227b-4d8f-8801-88efc6f9dfbb
				Accept=*/*
				Content-Type=application/json
Cookies:		<none>
Multiparts:		<none>
Body:			<none>
Request method:	DELETE
Request URI:	https://petstore.swagger.io/v2/user/sammy.leannon
Proxy:			<none>
Request params:	<none>
Query params:	<none>
Form params:	<none>
Path params:	<none>
Headers:		X-Traicing-Id=c6ba0225-3f0e-468a-88dc-b8ef0f385831
				X-Traicing-Id=2c83d971-227b-4d8f-8801-88efc6f9dfbb
				Accept=*/*
				Content-Type=application/json
Cookies:		<none>
Multiparts:		<none>
Body:			<none>
Request method:	DELETE
Request URI:	https://petstore.swagger.io/v2/user/sammy.leannon
Proxy:			<none>
Request params:	<none>
Query params:	<none>
Form params:	<none>
Path params:	<none>
Headers:		X-Traicing-Id=c6ba0225-3f0e-468a-88dc-b8ef0f385831
				X-Traicing-Id=2c83d971-227b-4d8f-8801-88efc6f9dfbb
				Accept=*/*
				Content-Type=application/json
Cookies:		<none>
Multiparts:		<none>
Body:			<none>
RESPONSE deleteUserByUsername: HTTP/1.1 200 OK
]]></system-out>
  <system-err><![CDATA[]]></system-err>
</testsuite>
