<?xml version="1.0" encoding="UTF-8"?>
<testsuite name="com.swagger.UsersFromListCreationTests" tests="1" skipped="0" failures="0" errors="0" timestamp="2023-04-04T13:47:07" hostname="ykononenko-mbp.local" time="6.302">
  <properties/>
  <testcase name="Creation of a new User with required data present" classname="com.swagger.UsersFromListCreationTests" time="6.302"/>
  <system-out><![CDATA[userNames: [virgil.hoeger]
user: class User {
    id: 304
    username: virgil.hoeger
    firstName: Drew
    lastName: Dibbert
    email: florencio.labadie@yahoo.com
    password: it2v6uy6cy6tq1g
    phone: 563-854-0739 x020
    userStatus: 0
}
userNames: [virgil.hoeger, lavelle.okeefe]
user: class User {
    id: 7531
    username: lavelle.okeefe
    firstName: Kourtney
    lastName: Gutkowski
    email: marcelene.hoeger@hotmail.com
    password: 9mhlzv1g6rnqfn
    phone: 1-178-144-1086 x23777
    userStatus: 0
}
userNames: [virgil.hoeger, lavelle.okeefe, porfirio.kiehn]
user: class User {
    id: 47778098
    username: porfirio.kiehn
    firstName: Glendora
    lastName: Hartmann
    email: german.predovic@hotmail.com
    password: bxjrv00uq2
    phone: (640) 777-8946
    userStatus: 0
}
userNames: [virgil.hoeger, lavelle.okeefe, porfirio.kiehn, phebe.dibbert]
user: class User {
    id: 2
    username: phebe.dibbert
    firstName: Romeo
    lastName: Johnston
    email: herschel.christiansen@hotmail.com
    password: 3jztwd7kx
    phone: 1-018-495-1634 x8496
    userStatus: 0
}
userNames: [virgil.hoeger, lavelle.okeefe, porfirio.kiehn, phebe.dibbert, brad.kub]
user: class User {
    id: 464
    username: brad.kub
    firstName: Damaris
    lastName: Monahan
    email: crystal.keeling@gmail.com
    password: e57n2ls9su
    phone: 151-545-5288
    userStatus: 0
}
users.toString(): [class User {
    id: 304
    username: virgil.hoeger
    firstName: Drew
    lastName: Dibbert
    email: florencio.labadie@yahoo.com
    password: it2v6uy6cy6tq1g
    phone: 563-854-0739 x020
    userStatus: 0
}, class User {
    id: 7531
    username: lavelle.okeefe
    firstName: Kourtney
    lastName: Gutkowski
    email: marcelene.hoeger@hotmail.com
    password: 9mhlzv1g6rnqfn
    phone: 1-178-144-1086 x23777
    userStatus: 0
}, class User {
    id: 47778098
    username: porfirio.kiehn
    firstName: Glendora
    lastName: Hartmann
    email: german.predovic@hotmail.com
    password: bxjrv00uq2
    phone: (640) 777-8946
    userStatus: 0
}, class User {
    id: 2
    username: phebe.dibbert
    firstName: Romeo
    lastName: Johnston
    email: herschel.christiansen@hotmail.com
    password: 3jztwd7kx
    phone: 1-018-495-1634 x8496
    userStatus: 0
}, class User {
    id: 464
    username: brad.kub
    firstName: Damaris
    lastName: Monahan
    email: crystal.keeling@gmail.com
    password: e57n2ls9su
    phone: 151-545-5288
    userStatus: 0
}]
Request method:	POST
Request URI:	https://petstore.swagger.io/v2/user/createWithArray
Proxy:			<none>
Request params:	<none>
Query params:	<none>
Form params:	<none>
Path params:	<none>
Headers:		X-Traicing-Id=ce19ce7a-8aa6-4aeb-949c-60692320f9be
				Authorization=Basic YWRtaW46YWRtaW4xMjM=
				Accept=*/*
				Content-Type=application/json
Cookies:		<none>
Multiparts:		<none>
Body:
[
    {
        "id": 304,
        "username": "virgil.hoeger",
        "firstName": "Drew",
        "lastName": "Dibbert",
        "email": "florencio.labadie@yahoo.com",
        "password": "it2v6uy6cy6tq1g",
        "phone": "563-854-0739 x020",
        "userStatus": 0
    },
    {
        "id": 7531,
        "username": "lavelle.okeefe",
        "firstName": "Kourtney",
        "lastName": "Gutkowski",
        "email": "marcelene.hoeger@hotmail.com",
        "password": "9mhlzv1g6rnqfn",
        "phone": "1-178-144-1086 x23777",
        "userStatus": 0
    },
    {
        "id": 47778098,
        "username": "porfirio.kiehn",
        "firstName": "Glendora",
        "lastName": "Hartmann",
        "email": "german.predovic@hotmail.com",
        "password": "bxjrv00uq2",
        "phone": "(640) 777-8946",
        "userStatus": 0
    },
    {
        "id": 2,
        "username": "phebe.dibbert",
        "firstName": "Romeo",
        "lastName": "Johnston",
        "email": "herschel.christiansen@hotmail.com",
        "password": "3jztwd7kx",
        "phone": "1-018-495-1634 x8496",
        "userStatus": 0
    },
    {
        "id": 464,
        "username": "brad.kub",
        "firstName": "Damaris",
        "lastName": "Monahan",
        "email": "crystal.keeling@gmail.com",
        "password": "e57n2ls9su",
        "phone": "151-545-5288",
        "userStatus": 0
    }
]
Request method:	POST
Request URI:	https://petstore.swagger.io/v2/user/createWithArray
Proxy:			<none>
Request params:	<none>
Query params:	<none>
Form params:	<none>
Path params:	<none>
Headers:		X-Traicing-Id=ce19ce7a-8aa6-4aeb-949c-60692320f9be
				Authorization=Basic YWRtaW46YWRtaW4xMjM=
				Accept=*/*
				Content-Type=application/json
Cookies:		<none>
Multiparts:		<none>
Body:
[
    {
        "id": 304,
        "username": "virgil.hoeger",
        "firstName": "Drew",
        "lastName": "Dibbert",
        "email": "florencio.labadie@yahoo.com",
        "password": "it2v6uy6cy6tq1g",
        "phone": "563-854-0739 x020",
        "userStatus": 0
    },
    {
        "id": 7531,
        "username": "lavelle.okeefe",
        "firstName": "Kourtney",
        "lastName": "Gutkowski",
        "email": "marcelene.hoeger@hotmail.com",
        "password": "9mhlzv1g6rnqfn",
        "phone": "1-178-144-1086 x23777",
        "userStatus": 0
    },
    {
        "id": 47778098,
        "username": "porfirio.kiehn",
        "firstName": "Glendora",
        "lastName": "Hartmann",
        "email": "german.predovic@hotmail.com",
        "password": "bxjrv00uq2",
        "phone": "(640) 777-8946",
        "userStatus": 0
    },
    {
        "id": 2,
        "username": "phebe.dibbert",
        "firstName": "Romeo",
        "lastName": "Johnston",
        "email": "herschel.christiansen@hotmail.com",
        "password": "3jztwd7kx",
        "phone": "1-018-495-1634 x8496",
        "userStatus": 0
    },
    {
        "id": 464,
        "username": "brad.kub",
        "firstName": "Damaris",
        "lastName": "Monahan",
        "email": "crystal.keeling@gmail.com",
        "password": "e57n2ls9su",
        "phone": "151-545-5288",
        "userStatus": 0
    }
]
userNames.size(): 5
Request method:	GET
Request URI:	https://petstore.swagger.io/v2/user/virgil.hoeger
Proxy:			<none>
Request params:	<none>
Query params:	<none>
Form params:	<none>
Path params:	<none>
Headers:		X-Traicing-Id=ce19ce7a-8aa6-4aeb-949c-60692320f9be
				Accept=*/*
				Content-Type=application/json
Cookies:		<none>
Multiparts:		<none>
Body:			<none>
Request method:	GET
Request URI:	https://petstore.swagger.io/v2/user/virgil.hoeger
Proxy:			<none>
Request params:	<none>
Query params:	<none>
Form params:	<none>
Path params:	<none>
Headers:		X-Traicing-Id=ce19ce7a-8aa6-4aeb-949c-60692320f9be
				Accept=*/*
				Content-Type=application/json
Cookies:		<none>
Multiparts:		<none>
Body:			<none>
RESPONSE searchUserByUsername: HTTP/1.1 200 OK
users.get(y): class User {
    id: 304
    username: virgil.hoeger
    firstName: Drew
    lastName: Dibbert
    email: florencio.labadie@yahoo.com
    password: it2v6uy6cy6tq1g
    phone: 563-854-0739 x020
    userStatus: 0
}
Request method:	GET
Request URI:	https://petstore.swagger.io/v2/user/lavelle.okeefe
Proxy:			<none>
Request params:	<none>
Query params:	<none>
Form params:	<none>
Path params:	<none>
Headers:		X-Traicing-Id=ce19ce7a-8aa6-4aeb-949c-60692320f9be
				Accept=*/*
				Content-Type=application/json
Cookies:		<none>
Multiparts:		<none>
Body:			<none>
Request method:	GET
Request URI:	https://petstore.swagger.io/v2/user/lavelle.okeefe
Proxy:			<none>
Request params:	<none>
Query params:	<none>
Form params:	<none>
Path params:	<none>
Headers:		X-Traicing-Id=ce19ce7a-8aa6-4aeb-949c-60692320f9be
				Accept=*/*
				Content-Type=application/json
Cookies:		<none>
Multiparts:		<none>
Body:			<none>
RESPONSE searchUserByUsername: HTTP/1.1 200 OK
users.get(y): class User {
    id: 7531
    username: lavelle.okeefe
    firstName: Kourtney
    lastName: Gutkowski
    email: marcelene.hoeger@hotmail.com
    password: 9mhlzv1g6rnqfn
    phone: 1-178-144-1086 x23777
    userStatus: 0
}
Request method:	GET
Request URI:	https://petstore.swagger.io/v2/user/porfirio.kiehn
Proxy:			<none>
Request params:	<none>
Query params:	<none>
Form params:	<none>
Path params:	<none>
Headers:		X-Traicing-Id=ce19ce7a-8aa6-4aeb-949c-60692320f9be
				Accept=*/*
				Content-Type=application/json
Cookies:		<none>
Multiparts:		<none>
Body:			<none>
Request method:	GET
Request URI:	https://petstore.swagger.io/v2/user/porfirio.kiehn
Proxy:			<none>
Request params:	<none>
Query params:	<none>
Form params:	<none>
Path params:	<none>
Headers:		X-Traicing-Id=ce19ce7a-8aa6-4aeb-949c-60692320f9be
				Accept=*/*
				Content-Type=application/json
Cookies:		<none>
Multiparts:		<none>
Body:			<none>
RESPONSE searchUserByUsername: HTTP/1.1 200 OK
users.get(y): class User {
    id: 47778098
    username: porfirio.kiehn
    firstName: Glendora
    lastName: Hartmann
    email: german.predovic@hotmail.com
    password: bxjrv00uq2
    phone: (640) 777-8946
    userStatus: 0
}
Request method:	GET
Request URI:	https://petstore.swagger.io/v2/user/phebe.dibbert
Proxy:			<none>
Request params:	<none>
Query params:	<none>
Form params:	<none>
Path params:	<none>
Headers:		X-Traicing-Id=ce19ce7a-8aa6-4aeb-949c-60692320f9be
				Accept=*/*
				Content-Type=application/json
Cookies:		<none>
Multiparts:		<none>
Body:			<none>
Request method:	GET
Request URI:	https://petstore.swagger.io/v2/user/phebe.dibbert
Proxy:			<none>
Request params:	<none>
Query params:	<none>
Form params:	<none>
Path params:	<none>
Headers:		X-Traicing-Id=ce19ce7a-8aa6-4aeb-949c-60692320f9be
				Accept=*/*
				Content-Type=application/json
Cookies:		<none>
Multiparts:		<none>
Body:			<none>
RESPONSE searchUserByUsername: HTTP/1.1 200 OK
users.get(y): class User {
    id: 2
    username: phebe.dibbert
    firstName: Romeo
    lastName: Johnston
    email: herschel.christiansen@hotmail.com
    password: 3jztwd7kx
    phone: 1-018-495-1634 x8496
    userStatus: 0
}
Request method:	GET
Request URI:	https://petstore.swagger.io/v2/user/brad.kub
Proxy:			<none>
Request params:	<none>
Query params:	<none>
Form params:	<none>
Path params:	<none>
Headers:		X-Traicing-Id=ce19ce7a-8aa6-4aeb-949c-60692320f9be
				Accept=*/*
				Content-Type=application/json
Cookies:		<none>
Multiparts:		<none>
Body:			<none>
Request method:	GET
Request URI:	https://petstore.swagger.io/v2/user/brad.kub
Proxy:			<none>
Request params:	<none>
Query params:	<none>
Form params:	<none>
Path params:	<none>
Headers:		X-Traicing-Id=ce19ce7a-8aa6-4aeb-949c-60692320f9be
				Accept=*/*
				Content-Type=application/json
Cookies:		<none>
Multiparts:		<none>
Body:			<none>
RESPONSE searchUserByUsername: HTTP/1.1 200 OK
users.get(y): class User {
    id: 464
    username: brad.kub
    firstName: Damaris
    lastName: Monahan
    email: crystal.keeling@gmail.com
    password: e57n2ls9su
    phone: 151-545-5288
    userStatus: 0
}
]]></system-out>
  <system-err><![CDATA[[Test worker] INFO com.epam.reportportal.service.Launch - Rerun: false
[rp-io-7] ERROR com.epam.reportportal.utils.SubscriptionUtils - Start test item completed with error 
retrofit2.adapter.rxjava2.HttpException: HTTP 406 Not Acceptable
	at retrofit2.adapter.rxjava2.BodyObservable$BodyObserver.onNext(BodyObservable.java:57)
	at retrofit2.adapter.rxjava2.BodyObservable$BodyObserver.onNext(BodyObservable.java:38)
	at retrofit2.adapter.rxjava2.CallExecuteObservable.subscribeActual(CallExecuteObservable.java:48)
	at io.reactivex.Observable.subscribe(Observable.java:12267)
	at retrofit2.adapter.rxjava2.BodyObservable.subscribeActual(BodyObservable.java:35)
	at io.reactivex.Observable.subscribe(Observable.java:12267)
	at io.reactivex.internal.operators.observable.ObservableSubscribeOn$SubscribeTask.run(ObservableSubscribeOn.java:96)
	at io.reactivex.internal.schedulers.ScheduledDirectTask.call(ScheduledDirectTask.java:38)
	at io.reactivex.internal.schedulers.ScheduledDirectTask.call(ScheduledDirectTask.java:26)
	at java.base/java.util.concurrent.FutureTask.run(FutureTask.java:264)
	at java.base/java.util.concurrent.ThreadPoolExecutor.runWorker(ThreadPoolExecutor.java:1130)
	at java.base/java.util.concurrent.ThreadPoolExecutor$Worker.run(ThreadPoolExecutor.java:630)
	at java.base/java.lang.Thread.run(Thread.java:832)
[rp-io-7] ERROR com.epam.reportportal.utils.SubscriptionUtils - Start test item completed with error 
retrofit2.adapter.rxjava2.HttpException: HTTP 406 Not Acceptable
	at retrofit2.adapter.rxjava2.BodyObservable$BodyObserver.onNext(BodyObservable.java:57)
	at retrofit2.adapter.rxjava2.BodyObservable$BodyObserver.onNext(BodyObservable.java:38)
	at retrofit2.adapter.rxjava2.CallExecuteObservable.subscribeActual(CallExecuteObservable.java:48)
	at io.reactivex.Observable.subscribe(Observable.java:12267)
	at retrofit2.adapter.rxjava2.BodyObservable.subscribeActual(BodyObservable.java:35)
	at io.reactivex.Observable.subscribe(Observable.java:12267)
	at io.reactivex.internal.operators.observable.ObservableSubscribeOn$SubscribeTask.run(ObservableSubscribeOn.java:96)
	at io.reactivex.internal.schedulers.ScheduledDirectTask.call(ScheduledDirectTask.java:38)
	at io.reactivex.internal.schedulers.ScheduledDirectTask.call(ScheduledDirectTask.java:26)
	at java.base/java.util.concurrent.FutureTask.run(FutureTask.java:264)
	at java.base/java.util.concurrent.ThreadPoolExecutor.runWorker(ThreadPoolExecutor.java:1130)
	at java.base/java.util.concurrent.ThreadPoolExecutor$Worker.run(ThreadPoolExecutor.java:630)
	at java.base/java.lang.Thread.run(Thread.java:832)
[rp-io-8] ERROR com.epam.reportportal.utils.SubscriptionUtils - Start test item completed with error 
retrofit2.adapter.rxjava2.HttpException: HTTP 406 Not Acceptable
	at retrofit2.adapter.rxjava2.BodyObservable$BodyObserver.onNext(BodyObservable.java:57)
	at retrofit2.adapter.rxjava2.BodyObservable$BodyObserver.onNext(BodyObservable.java:38)
	at retrofit2.adapter.rxjava2.CallExecuteObservable.subscribeActual(CallExecuteObservable.java:48)
	at io.reactivex.Observable.subscribe(Observable.java:12267)
	at retrofit2.adapter.rxjava2.BodyObservable.subscribeActual(BodyObservable.java:35)
	at io.reactivex.Observable.subscribe(Observable.java:12267)
	at io.reactivex.internal.operators.observable.ObservableSubscribeOn$SubscribeTask.run(ObservableSubscribeOn.java:96)
	at io.reactivex.internal.schedulers.ScheduledDirectTask.call(ScheduledDirectTask.java:38)
	at io.reactivex.internal.schedulers.ScheduledDirectTask.call(ScheduledDirectTask.java:26)
	at java.base/java.util.concurrent.FutureTask.run(FutureTask.java:264)
	at java.base/java.util.concurrent.ThreadPoolExecutor.runWorker(ThreadPoolExecutor.java:1130)
	at java.base/java.util.concurrent.ThreadPoolExecutor$Worker.run(ThreadPoolExecutor.java:630)
	at java.base/java.lang.Thread.run(Thread.java:832)
log4j:WARN No appenders could be found for logger (org.apache.http.impl.conn.BasicClientConnectionManager).
log4j:WARN Please initialize the log4j system properly.
log4j:WARN See http://logging.apache.org/log4j/1.2/faq.html#noconfig for more info.
[rp-io-12] ERROR com.epam.reportportal.utils.SubscriptionUtils - Start test item completed with error 
retrofit2.adapter.rxjava2.HttpException: HTTP 406 Not Acceptable
	at retrofit2.adapter.rxjava2.BodyObservable$BodyObserver.onNext(BodyObservable.java:57)
	at retrofit2.adapter.rxjava2.BodyObservable$BodyObserver.onNext(BodyObservable.java:38)
	at retrofit2.adapter.rxjava2.CallExecuteObservable.subscribeActual(CallExecuteObservable.java:48)
	at io.reactivex.Observable.subscribe(Observable.java:12267)
	at retrofit2.adapter.rxjava2.BodyObservable.subscribeActual(BodyObservable.java:35)
	at io.reactivex.Observable.subscribe(Observable.java:12267)
	at io.reactivex.internal.operators.observable.ObservableSubscribeOn$SubscribeTask.run(ObservableSubscribeOn.java:96)
	at io.reactivex.internal.schedulers.ScheduledDirectTask.call(ScheduledDirectTask.java:38)
	at io.reactivex.internal.schedulers.ScheduledDirectTask.call(ScheduledDirectTask.java:26)
	at java.base/java.util.concurrent.FutureTask.run(FutureTask.java:264)
	at java.base/java.util.concurrent.ThreadPoolExecutor.runWorker(ThreadPoolExecutor.java:1130)
	at java.base/java.util.concurrent.ThreadPoolExecutor$Worker.run(ThreadPoolExecutor.java:630)
	at java.base/java.lang.Thread.run(Thread.java:832)
[rp-io-11] ERROR com.epam.reportportal.utils.SubscriptionUtils - [42] ReportPortal Finish test item execution error
retrofit2.adapter.rxjava2.HttpException: HTTP 406 Not Acceptable
	at retrofit2.adapter.rxjava2.BodyObservable$BodyObserver.onNext(BodyObservable.java:57)
	at retrofit2.adapter.rxjava2.BodyObservable$BodyObserver.onNext(BodyObservable.java:38)
	at retrofit2.adapter.rxjava2.CallExecuteObservable.subscribeActual(CallExecuteObservable.java:48)
	at io.reactivex.Observable.subscribe(Observable.java:12267)
	at retrofit2.adapter.rxjava2.BodyObservable.subscribeActual(BodyObservable.java:35)
	at io.reactivex.Observable.subscribe(Observable.java:12267)
	at io.reactivex.internal.operators.observable.ObservableSubscribeOn$SubscribeTask.run(ObservableSubscribeOn.java:96)
	at io.reactivex.internal.schedulers.ScheduledDirectTask.call(ScheduledDirectTask.java:38)
	at io.reactivex.internal.schedulers.ScheduledDirectTask.call(ScheduledDirectTask.java:26)
	at java.base/java.util.concurrent.FutureTask.run(FutureTask.java:264)
	at java.base/java.util.concurrent.ThreadPoolExecutor.runWorker(ThreadPoolExecutor.java:1130)
	at java.base/java.util.concurrent.ThreadPoolExecutor$Worker.run(ThreadPoolExecutor.java:630)
	at java.base/java.lang.Thread.run(Thread.java:832)
[rp-io-15] ERROR com.epam.reportportal.utils.SubscriptionUtils - [46] ReportPortal Finish test item execution error
retrofit2.adapter.rxjava2.HttpException: HTTP 406 Not Acceptable
	at retrofit2.adapter.rxjava2.BodyObservable$BodyObserver.onNext(BodyObservable.java:57)
	at retrofit2.adapter.rxjava2.BodyObservable$BodyObserver.onNext(BodyObservable.java:38)
	at retrofit2.adapter.rxjava2.CallExecuteObservable.subscribeActual(CallExecuteObservable.java:48)
	at io.reactivex.Observable.subscribe(Observable.java:12267)
	at retrofit2.adapter.rxjava2.BodyObservable.subscribeActual(BodyObservable.java:35)
	at io.reactivex.Observable.subscribe(Observable.java:12267)
	at io.reactivex.internal.operators.observable.ObservableSubscribeOn$SubscribeTask.run(ObservableSubscribeOn.java:96)
	at io.reactivex.internal.schedulers.ScheduledDirectTask.call(ScheduledDirectTask.java:38)
	at io.reactivex.internal.schedulers.ScheduledDirectTask.call(ScheduledDirectTask.java:26)
	at java.base/java.util.concurrent.FutureTask.run(FutureTask.java:264)
	at java.base/java.util.concurrent.ThreadPoolExecutor.runWorker(ThreadPoolExecutor.java:1130)
	at java.base/java.util.concurrent.ThreadPoolExecutor$Worker.run(ThreadPoolExecutor.java:630)
	at java.base/java.lang.Thread.run(Thread.java:832)
[rp-io-16] ERROR com.epam.reportportal.utils.SubscriptionUtils - Start test item completed with error 
retrofit2.adapter.rxjava2.HttpException: HTTP 406 Not Acceptable
	at retrofit2.adapter.rxjava2.BodyObservable$BodyObserver.onNext(BodyObservable.java:57)
	at retrofit2.adapter.rxjava2.BodyObservable$BodyObserver.onNext(BodyObservable.java:38)
	at retrofit2.adapter.rxjava2.CallExecuteObservable.subscribeActual(CallExecuteObservable.java:48)
	at io.reactivex.Observable.subscribe(Observable.java:12267)
	at retrofit2.adapter.rxjava2.BodyObservable.subscribeActual(BodyObservable.java:35)
	at io.reactivex.Observable.subscribe(Observable.java:12267)
	at io.reactivex.internal.operators.observable.ObservableSubscribeOn$SubscribeTask.run(ObservableSubscribeOn.java:96)
	at io.reactivex.internal.schedulers.ScheduledDirectTask.call(ScheduledDirectTask.java:38)
	at io.reactivex.internal.schedulers.ScheduledDirectTask.call(ScheduledDirectTask.java:26)
	at java.base/java.util.concurrent.FutureTask.run(FutureTask.java:264)
	at java.base/java.util.concurrent.ThreadPoolExecutor.runWorker(ThreadPoolExecutor.java:1130)
	at java.base/java.util.concurrent.ThreadPoolExecutor$Worker.run(ThreadPoolExecutor.java:630)
	at java.base/java.lang.Thread.run(Thread.java:832)
[rp-io-19] ERROR com.epam.reportportal.utils.SubscriptionUtils - [50] ReportPortal Finish test item execution error
retrofit2.adapter.rxjava2.HttpException: HTTP 406 Not Acceptable
	at retrofit2.adapter.rxjava2.BodyObservable$BodyObserver.onNext(BodyObservable.java:57)
	at retrofit2.adapter.rxjava2.BodyObservable$BodyObserver.onNext(BodyObservable.java:38)
	at retrofit2.adapter.rxjava2.CallExecuteObservable.subscribeActual(CallExecuteObservable.java:48)
	at io.reactivex.Observable.subscribe(Observable.java:12267)
	at retrofit2.adapter.rxjava2.BodyObservable.subscribeActual(BodyObservable.java:35)
	at io.reactivex.Observable.subscribe(Observable.java:12267)
	at io.reactivex.internal.operators.observable.ObservableSubscribeOn$SubscribeTask.run(ObservableSubscribeOn.java:96)
	at io.reactivex.internal.schedulers.ScheduledDirectTask.call(ScheduledDirectTask.java:38)
	at io.reactivex.internal.schedulers.ScheduledDirectTask.call(ScheduledDirectTask.java:26)
	at java.base/java.util.concurrent.FutureTask.run(FutureTask.java:264)
	at java.base/java.util.concurrent.ThreadPoolExecutor.runWorker(ThreadPoolExecutor.java:1130)
	at java.base/java.util.concurrent.ThreadPoolExecutor$Worker.run(ThreadPoolExecutor.java:630)
	at java.base/java.lang.Thread.run(Thread.java:832)
[rp-io-20] ERROR com.epam.reportportal.utils.SubscriptionUtils - Start test item completed with error 
retrofit2.adapter.rxjava2.HttpException: HTTP 406 Not Acceptable
	at retrofit2.adapter.rxjava2.BodyObservable$BodyObserver.onNext(BodyObservable.java:57)
	at retrofit2.adapter.rxjava2.BodyObservable$BodyObserver.onNext(BodyObservable.java:38)
	at retrofit2.adapter.rxjava2.CallExecuteObservable.subscribeActual(CallExecuteObservable.java:48)
	at io.reactivex.Observable.subscribe(Observable.java:12267)
	at retrofit2.adapter.rxjava2.BodyObservable.subscribeActual(BodyObservable.java:35)
	at io.reactivex.Observable.subscribe(Observable.java:12267)
	at io.reactivex.internal.operators.observable.ObservableSubscribeOn$SubscribeTask.run(ObservableSubscribeOn.java:96)
	at io.reactivex.internal.schedulers.ScheduledDirectTask.call(ScheduledDirectTask.java:38)
	at io.reactivex.internal.schedulers.ScheduledDirectTask.call(ScheduledDirectTask.java:26)
	at java.base/java.util.concurrent.FutureTask.run(FutureTask.java:264)
	at java.base/java.util.concurrent.ThreadPoolExecutor.runWorker(ThreadPoolExecutor.java:1130)
	at java.base/java.util.concurrent.ThreadPoolExecutor$Worker.run(ThreadPoolExecutor.java:630)
	at java.base/java.lang.Thread.run(Thread.java:832)
[rp-io-23] ERROR com.epam.reportportal.utils.SubscriptionUtils - [54] ReportPortal Finish test item execution error
retrofit2.adapter.rxjava2.HttpException: HTTP 406 Not Acceptable
	at retrofit2.adapter.rxjava2.BodyObservable$BodyObserver.onNext(BodyObservable.java:57)
	at retrofit2.adapter.rxjava2.BodyObservable$BodyObserver.onNext(BodyObservable.java:38)
	at retrofit2.adapter.rxjava2.CallExecuteObservable.subscribeActual(CallExecuteObservable.java:48)
	at io.reactivex.Observable.subscribe(Observable.java:12267)
	at retrofit2.adapter.rxjava2.BodyObservable.subscribeActual(BodyObservable.java:35)
	at io.reactivex.Observable.subscribe(Observable.java:12267)
	at io.reactivex.internal.operators.observable.ObservableSubscribeOn$SubscribeTask.run(ObservableSubscribeOn.java:96)
	at io.reactivex.internal.schedulers.ScheduledDirectTask.call(ScheduledDirectTask.java:38)
	at io.reactivex.internal.schedulers.ScheduledDirectTask.call(ScheduledDirectTask.java:26)
	at java.base/java.util.concurrent.FutureTask.run(FutureTask.java:264)
	at java.base/java.util.concurrent.ThreadPoolExecutor.runWorker(ThreadPoolExecutor.java:1130)
	at java.base/java.util.concurrent.ThreadPoolExecutor$Worker.run(ThreadPoolExecutor.java:630)
	at java.base/java.lang.Thread.run(Thread.java:832)
[rp-io-24] ERROR com.epam.reportportal.utils.SubscriptionUtils - Start test item completed with error 
retrofit2.adapter.rxjava2.HttpException: HTTP 406 Not Acceptable
	at retrofit2.adapter.rxjava2.BodyObservable$BodyObserver.onNext(BodyObservable.java:57)
	at retrofit2.adapter.rxjava2.BodyObservable$BodyObserver.onNext(BodyObservable.java:38)
	at retrofit2.adapter.rxjava2.CallExecuteObservable.subscribeActual(CallExecuteObservable.java:48)
	at io.reactivex.Observable.subscribe(Observable.java:12267)
	at retrofit2.adapter.rxjava2.BodyObservable.subscribeActual(BodyObservable.java:35)
	at io.reactivex.Observable.subscribe(Observable.java:12267)
	at io.reactivex.internal.operators.observable.ObservableSubscribeOn$SubscribeTask.run(ObservableSubscribeOn.java:96)
	at io.reactivex.internal.schedulers.ScheduledDirectTask.call(ScheduledDirectTask.java:38)
	at io.reactivex.internal.schedulers.ScheduledDirectTask.call(ScheduledDirectTask.java:26)
	at java.base/java.util.concurrent.FutureTask.run(FutureTask.java:264)
	at java.base/java.util.concurrent.ThreadPoolExecutor.runWorker(ThreadPoolExecutor.java:1130)
	at java.base/java.util.concurrent.ThreadPoolExecutor$Worker.run(ThreadPoolExecutor.java:630)
	at java.base/java.lang.Thread.run(Thread.java:832)
[rp-io-27] ERROR com.epam.reportportal.utils.SubscriptionUtils - [58] ReportPortal Finish test item execution error
retrofit2.adapter.rxjava2.HttpException: HTTP 406 Not Acceptable
	at retrofit2.adapter.rxjava2.BodyObservable$BodyObserver.onNext(BodyObservable.java:57)
	at retrofit2.adapter.rxjava2.BodyObservable$BodyObserver.onNext(BodyObservable.java:38)
	at retrofit2.adapter.rxjava2.CallExecuteObservable.subscribeActual(CallExecuteObservable.java:48)
	at io.reactivex.Observable.subscribe(Observable.java:12267)
	at retrofit2.adapter.rxjava2.BodyObservable.subscribeActual(BodyObservable.java:35)
	at io.reactivex.Observable.subscribe(Observable.java:12267)
	at io.reactivex.internal.operators.observable.ObservableSubscribeOn$SubscribeTask.run(ObservableSubscribeOn.java:96)
	at io.reactivex.internal.schedulers.ScheduledDirectTask.call(ScheduledDirectTask.java:38)
	at io.reactivex.internal.schedulers.ScheduledDirectTask.call(ScheduledDirectTask.java:26)
	at java.base/java.util.concurrent.FutureTask.run(FutureTask.java:264)
	at java.base/java.util.concurrent.ThreadPoolExecutor.runWorker(ThreadPoolExecutor.java:1130)
	at java.base/java.util.concurrent.ThreadPoolExecutor$Worker.run(ThreadPoolExecutor.java:630)
	at java.base/java.lang.Thread.run(Thread.java:832)
[rp-io-28] ERROR com.epam.reportportal.utils.SubscriptionUtils - Start test item completed with error 
retrofit2.adapter.rxjava2.HttpException: HTTP 406 Not Acceptable
	at retrofit2.adapter.rxjava2.BodyObservable$BodyObserver.onNext(BodyObservable.java:57)
	at retrofit2.adapter.rxjava2.BodyObservable$BodyObserver.onNext(BodyObservable.java:38)
	at retrofit2.adapter.rxjava2.CallExecuteObservable.subscribeActual(CallExecuteObservable.java:48)
	at io.reactivex.Observable.subscribe(Observable.java:12267)
	at retrofit2.adapter.rxjava2.BodyObservable.subscribeActual(BodyObservable.java:35)
	at io.reactivex.Observable.subscribe(Observable.java:12267)
	at io.reactivex.internal.operators.observable.ObservableSubscribeOn$SubscribeTask.run(ObservableSubscribeOn.java:96)
	at io.reactivex.internal.schedulers.ScheduledDirectTask.call(ScheduledDirectTask.java:38)
	at io.reactivex.internal.schedulers.ScheduledDirectTask.call(ScheduledDirectTask.java:26)
	at java.base/java.util.concurrent.FutureTask.run(FutureTask.java:264)
	at java.base/java.util.concurrent.ThreadPoolExecutor.runWorker(ThreadPoolExecutor.java:1130)
	at java.base/java.util.concurrent.ThreadPoolExecutor$Worker.run(ThreadPoolExecutor.java:630)
	at java.base/java.lang.Thread.run(Thread.java:832)
[rp-io-31] ERROR com.epam.reportportal.utils.SubscriptionUtils - [62] ReportPortal Finish test item execution error
retrofit2.adapter.rxjava2.HttpException: HTTP 406 Not Acceptable
	at retrofit2.adapter.rxjava2.BodyObservable$BodyObserver.onNext(BodyObservable.java:57)
	at retrofit2.adapter.rxjava2.BodyObservable$BodyObserver.onNext(BodyObservable.java:38)
	at retrofit2.adapter.rxjava2.CallExecuteObservable.subscribeActual(CallExecuteObservable.java:48)
	at io.reactivex.Observable.subscribe(Observable.java:12267)
	at retrofit2.adapter.rxjava2.BodyObservable.subscribeActual(BodyObservable.java:35)
	at io.reactivex.Observable.subscribe(Observable.java:12267)
	at io.reactivex.internal.operators.observable.ObservableSubscribeOn$SubscribeTask.run(ObservableSubscribeOn.java:96)
	at io.reactivex.internal.schedulers.ScheduledDirectTask.call(ScheduledDirectTask.java:38)
	at io.reactivex.internal.schedulers.ScheduledDirectTask.call(ScheduledDirectTask.java:26)
	at java.base/java.util.concurrent.FutureTask.run(FutureTask.java:264)
	at java.base/java.util.concurrent.ThreadPoolExecutor.runWorker(ThreadPoolExecutor.java:1130)
	at java.base/java.util.concurrent.ThreadPoolExecutor$Worker.run(ThreadPoolExecutor.java:630)
	at java.base/java.lang.Thread.run(Thread.java:832)
[rp-io-32] ERROR com.epam.reportportal.utils.SubscriptionUtils - Start test item completed with error 
retrofit2.adapter.rxjava2.HttpException: HTTP 406 Not Acceptable
	at retrofit2.adapter.rxjava2.BodyObservable$BodyObserver.onNext(BodyObservable.java:57)
	at retrofit2.adapter.rxjava2.BodyObservable$BodyObserver.onNext(BodyObservable.java:38)
	at retrofit2.adapter.rxjava2.CallExecuteObservable.subscribeActual(CallExecuteObservable.java:48)
	at io.reactivex.Observable.subscribe(Observable.java:12267)
	at retrofit2.adapter.rxjava2.BodyObservable.subscribeActual(BodyObservable.java:35)
	at io.reactivex.Observable.subscribe(Observable.java:12267)
	at io.reactivex.internal.operators.observable.ObservableSubscribeOn$SubscribeTask.run(ObservableSubscribeOn.java:96)
	at io.reactivex.internal.schedulers.ScheduledDirectTask.call(ScheduledDirectTask.java:38)
	at io.reactivex.internal.schedulers.ScheduledDirectTask.call(ScheduledDirectTask.java:26)
	at java.base/java.util.concurrent.FutureTask.run(FutureTask.java:264)
	at java.base/java.util.concurrent.ThreadPoolExecutor.runWorker(ThreadPoolExecutor.java:1130)
	at java.base/java.util.concurrent.ThreadPoolExecutor$Worker.run(ThreadPoolExecutor.java:630)
	at java.base/java.lang.Thread.run(Thread.java:832)
[rp-io-35] ERROR com.epam.reportportal.utils.SubscriptionUtils - [66] ReportPortal Finish test item execution error
retrofit2.adapter.rxjava2.HttpException: HTTP 406 Not Acceptable
	at retrofit2.adapter.rxjava2.BodyObservable$BodyObserver.onNext(BodyObservable.java:57)
	at retrofit2.adapter.rxjava2.BodyObservable$BodyObserver.onNext(BodyObservable.java:38)
	at retrofit2.adapter.rxjava2.CallExecuteObservable.subscribeActual(CallExecuteObservable.java:48)
	at io.reactivex.Observable.subscribe(Observable.java:12267)
	at retrofit2.adapter.rxjava2.BodyObservable.subscribeActual(BodyObservable.java:35)
	at io.reactivex.Observable.subscribe(Observable.java:12267)
	at io.reactivex.internal.operators.observable.ObservableSubscribeOn$SubscribeTask.run(ObservableSubscribeOn.java:96)
	at io.reactivex.internal.schedulers.ScheduledDirectTask.call(ScheduledDirectTask.java:38)
	at io.reactivex.internal.schedulers.ScheduledDirectTask.call(ScheduledDirectTask.java:26)
	at java.base/java.util.concurrent.FutureTask.run(FutureTask.java:264)
	at java.base/java.util.concurrent.ThreadPoolExecutor.runWorker(ThreadPoolExecutor.java:1130)
	at java.base/java.util.concurrent.ThreadPoolExecutor$Worker.run(ThreadPoolExecutor.java:630)
	at java.base/java.lang.Thread.run(Thread.java:832)
[rp-io-36] ERROR com.epam.reportportal.utils.SubscriptionUtils - Start test item completed with error 
retrofit2.adapter.rxjava2.HttpException: HTTP 406 Not Acceptable
	at retrofit2.adapter.rxjava2.BodyObservable$BodyObserver.onNext(BodyObservable.java:57)
	at retrofit2.adapter.rxjava2.BodyObservable$BodyObserver.onNext(BodyObservable.java:38)
	at retrofit2.adapter.rxjava2.CallExecuteObservable.subscribeActual(CallExecuteObservable.java:48)
	at io.reactivex.Observable.subscribe(Observable.java:12267)
	at retrofit2.adapter.rxjava2.BodyObservable.subscribeActual(BodyObservable.java:35)
	at io.reactivex.Observable.subscribe(Observable.java:12267)
	at io.reactivex.internal.operators.observable.ObservableSubscribeOn$SubscribeTask.run(ObservableSubscribeOn.java:96)
	at io.reactivex.internal.schedulers.ScheduledDirectTask.call(ScheduledDirectTask.java:38)
	at io.reactivex.internal.schedulers.ScheduledDirectTask.call(ScheduledDirectTask.java:26)
	at java.base/java.util.concurrent.FutureTask.run(FutureTask.java:264)
	at java.base/java.util.concurrent.ThreadPoolExecutor.runWorker(ThreadPoolExecutor.java:1130)
	at java.base/java.util.concurrent.ThreadPoolExecutor$Worker.run(ThreadPoolExecutor.java:630)
	at java.base/java.lang.Thread.run(Thread.java:832)
[rp-io-39] ERROR com.epam.reportportal.utils.SubscriptionUtils - [70] ReportPortal Finish test item execution error
retrofit2.adapter.rxjava2.HttpException: HTTP 406 Not Acceptable
	at retrofit2.adapter.rxjava2.BodyObservable$BodyObserver.onNext(BodyObservable.java:57)
	at retrofit2.adapter.rxjava2.BodyObservable$BodyObserver.onNext(BodyObservable.java:38)
	at retrofit2.adapter.rxjava2.CallExecuteObservable.subscribeActual(CallExecuteObservable.java:48)
	at io.reactivex.Observable.subscribe(Observable.java:12267)
	at retrofit2.adapter.rxjava2.BodyObservable.subscribeActual(BodyObservable.java:35)
	at io.reactivex.Observable.subscribe(Observable.java:12267)
	at io.reactivex.internal.operators.observable.ObservableSubscribeOn$SubscribeTask.run(ObservableSubscribeOn.java:96)
	at io.reactivex.internal.schedulers.ScheduledDirectTask.call(ScheduledDirectTask.java:38)
	at io.reactivex.internal.schedulers.ScheduledDirectTask.call(ScheduledDirectTask.java:26)
	at java.base/java.util.concurrent.FutureTask.run(FutureTask.java:264)
	at java.base/java.util.concurrent.ThreadPoolExecutor.runWorker(ThreadPoolExecutor.java:1130)
	at java.base/java.util.concurrent.ThreadPoolExecutor$Worker.run(ThreadPoolExecutor.java:630)
	at java.base/java.lang.Thread.run(Thread.java:832)
[rp-io-40] ERROR com.epam.reportportal.utils.SubscriptionUtils - Start test item completed with error 
retrofit2.adapter.rxjava2.HttpException: HTTP 406 Not Acceptable
	at retrofit2.adapter.rxjava2.BodyObservable$BodyObserver.onNext(BodyObservable.java:57)
	at retrofit2.adapter.rxjava2.BodyObservable$BodyObserver.onNext(BodyObservable.java:38)
	at retrofit2.adapter.rxjava2.CallExecuteObservable.subscribeActual(CallExecuteObservable.java:48)
	at io.reactivex.Observable.subscribe(Observable.java:12267)
	at retrofit2.adapter.rxjava2.BodyObservable.subscribeActual(BodyObservable.java:35)
	at io.reactivex.Observable.subscribe(Observable.java:12267)
	at io.reactivex.internal.operators.observable.ObservableSubscribeOn$SubscribeTask.run(ObservableSubscribeOn.java:96)
	at io.reactivex.internal.schedulers.ScheduledDirectTask.call(ScheduledDirectTask.java:38)
	at io.reactivex.internal.schedulers.ScheduledDirectTask.call(ScheduledDirectTask.java:26)
	at java.base/java.util.concurrent.FutureTask.run(FutureTask.java:264)
	at java.base/java.util.concurrent.ThreadPoolExecutor.runWorker(ThreadPoolExecutor.java:1130)
	at java.base/java.util.concurrent.ThreadPoolExecutor$Worker.run(ThreadPoolExecutor.java:630)
	at java.base/java.lang.Thread.run(Thread.java:832)
[rp-io-43] ERROR com.epam.reportportal.utils.SubscriptionUtils - [74] ReportPortal Finish test item execution error
retrofit2.adapter.rxjava2.HttpException: HTTP 406 Not Acceptable
	at retrofit2.adapter.rxjava2.BodyObservable$BodyObserver.onNext(BodyObservable.java:57)
	at retrofit2.adapter.rxjava2.BodyObservable$BodyObserver.onNext(BodyObservable.java:38)
	at retrofit2.adapter.rxjava2.CallExecuteObservable.subscribeActual(CallExecuteObservable.java:48)
	at io.reactivex.Observable.subscribe(Observable.java:12267)
	at retrofit2.adapter.rxjava2.BodyObservable.subscribeActual(BodyObservable.java:35)
	at io.reactivex.Observable.subscribe(Observable.java:12267)
	at io.reactivex.internal.operators.observable.ObservableSubscribeOn$SubscribeTask.run(ObservableSubscribeOn.java:96)
	at io.reactivex.internal.schedulers.ScheduledDirectTask.call(ScheduledDirectTask.java:38)
	at io.reactivex.internal.schedulers.ScheduledDirectTask.call(ScheduledDirectTask.java:26)
	at java.base/java.util.concurrent.FutureTask.run(FutureTask.java:264)
	at java.base/java.util.concurrent.ThreadPoolExecutor.runWorker(ThreadPoolExecutor.java:1130)
	at java.base/java.util.concurrent.ThreadPoolExecutor$Worker.run(ThreadPoolExecutor.java:630)
	at java.base/java.lang.Thread.run(Thread.java:832)
[rp-io-44] ERROR com.epam.reportportal.utils.SubscriptionUtils - Start test item completed with error 
retrofit2.adapter.rxjava2.HttpException: HTTP 406 Not Acceptable
	at retrofit2.adapter.rxjava2.BodyObservable$BodyObserver.onNext(BodyObservable.java:57)
	at retrofit2.adapter.rxjava2.BodyObservable$BodyObserver.onNext(BodyObservable.java:38)
	at retrofit2.adapter.rxjava2.CallExecuteObservable.subscribeActual(CallExecuteObservable.java:48)
	at io.reactivex.Observable.subscribe(Observable.java:12267)
	at retrofit2.adapter.rxjava2.BodyObservable.subscribeActual(BodyObservable.java:35)
	at io.reactivex.Observable.subscribe(Observable.java:12267)
	at io.reactivex.internal.operators.observable.ObservableSubscribeOn$SubscribeTask.run(ObservableSubscribeOn.java:96)
	at io.reactivex.internal.schedulers.ScheduledDirectTask.call(ScheduledDirectTask.java:38)
	at io.reactivex.internal.schedulers.ScheduledDirectTask.call(ScheduledDirectTask.java:26)
	at java.base/java.util.concurrent.FutureTask.run(FutureTask.java:264)
	at java.base/java.util.concurrent.ThreadPoolExecutor.runWorker(ThreadPoolExecutor.java:1130)
	at java.base/java.util.concurrent.ThreadPoolExecutor$Worker.run(ThreadPoolExecutor.java:630)
	at java.base/java.lang.Thread.run(Thread.java:832)
[rp-io-47] ERROR com.epam.reportportal.utils.SubscriptionUtils - [78] ReportPortal Finish test item execution error
retrofit2.adapter.rxjava2.HttpException: HTTP 406 Not Acceptable
	at retrofit2.adapter.rxjava2.BodyObservable$BodyObserver.onNext(BodyObservable.java:57)
	at retrofit2.adapter.rxjava2.BodyObservable$BodyObserver.onNext(BodyObservable.java:38)
	at retrofit2.adapter.rxjava2.CallExecuteObservable.subscribeActual(CallExecuteObservable.java:48)
	at io.reactivex.Observable.subscribe(Observable.java:12267)
	at retrofit2.adapter.rxjava2.BodyObservable.subscribeActual(BodyObservable.java:35)
	at io.reactivex.Observable.subscribe(Observable.java:12267)
	at io.reactivex.internal.operators.observable.ObservableSubscribeOn$SubscribeTask.run(ObservableSubscribeOn.java:96)
	at io.reactivex.internal.schedulers.ScheduledDirectTask.call(ScheduledDirectTask.java:38)
	at io.reactivex.internal.schedulers.ScheduledDirectTask.call(ScheduledDirectTask.java:26)
	at java.base/java.util.concurrent.FutureTask.run(FutureTask.java:264)
	at java.base/java.util.concurrent.ThreadPoolExecutor.runWorker(ThreadPoolExecutor.java:1130)
	at java.base/java.util.concurrent.ThreadPoolExecutor$Worker.run(ThreadPoolExecutor.java:630)
	at java.base/java.lang.Thread.run(Thread.java:832)
[rp-io-48] ERROR com.epam.reportportal.utils.SubscriptionUtils - Start test item completed with error 
retrofit2.adapter.rxjava2.HttpException: HTTP 406 Not Acceptable
	at retrofit2.adapter.rxjava2.BodyObservable$BodyObserver.onNext(BodyObservable.java:57)
	at retrofit2.adapter.rxjava2.BodyObservable$BodyObserver.onNext(BodyObservable.java:38)
	at retrofit2.adapter.rxjava2.CallExecuteObservable.subscribeActual(CallExecuteObservable.java:48)
	at io.reactivex.Observable.subscribe(Observable.java:12267)
	at retrofit2.adapter.rxjava2.BodyObservable.subscribeActual(BodyObservable.java:35)
	at io.reactivex.Observable.subscribe(Observable.java:12267)
	at io.reactivex.internal.operators.observable.ObservableSubscribeOn$SubscribeTask.run(ObservableSubscribeOn.java:96)
	at io.reactivex.internal.schedulers.ScheduledDirectTask.call(ScheduledDirectTask.java:38)
	at io.reactivex.internal.schedulers.ScheduledDirectTask.call(ScheduledDirectTask.java:26)
	at java.base/java.util.concurrent.FutureTask.run(FutureTask.java:264)
	at java.base/java.util.concurrent.ThreadPoolExecutor.runWorker(ThreadPoolExecutor.java:1130)
	at java.base/java.util.concurrent.ThreadPoolExecutor$Worker.run(ThreadPoolExecutor.java:630)
	at java.base/java.lang.Thread.run(Thread.java:832)
[rp-io-51] ERROR com.epam.reportportal.utils.SubscriptionUtils - [82] ReportPortal Finish test item execution error
retrofit2.adapter.rxjava2.HttpException: HTTP 406 Not Acceptable
	at retrofit2.adapter.rxjava2.BodyObservable$BodyObserver.onNext(BodyObservable.java:57)
	at retrofit2.adapter.rxjava2.BodyObservable$BodyObserver.onNext(BodyObservable.java:38)
	at retrofit2.adapter.rxjava2.CallExecuteObservable.subscribeActual(CallExecuteObservable.java:48)
	at io.reactivex.Observable.subscribe(Observable.java:12267)
	at retrofit2.adapter.rxjava2.BodyObservable.subscribeActual(BodyObservable.java:35)
	at io.reactivex.Observable.subscribe(Observable.java:12267)
	at io.reactivex.internal.operators.observable.ObservableSubscribeOn$SubscribeTask.run(ObservableSubscribeOn.java:96)
	at io.reactivex.internal.schedulers.ScheduledDirectTask.call(ScheduledDirectTask.java:38)
	at io.reactivex.internal.schedulers.ScheduledDirectTask.call(ScheduledDirectTask.java:26)
	at java.base/java.util.concurrent.FutureTask.run(FutureTask.java:264)
	at java.base/java.util.concurrent.ThreadPoolExecutor.runWorker(ThreadPoolExecutor.java:1130)
	at java.base/java.util.concurrent.ThreadPoolExecutor$Worker.run(ThreadPoolExecutor.java:630)
	at java.base/java.lang.Thread.run(Thread.java:832)
[rp-io-52] ERROR com.epam.reportportal.utils.SubscriptionUtils - Start test item completed with error 
retrofit2.adapter.rxjava2.HttpException: HTTP 406 Not Acceptable
	at retrofit2.adapter.rxjava2.BodyObservable$BodyObserver.onNext(BodyObservable.java:57)
	at retrofit2.adapter.rxjava2.BodyObservable$BodyObserver.onNext(BodyObservable.java:38)
	at retrofit2.adapter.rxjava2.CallExecuteObservable.subscribeActual(CallExecuteObservable.java:48)
	at io.reactivex.Observable.subscribe(Observable.java:12267)
	at retrofit2.adapter.rxjava2.BodyObservable.subscribeActual(BodyObservable.java:35)
	at io.reactivex.Observable.subscribe(Observable.java:12267)
	at io.reactivex.internal.operators.observable.ObservableSubscribeOn$SubscribeTask.run(ObservableSubscribeOn.java:96)
	at io.reactivex.internal.schedulers.ScheduledDirectTask.call(ScheduledDirectTask.java:38)
	at io.reactivex.internal.schedulers.ScheduledDirectTask.call(ScheduledDirectTask.java:26)
	at java.base/java.util.concurrent.FutureTask.run(FutureTask.java:264)
	at java.base/java.util.concurrent.ThreadPoolExecutor.runWorker(ThreadPoolExecutor.java:1130)
	at java.base/java.util.concurrent.ThreadPoolExecutor$Worker.run(ThreadPoolExecutor.java:630)
	at java.base/java.lang.Thread.run(Thread.java:832)
[rp-io-55] ERROR com.epam.reportportal.utils.SubscriptionUtils - [86] ReportPortal Finish test item execution error
retrofit2.adapter.rxjava2.HttpException: HTTP 406 Not Acceptable
	at retrofit2.adapter.rxjava2.BodyObservable$BodyObserver.onNext(BodyObservable.java:57)
	at retrofit2.adapter.rxjava2.BodyObservable$BodyObserver.onNext(BodyObservable.java:38)
	at retrofit2.adapter.rxjava2.CallExecuteObservable.subscribeActual(CallExecuteObservable.java:48)
	at io.reactivex.Observable.subscribe(Observable.java:12267)
	at retrofit2.adapter.rxjava2.BodyObservable.subscribeActual(BodyObservable.java:35)
	at io.reactivex.Observable.subscribe(Observable.java:12267)
	at io.reactivex.internal.operators.observable.ObservableSubscribeOn$SubscribeTask.run(ObservableSubscribeOn.java:96)
	at io.reactivex.internal.schedulers.ScheduledDirectTask.call(ScheduledDirectTask.java:38)
	at io.reactivex.internal.schedulers.ScheduledDirectTask.call(ScheduledDirectTask.java:26)
	at java.base/java.util.concurrent.FutureTask.run(FutureTask.java:264)
	at java.base/java.util.concurrent.ThreadPoolExecutor.runWorker(ThreadPoolExecutor.java:1130)
	at java.base/java.util.concurrent.ThreadPoolExecutor$Worker.run(ThreadPoolExecutor.java:630)
	at java.base/java.lang.Thread.run(Thread.java:832)
[rp-io-56] ERROR com.epam.reportportal.utils.SubscriptionUtils - Start test item completed with error 
retrofit2.adapter.rxjava2.HttpException: HTTP 406 Not Acceptable
	at retrofit2.adapter.rxjava2.BodyObservable$BodyObserver.onNext(BodyObservable.java:57)
	at retrofit2.adapter.rxjava2.BodyObservable$BodyObserver.onNext(BodyObservable.java:38)
	at retrofit2.adapter.rxjava2.CallExecuteObservable.subscribeActual(CallExecuteObservable.java:48)
	at io.reactivex.Observable.subscribe(Observable.java:12267)
	at retrofit2.adapter.rxjava2.BodyObservable.subscribeActual(BodyObservable.java:35)
	at io.reactivex.Observable.subscribe(Observable.java:12267)
	at io.reactivex.internal.operators.observable.ObservableSubscribeOn$SubscribeTask.run(ObservableSubscribeOn.java:96)
	at io.reactivex.internal.schedulers.ScheduledDirectTask.call(ScheduledDirectTask.java:38)
	at io.reactivex.internal.schedulers.ScheduledDirectTask.call(ScheduledDirectTask.java:26)
	at java.base/java.util.concurrent.FutureTask.run(FutureTask.java:264)
	at java.base/java.util.concurrent.ThreadPoolExecutor.runWorker(ThreadPoolExecutor.java:1130)
	at java.base/java.util.concurrent.ThreadPoolExecutor$Worker.run(ThreadPoolExecutor.java:630)
	at java.base/java.lang.Thread.run(Thread.java:832)
[rp-io-59] ERROR com.epam.reportportal.utils.SubscriptionUtils - [90] ReportPortal Finish test item execution error
retrofit2.adapter.rxjava2.HttpException: HTTP 406 Not Acceptable
	at retrofit2.adapter.rxjava2.BodyObservable$BodyObserver.onNext(BodyObservable.java:57)
	at retrofit2.adapter.rxjava2.BodyObservable$BodyObserver.onNext(BodyObservable.java:38)
	at retrofit2.adapter.rxjava2.CallExecuteObservable.subscribeActual(CallExecuteObservable.java:48)
	at io.reactivex.Observable.subscribe(Observable.java:12267)
	at retrofit2.adapter.rxjava2.BodyObservable.subscribeActual(BodyObservable.java:35)
	at io.reactivex.Observable.subscribe(Observable.java:12267)
	at io.reactivex.internal.operators.observable.ObservableSubscribeOn$SubscribeTask.run(ObservableSubscribeOn.java:96)
	at io.reactivex.internal.schedulers.ScheduledDirectTask.call(ScheduledDirectTask.java:38)
	at io.reactivex.internal.schedulers.ScheduledDirectTask.call(ScheduledDirectTask.java:26)
	at java.base/java.util.concurrent.FutureTask.run(FutureTask.java:264)
	at java.base/java.util.concurrent.ThreadPoolExecutor.runWorker(ThreadPoolExecutor.java:1130)
	at java.base/java.util.concurrent.ThreadPoolExecutor$Worker.run(ThreadPoolExecutor.java:630)
	at java.base/java.lang.Thread.run(Thread.java:832)
[rp-io-60] ERROR com.epam.reportportal.utils.SubscriptionUtils - Start test item completed with error 
retrofit2.adapter.rxjava2.HttpException: HTTP 406 Not Acceptable
	at retrofit2.adapter.rxjava2.BodyObservable$BodyObserver.onNext(BodyObservable.java:57)
	at retrofit2.adapter.rxjava2.BodyObservable$BodyObserver.onNext(BodyObservable.java:38)
	at retrofit2.adapter.rxjava2.CallExecuteObservable.subscribeActual(CallExecuteObservable.java:48)
	at io.reactivex.Observable.subscribe(Observable.java:12267)
	at retrofit2.adapter.rxjava2.BodyObservable.subscribeActual(BodyObservable.java:35)
	at io.reactivex.Observable.subscribe(Observable.java:12267)
	at io.reactivex.internal.operators.observable.ObservableSubscribeOn$SubscribeTask.run(ObservableSubscribeOn.java:96)
	at io.reactivex.internal.schedulers.ScheduledDirectTask.call(ScheduledDirectTask.java:38)
	at io.reactivex.internal.schedulers.ScheduledDirectTask.call(ScheduledDirectTask.java:26)
	at java.base/java.util.concurrent.FutureTask.run(FutureTask.java:264)
	at java.base/java.util.concurrent.ThreadPoolExecutor.runWorker(ThreadPoolExecutor.java:1130)
	at java.base/java.util.concurrent.ThreadPoolExecutor$Worker.run(ThreadPoolExecutor.java:630)
	at java.base/java.lang.Thread.run(Thread.java:832)
[rp-io-63] ERROR com.epam.reportportal.utils.SubscriptionUtils - [94] ReportPortal Finish test item execution error
retrofit2.adapter.rxjava2.HttpException: HTTP 406 Not Acceptable
	at retrofit2.adapter.rxjava2.BodyObservable$BodyObserver.onNext(BodyObservable.java:57)
	at retrofit2.adapter.rxjava2.BodyObservable$BodyObserver.onNext(BodyObservable.java:38)
	at retrofit2.adapter.rxjava2.CallExecuteObservable.subscribeActual(CallExecuteObservable.java:48)
	at io.reactivex.Observable.subscribe(Observable.java:12267)
	at retrofit2.adapter.rxjava2.BodyObservable.subscribeActual(BodyObservable.java:35)
	at io.reactivex.Observable.subscribe(Observable.java:12267)
	at io.reactivex.internal.operators.observable.ObservableSubscribeOn$SubscribeTask.run(ObservableSubscribeOn.java:96)
	at io.reactivex.internal.schedulers.ScheduledDirectTask.call(ScheduledDirectTask.java:38)
	at io.reactivex.internal.schedulers.ScheduledDirectTask.call(ScheduledDirectTask.java:26)
	at java.base/java.util.concurrent.FutureTask.run(FutureTask.java:264)
	at java.base/java.util.concurrent.ThreadPoolExecutor.runWorker(ThreadPoolExecutor.java:1130)
	at java.base/java.util.concurrent.ThreadPoolExecutor$Worker.run(ThreadPoolExecutor.java:630)
	at java.base/java.lang.Thread.run(Thread.java:832)
[rp-io-64] ERROR com.epam.reportportal.utils.SubscriptionUtils - Start test item completed with error 
retrofit2.adapter.rxjava2.HttpException: HTTP 406 Not Acceptable
	at retrofit2.adapter.rxjava2.BodyObservable$BodyObserver.onNext(BodyObservable.java:57)
	at retrofit2.adapter.rxjava2.BodyObservable$BodyObserver.onNext(BodyObservable.java:38)
	at retrofit2.adapter.rxjava2.CallExecuteObservable.subscribeActual(CallExecuteObservable.java:48)
	at io.reactivex.Observable.subscribe(Observable.java:12267)
	at retrofit2.adapter.rxjava2.BodyObservable.subscribeActual(BodyObservable.java:35)
	at io.reactivex.Observable.subscribe(Observable.java:12267)
	at io.reactivex.internal.operators.observable.ObservableSubscribeOn$SubscribeTask.run(ObservableSubscribeOn.java:96)
	at io.reactivex.internal.schedulers.ScheduledDirectTask.call(ScheduledDirectTask.java:38)
	at io.reactivex.internal.schedulers.ScheduledDirectTask.call(ScheduledDirectTask.java:26)
	at java.base/java.util.concurrent.FutureTask.run(FutureTask.java:264)
	at java.base/java.util.concurrent.ThreadPoolExecutor.runWorker(ThreadPoolExecutor.java:1130)
	at java.base/java.util.concurrent.ThreadPoolExecutor$Worker.run(ThreadPoolExecutor.java:630)
	at java.base/java.lang.Thread.run(Thread.java:832)
[rp-io-67] ERROR com.epam.reportportal.utils.SubscriptionUtils - [98] ReportPortal Finish test item execution error
retrofit2.adapter.rxjava2.HttpException: HTTP 406 Not Acceptable
	at retrofit2.adapter.rxjava2.BodyObservable$BodyObserver.onNext(BodyObservable.java:57)
	at retrofit2.adapter.rxjava2.BodyObservable$BodyObserver.onNext(BodyObservable.java:38)
	at retrofit2.adapter.rxjava2.CallExecuteObservable.subscribeActual(CallExecuteObservable.java:48)
	at io.reactivex.Observable.subscribe(Observable.java:12267)
	at retrofit2.adapter.rxjava2.BodyObservable.subscribeActual(BodyObservable.java:35)
	at io.reactivex.Observable.subscribe(Observable.java:12267)
	at io.reactivex.internal.operators.observable.ObservableSubscribeOn$SubscribeTask.run(ObservableSubscribeOn.java:96)
	at io.reactivex.internal.schedulers.ScheduledDirectTask.call(ScheduledDirectTask.java:38)
	at io.reactivex.internal.schedulers.ScheduledDirectTask.call(ScheduledDirectTask.java:26)
	at java.base/java.util.concurrent.FutureTask.run(FutureTask.java:264)
	at java.base/java.util.concurrent.ThreadPoolExecutor.runWorker(ThreadPoolExecutor.java:1130)
	at java.base/java.util.concurrent.ThreadPoolExecutor$Worker.run(ThreadPoolExecutor.java:630)
	at java.base/java.lang.Thread.run(Thread.java:832)
[rp-io-68] ERROR com.epam.reportportal.utils.SubscriptionUtils - Start test item completed with error 
retrofit2.adapter.rxjava2.HttpException: HTTP 406 Not Acceptable
	at retrofit2.adapter.rxjava2.BodyObservable$BodyObserver.onNext(BodyObservable.java:57)
	at retrofit2.adapter.rxjava2.BodyObservable$BodyObserver.onNext(BodyObservable.java:38)
	at retrofit2.adapter.rxjava2.CallExecuteObservable.subscribeActual(CallExecuteObservable.java:48)
	at io.reactivex.Observable.subscribe(Observable.java:12267)
	at retrofit2.adapter.rxjava2.BodyObservable.subscribeActual(BodyObservable.java:35)
	at io.reactivex.Observable.subscribe(Observable.java:12267)
	at io.reactivex.internal.operators.observable.ObservableSubscribeOn$SubscribeTask.run(ObservableSubscribeOn.java:96)
	at io.reactivex.internal.schedulers.ScheduledDirectTask.call(ScheduledDirectTask.java:38)
	at io.reactivex.internal.schedulers.ScheduledDirectTask.call(ScheduledDirectTask.java:26)
	at java.base/java.util.concurrent.FutureTask.run(FutureTask.java:264)
	at java.base/java.util.concurrent.ThreadPoolExecutor.runWorker(ThreadPoolExecutor.java:1130)
	at java.base/java.util.concurrent.ThreadPoolExecutor$Worker.run(ThreadPoolExecutor.java:630)
	at java.base/java.lang.Thread.run(Thread.java:832)
[rp-io-71] ERROR com.epam.reportportal.utils.SubscriptionUtils - [102] ReportPortal Finish test item execution error
retrofit2.adapter.rxjava2.HttpException: HTTP 406 Not Acceptable
	at retrofit2.adapter.rxjava2.BodyObservable$BodyObserver.onNext(BodyObservable.java:57)
	at retrofit2.adapter.rxjava2.BodyObservable$BodyObserver.onNext(BodyObservable.java:38)
	at retrofit2.adapter.rxjava2.CallExecuteObservable.subscribeActual(CallExecuteObservable.java:48)
	at io.reactivex.Observable.subscribe(Observable.java:12267)
	at retrofit2.adapter.rxjava2.BodyObservable.subscribeActual(BodyObservable.java:35)
	at io.reactivex.Observable.subscribe(Observable.java:12267)
	at io.reactivex.internal.operators.observable.ObservableSubscribeOn$SubscribeTask.run(ObservableSubscribeOn.java:96)
	at io.reactivex.internal.schedulers.ScheduledDirectTask.call(ScheduledDirectTask.java:38)
	at io.reactivex.internal.schedulers.ScheduledDirectTask.call(ScheduledDirectTask.java:26)
	at java.base/java.util.concurrent.FutureTask.run(FutureTask.java:264)
	at java.base/java.util.concurrent.ThreadPoolExecutor.runWorker(ThreadPoolExecutor.java:1130)
	at java.base/java.util.concurrent.ThreadPoolExecutor$Worker.run(ThreadPoolExecutor.java:630)
	at java.base/java.lang.Thread.run(Thread.java:832)
[rp-io-72] ERROR com.epam.reportportal.utils.SubscriptionUtils - Start test item completed with error 
retrofit2.adapter.rxjava2.HttpException: HTTP 406 Not Acceptable
	at retrofit2.adapter.rxjava2.BodyObservable$BodyObserver.onNext(BodyObservable.java:57)
	at retrofit2.adapter.rxjava2.BodyObservable$BodyObserver.onNext(BodyObservable.java:38)
	at retrofit2.adapter.rxjava2.CallExecuteObservable.subscribeActual(CallExecuteObservable.java:48)
	at io.reactivex.Observable.subscribe(Observable.java:12267)
	at retrofit2.adapter.rxjava2.BodyObservable.subscribeActual(BodyObservable.java:35)
	at io.reactivex.Observable.subscribe(Observable.java:12267)
	at io.reactivex.internal.operators.observable.ObservableSubscribeOn$SubscribeTask.run(ObservableSubscribeOn.java:96)
	at io.reactivex.internal.schedulers.ScheduledDirectTask.call(ScheduledDirectTask.java:38)
	at io.reactivex.internal.schedulers.ScheduledDirectTask.call(ScheduledDirectTask.java:26)
	at java.base/java.util.concurrent.FutureTask.run(FutureTask.java:264)
	at java.base/java.util.concurrent.ThreadPoolExecutor.runWorker(ThreadPoolExecutor.java:1130)
	at java.base/java.util.concurrent.ThreadPoolExecutor$Worker.run(ThreadPoolExecutor.java:630)
	at java.base/java.lang.Thread.run(Thread.java:832)
[rp-io-75] ERROR com.epam.reportportal.utils.SubscriptionUtils - [106] ReportPortal Finish test item execution error
retrofit2.adapter.rxjava2.HttpException: HTTP 406 Not Acceptable
	at retrofit2.adapter.rxjava2.BodyObservable$BodyObserver.onNext(BodyObservable.java:57)
	at retrofit2.adapter.rxjava2.BodyObservable$BodyObserver.onNext(BodyObservable.java:38)
	at retrofit2.adapter.rxjava2.CallExecuteObservable.subscribeActual(CallExecuteObservable.java:48)
	at io.reactivex.Observable.subscribe(Observable.java:12267)
	at retrofit2.adapter.rxjava2.BodyObservable.subscribeActual(BodyObservable.java:35)
	at io.reactivex.Observable.subscribe(Observable.java:12267)
	at io.reactivex.internal.operators.observable.ObservableSubscribeOn$SubscribeTask.run(ObservableSubscribeOn.java:96)
	at io.reactivex.internal.schedulers.ScheduledDirectTask.call(ScheduledDirectTask.java:38)
	at io.reactivex.internal.schedulers.ScheduledDirectTask.call(ScheduledDirectTask.java:26)
	at java.base/java.util.concurrent.FutureTask.run(FutureTask.java:264)
	at java.base/java.util.concurrent.ThreadPoolExecutor.runWorker(ThreadPoolExecutor.java:1130)
	at java.base/java.util.concurrent.ThreadPoolExecutor$Worker.run(ThreadPoolExecutor.java:630)
	at java.base/java.lang.Thread.run(Thread.java:832)
[rp-io-77] ERROR com.epam.reportportal.utils.SubscriptionUtils - [108] ReportPortal Finish test item execution error
retrofit2.adapter.rxjava2.HttpException: HTTP 406 Not Acceptable
	at retrofit2.adapter.rxjava2.BodyObservable$BodyObserver.onNext(BodyObservable.java:57)
	at retrofit2.adapter.rxjava2.BodyObservable$BodyObserver.onNext(BodyObservable.java:38)
	at retrofit2.adapter.rxjava2.CallExecuteObservable.subscribeActual(CallExecuteObservable.java:48)
	at io.reactivex.Observable.subscribe(Observable.java:12267)
	at retrofit2.adapter.rxjava2.BodyObservable.subscribeActual(BodyObservable.java:35)
	at io.reactivex.Observable.subscribe(Observable.java:12267)
	at io.reactivex.internal.operators.observable.ObservableSubscribeOn$SubscribeTask.run(ObservableSubscribeOn.java:96)
	at io.reactivex.internal.schedulers.ScheduledDirectTask.call(ScheduledDirectTask.java:38)
	at io.reactivex.internal.schedulers.ScheduledDirectTask.call(ScheduledDirectTask.java:26)
	at java.base/java.util.concurrent.FutureTask.run(FutureTask.java:264)
	at java.base/java.util.concurrent.ThreadPoolExecutor.runWorker(ThreadPoolExecutor.java:1130)
	at java.base/java.util.concurrent.ThreadPoolExecutor$Worker.run(ThreadPoolExecutor.java:630)
	at java.base/java.lang.Thread.run(Thread.java:832)
]]></system-err>
</testsuite>
